{"/Users/edenarielguzmanandia/Projects/SmartBiometricAuthenticator/frontend/src/setupAuthBackground.ts": {"path":"/Users/edenarielguzmanandia/Projects/SmartBiometricAuthenticator/frontend/src/setupAuthBackground.ts","all":false,"statementMap":{"3":{"start":{"line":4,"column":0},"end":{"line":4,"column":44}},"4":{"start":{"line":5,"column":0},"end":{"line":5,"column":91}},"9":{"start":{"line":10,"column":0},"end":{"line":10,"column":45}},"10":{"start":{"line":11,"column":0},"end":{"line":11,"column":69}},"11":{"start":{"line":12,"column":0},"end":{"line":12,"column":13}},"12":{"start":{"line":13,"column":0},"end":{"line":13,"column":76}},"13":{"start":{"line":14,"column":0},"end":{"line":14,"column":66}},"14":{"start":{"line":15,"column":0},"end":{"line":15,"column":45}},"15":{"start":{"line":16,"column":0},"end":{"line":16,"column":22}},"16":{"start":{"line":17,"column":0},"end":{"line":17,"column":24}},"17":{"start":{"line":18,"column":0},"end":{"line":18,"column":4}},"18":{"start":{"line":19,"column":0},"end":{"line":19,"column":1}}},"s":{"3":1,"4":1,"9":1,"10":2,"11":2,"12":2,"13":2,"14":2,"15":2,"16":2,"17":2,"18":2},"branchMap":{"0":{"type":"branch","line":10,"loc":{"start":{"line":10,"column":7},"end":{"line":19,"column":1}},"locations":[{"start":{"line":10,"column":7},"end":{"line":19,"column":1}}]},"1":{"type":"branch","line":13,"loc":{"start":{"line":13,"column":4},"end":{"line":13,"column":36}},"locations":[{"start":{"line":13,"column":4},"end":{"line":13,"column":36}}]},"2":{"type":"branch","line":13,"loc":{"start":{"line":13,"column":32},"end":{"line":13,"column":46}},"locations":[{"start":{"line":13,"column":32},"end":{"line":13,"column":46}}]},"3":{"type":"branch","line":13,"loc":{"start":{"line":13,"column":36},"end":{"line":13,"column":76}},"locations":[{"start":{"line":13,"column":36},"end":{"line":13,"column":76}}]}},"b":{"0":[2],"1":[1],"2":[1],"3":[1]},"fnMap":{"0":{"name":"setupAuthBackground","decl":{"start":{"line":10,"column":7},"end":{"line":19,"column":1}},"loc":{"start":{"line":10,"column":7},"end":{"line":19,"column":1}},"line":10}},"f":{"0":2}}
,"/Users/edenarielguzmanandia/Projects/SmartBiometricAuthenticator/frontend/src/api/authApi.ts": {"path":"/Users/edenarielguzmanandia/Projects/SmartBiometricAuthenticator/frontend/src/api/authApi.ts","all":false,"statementMap":{"0":{"start":{"line":1,"column":0},"end":{"line":1,"column":42}},"1":{"start":{"line":2,"column":0},"end":{"line":2,"column":43}},"2":{"start":{"line":3,"column":0},"end":{"line":3,"column":65}},"11":{"start":{"line":12,"column":0},"end":{"line":12,"column":55}},"12":{"start":{"line":13,"column":0},"end":{"line":13,"column":65}},"13":{"start":{"line":14,"column":0},"end":{"line":14,"column":23}},"14":{"start":{"line":15,"column":0},"end":{"line":15,"column":14}},"15":{"start":{"line":16,"column":0},"end":{"line":16,"column":1}},"17":{"start":{"line":18,"column":0},"end":{"line":18,"column":35}},"18":{"start":{"line":19,"column":0},"end":{"line":19,"column":16}},"19":{"start":{"line":20,"column":0},"end":{"line":20,"column":19}},"20":{"start":{"line":21,"column":0},"end":{"line":21,"column":27}},"21":{"start":{"line":22,"column":0},"end":{"line":22,"column":72}},"22":{"start":{"line":23,"column":0},"end":{"line":23,"column":10}},"23":{"start":{"line":24,"column":0},"end":{"line":24,"column":13}},"24":{"start":{"line":25,"column":0},"end":{"line":25,"column":5}},"25":{"start":{"line":26,"column":0},"end":{"line":26,"column":34}},"26":{"start":{"line":27,"column":0},"end":{"line":27,"column":28}},"27":{"start":{"line":28,"column":0},"end":{"line":28,"column":14}},"28":{"start":{"line":29,"column":0},"end":{"line":29,"column":1}},"30":{"start":{"line":31,"column":0},"end":{"line":31,"column":48}},"35":{"start":{"line":36,"column":0},"end":{"line":36,"column":28}},"36":{"start":{"line":37,"column":0},"end":{"line":37,"column":83}},"37":{"start":{"line":38,"column":0},"end":{"line":38,"column":34}},"38":{"start":{"line":39,"column":0},"end":{"line":39,"column":28}},"39":{"start":{"line":40,"column":0},"end":{"line":40,"column":14}},"40":{"start":{"line":41,"column":0},"end":{"line":41,"column":1}}},"s":{"0":1,"1":1,"2":1,"11":1,"12":1,"13":1,"14":1,"15":1,"17":1,"18":1,"19":1,"20":1,"21":1,"22":1,"23":1,"24":1,"25":1,"26":1,"27":1,"28":1,"30":1,"35":1,"36":1,"37":1,"38":1,"39":1,"40":1},"branchMap":{"0":{"type":"branch","line":12,"loc":{"start":{"line":12,"column":0},"end":{"line":16,"column":1}},"locations":[{"start":{"line":12,"column":0},"end":{"line":16,"column":1}}]},"1":{"type":"branch","line":18,"loc":{"start":{"line":18,"column":0},"end":{"line":29,"column":1}},"locations":[{"start":{"line":18,"column":0},"end":{"line":29,"column":1}}]},"2":{"type":"branch","line":31,"loc":{"start":{"line":31,"column":0},"end":{"line":41,"column":1}},"locations":[{"start":{"line":31,"column":0},"end":{"line":41,"column":1}}]}},"b":{"0":[1],"1":[1],"2":[1]},"fnMap":{"0":{"name":"fetchMe","decl":{"start":{"line":12,"column":0},"end":{"line":16,"column":1}},"loc":{"start":{"line":12,"column":0},"end":{"line":16,"column":1}},"line":12},"1":{"name":"loginRequest","decl":{"start":{"line":18,"column":0},"end":{"line":29,"column":1}},"loc":{"start":{"line":18,"column":0},"end":{"line":29,"column":1}},"line":18},"2":{"name":"registerRequest","decl":{"start":{"line":31,"column":0},"end":{"line":41,"column":1}},"loc":{"start":{"line":31,"column":0},"end":{"line":41,"column":1}},"line":31}},"f":{"0":1,"1":1,"2":1}}
,"/Users/edenarielguzmanandia/Projects/SmartBiometricAuthenticator/frontend/src/api/authToken.ts": {"path":"/Users/edenarielguzmanandia/Projects/SmartBiometricAuthenticator/frontend/src/api/authToken.ts","all":false,"statementMap":{"0":{"start":{"line":1,"column":0},"end":{"line":1,"column":44}},"2":{"start":{"line":3,"column":0},"end":{"line":3,"column":47}},"3":{"start":{"line":4,"column":0},"end":{"line":4,"column":7}},"4":{"start":{"line":5,"column":0},"end":{"line":5,"column":45}},"5":{"start":{"line":6,"column":0},"end":{"line":6,"column":11}},"6":{"start":{"line":7,"column":0},"end":{"line":7,"column":16}},"7":{"start":{"line":8,"column":0},"end":{"line":8,"column":3}},"8":{"start":{"line":9,"column":0},"end":{"line":9,"column":1}},"10":{"start":{"line":11,"column":0},"end":{"line":11,"column":51}},"11":{"start":{"line":12,"column":0},"end":{"line":12,"column":7}},"12":{"start":{"line":13,"column":0},"end":{"line":13,"column":45}},"13":{"start":{"line":14,"column":0},"end":{"line":14,"column":11}},"15":{"start":{"line":16,"column":0},"end":{"line":16,"column":3}},"16":{"start":{"line":17,"column":0},"end":{"line":17,"column":1}},"18":{"start":{"line":19,"column":0},"end":{"line":19,"column":40}},"19":{"start":{"line":20,"column":0},"end":{"line":20,"column":7}},"20":{"start":{"line":21,"column":0},"end":{"line":21,"column":41}},"21":{"start":{"line":22,"column":0},"end":{"line":22,"column":11}},"23":{"start":{"line":24,"column":0},"end":{"line":24,"column":3}},"24":{"start":{"line":25,"column":0},"end":{"line":25,"column":1}}},"s":{"0":1,"2":1,"3":4,"4":4,"5":4,"6":1,"7":1,"8":4,"10":1,"11":2,"12":2,"13":2,"15":1,"16":2,"18":1,"19":2,"20":2,"21":2,"23":1,"24":2},"branchMap":{"0":{"type":"branch","line":3,"loc":{"start":{"line":3,"column":7},"end":{"line":9,"column":1}},"locations":[{"start":{"line":3,"column":7},"end":{"line":9,"column":1}}]},"1":{"type":"branch","line":6,"loc":{"start":{"line":6,"column":2},"end":{"line":8,"column":3}},"locations":[{"start":{"line":6,"column":2},"end":{"line":8,"column":3}}]},"2":{"type":"branch","line":11,"loc":{"start":{"line":11,"column":7},"end":{"line":17,"column":1}},"locations":[{"start":{"line":11,"column":7},"end":{"line":17,"column":1}}]},"3":{"type":"branch","line":14,"loc":{"start":{"line":14,"column":2},"end":{"line":16,"column":3}},"locations":[{"start":{"line":14,"column":2},"end":{"line":16,"column":3}}]},"4":{"type":"branch","line":19,"loc":{"start":{"line":19,"column":7},"end":{"line":25,"column":1}},"locations":[{"start":{"line":19,"column":7},"end":{"line":25,"column":1}}]},"5":{"type":"branch","line":22,"loc":{"start":{"line":22,"column":2},"end":{"line":24,"column":3}},"locations":[{"start":{"line":22,"column":2},"end":{"line":24,"column":3}}]}},"b":{"0":[4],"1":[1],"2":[2],"3":[1],"4":[2],"5":[1]},"fnMap":{"0":{"name":"getAuthToken","decl":{"start":{"line":3,"column":7},"end":{"line":9,"column":1}},"loc":{"start":{"line":3,"column":7},"end":{"line":9,"column":1}},"line":3},"1":{"name":"setAuthToken","decl":{"start":{"line":11,"column":7},"end":{"line":17,"column":1}},"loc":{"start":{"line":11,"column":7},"end":{"line":17,"column":1}},"line":11},"2":{"name":"clearAuthToken","decl":{"start":{"line":19,"column":7},"end":{"line":25,"column":1}},"loc":{"start":{"line":19,"column":7},"end":{"line":25,"column":1}},"line":19}},"f":{"0":4,"1":2,"2":2}}
,"/Users/edenarielguzmanandia/Projects/SmartBiometricAuthenticator/frontend/src/api/resolveBackendUrl.ts": {"path":"/Users/edenarielguzmanandia/Projects/SmartBiometricAuthenticator/frontend/src/api/resolveBackendUrl.ts","all":false,"statementMap":{"10":{"start":{"line":11,"column":0},"end":{"line":11,"column":68}},"11":{"start":{"line":12,"column":0},"end":{"line":12,"column":47}},"12":{"start":{"line":13,"column":0},"end":{"line":13,"column":17}},"13":{"start":{"line":14,"column":0},"end":{"line":14,"column":39}},"14":{"start":{"line":15,"column":0},"end":{"line":15,"column":3}},"15":{"start":{"line":16,"column":0},"end":{"line":16,"column":34}},"16":{"start":{"line":17,"column":0},"end":{"line":17,"column":52}},"17":{"start":{"line":18,"column":0},"end":{"line":18,"column":45}},"18":{"start":{"line":19,"column":0},"end":{"line":19,"column":3}},"19":{"start":{"line":20,"column":0},"end":{"line":20,"column":33}},"20":{"start":{"line":21,"column":0},"end":{"line":21,"column":1}},"28":{"start":{"line":29,"column":0},"end":{"line":29,"column":49}},"29":{"start":{"line":30,"column":0},"end":{"line":30,"column":30}},"30":{"start":{"line":31,"column":0},"end":{"line":31,"column":53}},"31":{"start":{"line":32,"column":0},"end":{"line":32,"column":29}},"32":{"start":{"line":33,"column":0},"end":{"line":33,"column":84}},"33":{"start":{"line":34,"column":0},"end":{"line":34,"column":51}},"34":{"start":{"line":35,"column":0},"end":{"line":35,"column":5}},"35":{"start":{"line":36,"column":0},"end":{"line":36,"column":1}}},"s":{"10":1,"11":5,"12":5,"13":1,"14":1,"15":5,"16":3,"17":3,"18":3,"19":1,"20":1,"28":1,"29":1,"30":1,"31":1,"32":1,"33":1,"34":1,"35":1},"branchMap":{"0":{"type":"branch","line":11,"loc":{"start":{"line":11,"column":7},"end":{"line":21,"column":1}},"locations":[{"start":{"line":11,"column":7},"end":{"line":21,"column":1}}]},"1":{"type":"branch","line":12,"loc":{"start":{"line":12,"column":24},"end":{"line":12,"column":45}},"locations":[{"start":{"line":12,"column":24},"end":{"line":12,"column":45}}]},"2":{"type":"branch","line":13,"loc":{"start":{"line":13,"column":16},"end":{"line":15,"column":3}},"locations":[{"start":{"line":13,"column":16},"end":{"line":15,"column":3}}]},"3":{"type":"branch","line":15,"loc":{"start":{"line":15,"column":2},"end":{"line":16,"column":18}},"locations":[{"start":{"line":15,"column":2},"end":{"line":16,"column":18}}]},"4":{"type":"branch","line":16,"loc":{"start":{"line":16,"column":11},"end":{"line":16,"column":33}},"locations":[{"start":{"line":16,"column":11},"end":{"line":16,"column":33}}]},"5":{"type":"branch","line":16,"loc":{"start":{"line":16,"column":33},"end":{"line":19,"column":3}},"locations":[{"start":{"line":16,"column":33},"end":{"line":19,"column":3}}]},"6":{"type":"branch","line":17,"loc":{"start":{"line":17,"column":22},"end":{"line":17,"column":40}},"locations":[{"start":{"line":17,"column":22},"end":{"line":17,"column":40}}]},"7":{"type":"branch","line":17,"loc":{"start":{"line":17,"column":40},"end":{"line":17,"column":52}},"locations":[{"start":{"line":17,"column":40},"end":{"line":17,"column":52}}]},"8":{"type":"branch","line":19,"loc":{"start":{"line":19,"column":2},"end":{"line":21,"column":1}},"locations":[{"start":{"line":19,"column":2},"end":{"line":21,"column":1}}]},"9":{"type":"branch","line":29,"loc":{"start":{"line":29,"column":7},"end":{"line":36,"column":1}},"locations":[{"start":{"line":29,"column":7},"end":{"line":36,"column":1}}]},"10":{"type":"branch","line":33,"loc":{"start":{"line":33,"column":63},"end":{"line":33,"column":84}},"locations":[{"start":{"line":33,"column":63},"end":{"line":33,"column":84}}]}},"b":{"0":[5],"1":[1],"2":[1],"3":[4],"4":[3],"5":[3],"6":[1],"7":[2],"8":[1],"9":[1],"10":[0]},"fnMap":{"0":{"name":"buildBackendBaseUrl","decl":{"start":{"line":11,"column":7},"end":{"line":21,"column":1}},"loc":{"start":{"line":11,"column":7},"end":{"line":21,"column":1}},"line":11},"1":{"name":"resolveBackendBaseUrl","decl":{"start":{"line":29,"column":7},"end":{"line":36,"column":1}},"loc":{"start":{"line":29,"column":7},"end":{"line":36,"column":1}},"line":29}},"f":{"0":5,"1":1}}
,"/Users/edenarielguzmanandia/Projects/SmartBiometricAuthenticator/frontend/src/api/sessionUser.ts": {"path":"/Users/edenarielguzmanandia/Projects/SmartBiometricAuthenticator/frontend/src/api/sessionUser.ts","all":false,"statementMap":{"0":{"start":{"line":1,"column":0},"end":{"line":1,"column":43}},"14":{"start":{"line":15,"column":0},"end":{"line":15,"column":54}},"15":{"start":{"line":16,"column":0},"end":{"line":16,"column":7}},"16":{"start":{"line":17,"column":0},"end":{"line":17,"column":50}},"17":{"start":{"line":18,"column":0},"end":{"line":18,"column":26}},"18":{"start":{"line":19,"column":0},"end":{"line":19,"column":42}},"19":{"start":{"line":20,"column":0},"end":{"line":20,"column":11}},"20":{"start":{"line":21,"column":0},"end":{"line":21,"column":16}},"21":{"start":{"line":22,"column":0},"end":{"line":22,"column":3}},"22":{"start":{"line":23,"column":0},"end":{"line":23,"column":1}},"24":{"start":{"line":25,"column":0},"end":{"line":25,"column":57}},"25":{"start":{"line":26,"column":0},"end":{"line":26,"column":7}},"26":{"start":{"line":27,"column":0},"end":{"line":27,"column":60}},"27":{"start":{"line":28,"column":0},"end":{"line":28,"column":11}},"29":{"start":{"line":30,"column":0},"end":{"line":30,"column":3}},"30":{"start":{"line":31,"column":0},"end":{"line":31,"column":1}},"32":{"start":{"line":33,"column":0},"end":{"line":33,"column":42}},"33":{"start":{"line":34,"column":0},"end":{"line":34,"column":7}},"34":{"start":{"line":35,"column":0},"end":{"line":35,"column":41}},"35":{"start":{"line":36,"column":0},"end":{"line":36,"column":11}},"37":{"start":{"line":38,"column":0},"end":{"line":38,"column":3}},"38":{"start":{"line":39,"column":0},"end":{"line":39,"column":1}},"40":{"start":{"line":41,"column":0},"end":{"line":41,"column":71}},"41":{"start":{"line":42,"column":0},"end":{"line":42,"column":31}},"42":{"start":{"line":43,"column":0},"end":{"line":43,"column":19}},"43":{"start":{"line":44,"column":0},"end":{"line":44,"column":41}},"44":{"start":{"line":45,"column":0},"end":{"line":45,"column":1}}},"s":{"0":1,"14":1,"15":9,"16":9,"17":9,"18":4,"19":9,"20":2,"21":2,"22":9,"24":1,"25":4,"26":4,"27":4,"29":1,"30":4,"32":1,"33":2,"34":2,"35":2,"37":1,"38":2,"40":1,"41":2,"42":2,"43":1,"44":1},"branchMap":{"0":{"type":"branch","line":15,"loc":{"start":{"line":15,"column":7},"end":{"line":23,"column":1}},"locations":[{"start":{"line":15,"column":7},"end":{"line":23,"column":1}}]},"1":{"type":"branch","line":18,"loc":{"start":{"line":18,"column":14},"end":{"line":20,"column":10}},"locations":[{"start":{"line":18,"column":14},"end":{"line":20,"column":10}}]},"2":{"type":"branch","line":20,"loc":{"start":{"line":20,"column":2},"end":{"line":22,"column":3}},"locations":[{"start":{"line":20,"column":2},"end":{"line":22,"column":3}}]},"3":{"type":"branch","line":25,"loc":{"start":{"line":25,"column":7},"end":{"line":31,"column":1}},"locations":[{"start":{"line":25,"column":7},"end":{"line":31,"column":1}}]},"4":{"type":"branch","line":28,"loc":{"start":{"line":28,"column":2},"end":{"line":30,"column":3}},"locations":[{"start":{"line":28,"column":2},"end":{"line":30,"column":3}}]},"5":{"type":"branch","line":33,"loc":{"start":{"line":33,"column":7},"end":{"line":39,"column":1}},"locations":[{"start":{"line":33,"column":7},"end":{"line":39,"column":1}}]},"6":{"type":"branch","line":36,"loc":{"start":{"line":36,"column":2},"end":{"line":38,"column":3}},"locations":[{"start":{"line":36,"column":2},"end":{"line":38,"column":3}}]},"7":{"type":"branch","line":41,"loc":{"start":{"line":41,"column":7},"end":{"line":45,"column":1}},"locations":[{"start":{"line":41,"column":7},"end":{"line":45,"column":1}}]},"8":{"type":"branch","line":43,"loc":{"start":{"line":43,"column":12},"end":{"line":45,"column":1}},"locations":[{"start":{"line":43,"column":12},"end":{"line":45,"column":1}}]}},"b":{"0":[9],"1":[4],"2":[2],"3":[4],"4":[1],"5":[2],"6":[1],"7":[2],"8":[1]},"fnMap":{"0":{"name":"getSessionUser","decl":{"start":{"line":15,"column":7},"end":{"line":23,"column":1}},"loc":{"start":{"line":15,"column":7},"end":{"line":23,"column":1}},"line":15},"1":{"name":"setSessionUser","decl":{"start":{"line":25,"column":7},"end":{"line":31,"column":1}},"loc":{"start":{"line":25,"column":7},"end":{"line":31,"column":1}},"line":25},"2":{"name":"clearSessionUser","decl":{"start":{"line":33,"column":7},"end":{"line":39,"column":1}},"loc":{"start":{"line":33,"column":7},"end":{"line":39,"column":1}},"line":33},"3":{"name":"mergeSessionUser","decl":{"start":{"line":41,"column":7},"end":{"line":45,"column":1}},"loc":{"start":{"line":41,"column":7},"end":{"line":45,"column":1}},"line":41}},"f":{"0":9,"1":4,"2":2,"3":2}}
,"/Users/edenarielguzmanandia/Projects/SmartBiometricAuthenticator/frontend/src/features/cameras/snapshotErrorMessage.ts": {"path":"/Users/edenarielguzmanandia/Projects/SmartBiometricAuthenticator/frontend/src/features/cameras/snapshotErrorMessage.ts","all":false,"statementMap":{"0":{"start":{"line":1,"column":0},"end":{"line":1,"column":26}},"2":{"start":{"line":3,"column":0},"end":{"line":3,"column":60}},"3":{"start":{"line":4,"column":0},"end":{"line":4,"column":40}},"4":{"start":{"line":5,"column":0},"end":{"line":5,"column":23}},"5":{"start":{"line":6,"column":0},"end":{"line":6,"column":3}},"6":{"start":{"line":7,"column":0},"end":{"line":7,"column":43}},"7":{"start":{"line":8,"column":0},"end":{"line":8,"column":32}},"8":{"start":{"line":9,"column":0},"end":{"line":9,"column":55}},"9":{"start":{"line":10,"column":0},"end":{"line":10,"column":74}},"10":{"start":{"line":11,"column":0},"end":{"line":11,"column":24}},"11":{"start":{"line":12,"column":0},"end":{"line":12,"column":5}},"12":{"start":{"line":13,"column":0},"end":{"line":13,"column":1}},"17":{"start":{"line":18,"column":0},"end":{"line":18,"column":93}},"18":{"start":{"line":19,"column":0},"end":{"line":19,"column":48}},"19":{"start":{"line":20,"column":0},"end":{"line":20,"column":36}},"20":{"start":{"line":21,"column":0},"end":{"line":21,"column":111}},"21":{"start":{"line":22,"column":0},"end":{"line":22,"column":3}},"22":{"start":{"line":23,"column":0},"end":{"line":23,"column":42}},"23":{"start":{"line":24,"column":0},"end":{"line":24,"column":33}},"24":{"start":{"line":25,"column":0},"end":{"line":25,"column":62}},"25":{"start":{"line":26,"column":0},"end":{"line":26,"column":50}},"26":{"start":{"line":27,"column":0},"end":{"line":27,"column":40}},"27":{"start":{"line":28,"column":0},"end":{"line":28,"column":46}},"28":{"start":{"line":29,"column":0},"end":{"line":29,"column":3}},"29":{"start":{"line":30,"column":0},"end":{"line":30,"column":37}},"30":{"start":{"line":31,"column":0},"end":{"line":31,"column":7}},"31":{"start":{"line":32,"column":0},"end":{"line":32,"column":59}},"32":{"start":{"line":33,"column":0},"end":{"line":33,"column":41}},"33":{"start":{"line":34,"column":0},"end":{"line":34,"column":15}},"34":{"start":{"line":35,"column":0},"end":{"line":35,"column":30}},"35":{"start":{"line":36,"column":0},"end":{"line":36,"column":19}},"36":{"start":{"line":37,"column":0},"end":{"line":37,"column":58}},"37":{"start":{"line":38,"column":0},"end":{"line":38,"column":7}},"38":{"start":{"line":39,"column":0},"end":{"line":39,"column":69}},"39":{"start":{"line":40,"column":0},"end":{"line":40,"column":5}},"40":{"start":{"line":41,"column":0},"end":{"line":41,"column":11}},"41":{"start":{"line":42,"column":0},"end":{"line":42,"column":20}},"42":{"start":{"line":43,"column":0},"end":{"line":43,"column":3}},"43":{"start":{"line":44,"column":0},"end":{"line":44,"column":25}},"44":{"start":{"line":45,"column":0},"end":{"line":45,"column":9}},"45":{"start":{"line":46,"column":0},"end":{"line":46,"column":62}},"46":{"start":{"line":47,"column":0},"end":{"line":47,"column":58}},"47":{"start":{"line":48,"column":0},"end":{"line":48,"column":13}},"49":{"start":{"line":50,"column":0},"end":{"line":50,"column":5}},"50":{"start":{"line":51,"column":0},"end":{"line":51,"column":3}},"51":{"start":{"line":52,"column":0},"end":{"line":52,"column":30}},"52":{"start":{"line":53,"column":0},"end":{"line":53,"column":9}},"53":{"start":{"line":54,"column":0},"end":{"line":54,"column":55}},"54":{"start":{"line":55,"column":0},"end":{"line":55,"column":58}},"55":{"start":{"line":56,"column":0},"end":{"line":56,"column":13}},"56":{"start":{"line":57,"column":0},"end":{"line":57,"column":29}},"57":{"start":{"line":58,"column":0},"end":{"line":58,"column":5}},"58":{"start":{"line":59,"column":0},"end":{"line":59,"column":3}},"59":{"start":{"line":60,"column":0},"end":{"line":60,"column":18}},"60":{"start":{"line":61,"column":0},"end":{"line":61,"column":1}}},"s":{"0":1,"2":1,"3":1,"4":0,"5":0,"6":1,"7":1,"8":1,"9":1,"10":1,"11":1,"12":1,"17":9,"18":9,"19":9,"20":1,"21":1,"22":6,"23":9,"24":9,"25":2,"26":2,"27":1,"28":2,"29":3,"30":3,"31":9,"32":1,"33":1,"34":2,"35":0,"36":0,"37":2,"38":0,"39":0,"40":9,"41":0,"42":0,"43":9,"44":1,"45":1,"46":1,"47":1,"49":0,"50":1,"51":2,"52":2,"53":2,"54":2,"55":2,"56":1,"57":1,"58":2,"59":0,"60":0},"branchMap":{"0":{"type":"branch","line":3,"loc":{"start":{"line":3,"column":0},"end":{"line":13,"column":1}},"locations":[{"start":{"line":3,"column":0},"end":{"line":13,"column":1}}]},"1":{"type":"branch","line":4,"loc":{"start":{"line":4,"column":39},"end":{"line":6,"column":3}},"locations":[{"start":{"line":4,"column":39},"end":{"line":6,"column":3}}]},"2":{"type":"branch","line":7,"loc":{"start":{"line":7,"column":21},"end":{"line":12,"column":3}},"locations":[{"start":{"line":7,"column":21},"end":{"line":12,"column":3}}]},"3":{"type":"branch","line":9,"loc":{"start":{"line":9,"column":16},"end":{"line":9,"column":55}},"locations":[{"start":{"line":9,"column":16},"end":{"line":9,"column":55}}]},"4":{"type":"branch","line":9,"loc":{"start":{"line":9,"column":40},"end":{"line":9,"column":52}},"locations":[{"start":{"line":9,"column":40},"end":{"line":9,"column":52}}]},"5":{"type":"branch","line":18,"loc":{"start":{"line":18,"column":0},"end":{"line":61,"column":1}},"locations":[{"start":{"line":18,"column":0},"end":{"line":61,"column":1}}]},"6":{"type":"branch","line":19,"loc":{"start":{"line":19,"column":32},"end":{"line":19,"column":48}},"locations":[{"start":{"line":19,"column":32},"end":{"line":19,"column":48}}]},"7":{"type":"branch","line":19,"loc":{"start":{"line":19,"column":39},"end":{"line":20,"column":35}},"locations":[{"start":{"line":19,"column":39},"end":{"line":20,"column":35}}]},"8":{"type":"branch","line":20,"loc":{"start":{"line":20,"column":35},"end":{"line":22,"column":3}},"locations":[{"start":{"line":20,"column":35},"end":{"line":22,"column":3}}]},"9":{"type":"branch","line":22,"loc":{"start":{"line":22,"column":2},"end":{"line":23,"column":42}},"locations":[{"start":{"line":22,"column":2},"end":{"line":23,"column":42}}]},"10":{"type":"branch","line":24,"loc":{"start":{"line":24,"column":17},"end":{"line":24,"column":33}},"locations":[{"start":{"line":24,"column":17},"end":{"line":24,"column":33}}]},"11":{"type":"branch","line":24,"loc":{"start":{"line":24,"column":24},"end":{"line":25,"column":31}},"locations":[{"start":{"line":24,"column":24},"end":{"line":25,"column":31}}]},"12":{"type":"branch","line":25,"loc":{"start":{"line":25,"column":19},"end":{"line":25,"column":45}},"locations":[{"start":{"line":25,"column":19},"end":{"line":25,"column":45}}]},"13":{"type":"branch","line":25,"loc":{"start":{"line":25,"column":37},"end":{"line":25,"column":61}},"locations":[{"start":{"line":25,"column":37},"end":{"line":25,"column":61}}]},"14":{"type":"branch","line":25,"loc":{"start":{"line":25,"column":61},"end":{"line":29,"column":3}},"locations":[{"start":{"line":25,"column":61},"end":{"line":29,"column":3}}]},"15":{"type":"branch","line":27,"loc":{"start":{"line":27,"column":31},"end":{"line":28,"column":46}},"locations":[{"start":{"line":27,"column":31},"end":{"line":28,"column":46}}]},"16":{"type":"branch","line":29,"loc":{"start":{"line":29,"column":2},"end":{"line":32,"column":58}},"locations":[{"start":{"line":29,"column":2},"end":{"line":32,"column":58}}]},"17":{"type":"branch","line":32,"loc":{"start":{"line":32,"column":58},"end":{"line":34,"column":15}},"locations":[{"start":{"line":32,"column":58},"end":{"line":34,"column":15}}]},"18":{"type":"branch","line":34,"loc":{"start":{"line":34,"column":4},"end":{"line":40,"column":5}},"locations":[{"start":{"line":34,"column":4},"end":{"line":40,"column":5}}]},"19":{"type":"branch","line":35,"loc":{"start":{"line":35,"column":19},"end":{"line":36,"column":19}},"locations":[{"start":{"line":35,"column":19},"end":{"line":36,"column":19}}]},"20":{"type":"branch","line":36,"loc":{"start":{"line":36,"column":12},"end":{"line":37,"column":58}},"locations":[{"start":{"line":36,"column":12},"end":{"line":37,"column":58}}]},"21":{"type":"branch","line":38,"loc":{"start":{"line":38,"column":6},"end":{"line":40,"column":5}},"locations":[{"start":{"line":38,"column":6},"end":{"line":40,"column":5}}]},"22":{"type":"branch","line":41,"loc":{"start":{"line":41,"column":2},"end":{"line":43,"column":3}},"locations":[{"start":{"line":41,"column":2},"end":{"line":43,"column":3}}]},"23":{"type":"branch","line":43,"loc":{"start":{"line":43,"column":2},"end":{"line":44,"column":24}},"locations":[{"start":{"line":43,"column":2},"end":{"line":44,"column":24}}]},"24":{"type":"branch","line":44,"loc":{"start":{"line":44,"column":24},"end":{"line":51,"column":3}},"locations":[{"start":{"line":44,"column":24},"end":{"line":51,"column":3}}]},"25":{"type":"branch","line":48,"loc":{"start":{"line":48,"column":4},"end":{"line":50,"column":5}},"locations":[{"start":{"line":48,"column":4},"end":{"line":50,"column":5}}]},"26":{"type":"branch","line":51,"loc":{"start":{"line":51,"column":2},"end":{"line":59,"column":3}},"locations":[{"start":{"line":51,"column":2},"end":{"line":59,"column":3}}]},"27":{"type":"branch","line":55,"loc":{"start":{"line":55,"column":41},"end":{"line":55,"column":58}},"locations":[{"start":{"line":55,"column":41},"end":{"line":55,"column":58}}]},"28":{"type":"branch","line":56,"loc":{"start":{"line":56,"column":4},"end":{"line":58,"column":5}},"locations":[{"start":{"line":56,"column":4},"end":{"line":58,"column":5}}]},"29":{"type":"branch","line":59,"loc":{"start":{"line":59,"column":2},"end":{"line":61,"column":1}},"locations":[{"start":{"line":59,"column":2},"end":{"line":61,"column":1}}]}},"b":{"0":[1],"1":[0],"2":[1],"3":[1],"4":[0],"5":[9],"6":[2],"7":[7],"8":[1],"9":[6],"10":[1],"11":[5],"12":[3],"13":[3],"14":[2],"15":[1],"16":[3],"17":[1],"18":[2],"19":[0],"20":[0],"21":[0],"22":[0],"23":[3],"24":[1],"25":[0],"26":[2],"27":[1],"28":[1],"29":[0]},"fnMap":{"0":{"name":"readBlobAsText","decl":{"start":{"line":3,"column":0},"end":{"line":13,"column":1}},"loc":{"start":{"line":3,"column":0},"end":{"line":13,"column":1}},"line":3},"1":{"name":"fr.onload","decl":{"start":{"line":9,"column":16},"end":{"line":9,"column":55}},"loc":{"start":{"line":9,"column":16},"end":{"line":9,"column":55}},"line":9},"2":{"name":"fr.onerror","decl":{"start":{"line":10,"column":17},"end":{"line":10,"column":74}},"loc":{"start":{"line":10,"column":17},"end":{"line":10,"column":74}},"line":10},"3":{"name":"snapshotErrorMessage","decl":{"start":{"line":18,"column":0},"end":{"line":61,"column":1}},"loc":{"start":{"line":18,"column":0},"end":{"line":61,"column":1}},"line":18}},"f":{"0":1,"1":1,"2":0,"3":9}}
,"/Users/edenarielguzmanandia/Projects/SmartBiometricAuthenticator/frontend/src/features/contacts/contactDisplay.ts": {"path":"/Users/edenarielguzmanandia/Projects/SmartBiometricAuthenticator/frontend/src/features/contacts/contactDisplay.ts","all":false,"statementMap":{"25":{"start":{"line":26,"column":0},"end":{"line":26,"column":49}},"26":{"start":{"line":27,"column":0},"end":{"line":27,"column":9}},"27":{"start":{"line":28,"column":0},"end":{"line":28,"column":10}},"28":{"start":{"line":29,"column":0},"end":{"line":29,"column":11}},"29":{"start":{"line":30,"column":0},"end":{"line":30,"column":11}},"30":{"start":{"line":31,"column":0},"end":{"line":31,"column":9}},"31":{"start":{"line":32,"column":0},"end":{"line":32,"column":11}},"32":{"start":{"line":33,"column":0},"end":{"line":33,"column":9}},"33":{"start":{"line":34,"column":0},"end":{"line":34,"column":9}},"34":{"start":{"line":35,"column":0},"end":{"line":35,"column":2}},"36":{"start":{"line":37,"column":0},"end":{"line":37,"column":37}},"37":{"start":{"line":38,"column":0},"end":{"line":38,"column":12}},"38":{"start":{"line":39,"column":0},"end":{"line":39,"column":74}},"39":{"start":{"line":40,"column":0},"end":{"line":40,"column":21}},"40":{"start":{"line":41,"column":0},"end":{"line":41,"column":1}},"42":{"start":{"line":43,"column":0},"end":{"line":43,"column":62}},"43":{"start":{"line":44,"column":0},"end":{"line":44,"column":30}},"44":{"start":{"line":45,"column":0},"end":{"line":45,"column":37}},"45":{"start":{"line":46,"column":0},"end":{"line":46,"column":75}},"46":{"start":{"line":47,"column":0},"end":{"line":47,"column":33}},"47":{"start":{"line":48,"column":0},"end":{"line":48,"column":1}},"49":{"start":{"line":50,"column":0},"end":{"line":50,"column":49}},"50":{"start":{"line":51,"column":0},"end":{"line":51,"column":53}},"51":{"start":{"line":52,"column":0},"end":{"line":52,"column":33}},"52":{"start":{"line":53,"column":0},"end":{"line":53,"column":60}},"53":{"start":{"line":54,"column":0},"end":{"line":54,"column":54}},"54":{"start":{"line":55,"column":0},"end":{"line":55,"column":1}},"61":{"start":{"line":62,"column":0},"end":{"line":62,"column":66}},"62":{"start":{"line":63,"column":0},"end":{"line":63,"column":50}},"63":{"start":{"line":64,"column":0},"end":{"line":64,"column":10}},"64":{"start":{"line":65,"column":0},"end":{"line":65,"column":13}},"65":{"start":{"line":66,"column":0},"end":{"line":66,"column":17}},"66":{"start":{"line":67,"column":0},"end":{"line":67,"column":54}},"67":{"start":{"line":68,"column":0},"end":{"line":68,"column":39}},"68":{"start":{"line":69,"column":0},"end":{"line":69,"column":21}},"69":{"start":{"line":70,"column":0},"end":{"line":70,"column":34}},"70":{"start":{"line":71,"column":0},"end":{"line":71,"column":34}},"71":{"start":{"line":72,"column":0},"end":{"line":72,"column":36}},"72":{"start":{"line":73,"column":0},"end":{"line":73,"column":38}},"73":{"start":{"line":74,"column":0},"end":{"line":74,"column":20}},"74":{"start":{"line":75,"column":0},"end":{"line":75,"column":4}},"75":{"start":{"line":76,"column":0},"end":{"line":76,"column":1}},"77":{"start":{"line":78,"column":0},"end":{"line":78,"column":62}},"78":{"start":{"line":79,"column":0},"end":{"line":79,"column":31}},"79":{"start":{"line":80,"column":0},"end":{"line":80,"column":1}}},"s":{"25":1,"26":1,"27":1,"28":1,"29":1,"30":1,"31":1,"32":1,"33":1,"34":1,"36":9,"37":9,"38":9,"39":9,"40":9,"42":9,"43":9,"44":9,"45":9,"46":2,"47":2,"49":9,"50":9,"51":9,"52":9,"53":1,"54":1,"61":1,"62":9,"63":9,"64":9,"65":9,"66":9,"67":9,"68":9,"69":9,"70":9,"71":9,"72":9,"73":9,"74":9,"75":9,"77":1,"78":2,"79":2},"branchMap":{"0":{"type":"branch","line":37,"loc":{"start":{"line":37,"column":0},"end":{"line":41,"column":1}},"locations":[{"start":{"line":37,"column":0},"end":{"line":41,"column":1}}]},"1":{"type":"branch","line":39,"loc":{"start":{"line":39,"column":38},"end":{"line":39,"column":74}},"locations":[{"start":{"line":39,"column":38},"end":{"line":39,"column":74}}]},"2":{"type":"branch","line":43,"loc":{"start":{"line":43,"column":0},"end":{"line":48,"column":1}},"locations":[{"start":{"line":43,"column":0},"end":{"line":48,"column":1}}]},"3":{"type":"branch","line":45,"loc":{"start":{"line":45,"column":22},"end":{"line":45,"column":37}},"locations":[{"start":{"line":45,"column":22},"end":{"line":45,"column":37}}]},"4":{"type":"branch","line":45,"loc":{"start":{"line":45,"column":29},"end":{"line":46,"column":24}},"locations":[{"start":{"line":45,"column":29},"end":{"line":46,"column":24}}]},"5":{"type":"branch","line":46,"loc":{"start":{"line":46,"column":12},"end":{"line":46,"column":42}},"locations":[{"start":{"line":46,"column":12},"end":{"line":46,"column":42}}]},"6":{"type":"branch","line":46,"loc":{"start":{"line":46,"column":30},"end":{"line":46,"column":58}},"locations":[{"start":{"line":46,"column":30},"end":{"line":46,"column":58}}]},"7":{"type":"branch","line":46,"loc":{"start":{"line":46,"column":58},"end":{"line":46,"column":75}},"locations":[{"start":{"line":46,"column":58},"end":{"line":46,"column":75}}]},"8":{"type":"branch","line":46,"loc":{"start":{"line":46,"column":65},"end":{"line":48,"column":1}},"locations":[{"start":{"line":46,"column":65},"end":{"line":48,"column":1}}]},"9":{"type":"branch","line":50,"loc":{"start":{"line":50,"column":0},"end":{"line":55,"column":1}},"locations":[{"start":{"line":50,"column":0},"end":{"line":55,"column":1}}]},"10":{"type":"branch","line":52,"loc":{"start":{"line":52,"column":22},"end":{"line":52,"column":33}},"locations":[{"start":{"line":52,"column":22},"end":{"line":52,"column":33}}]},"11":{"type":"branch","line":52,"loc":{"start":{"line":52,"column":29},"end":{"line":53,"column":29}},"locations":[{"start":{"line":52,"column":29},"end":{"line":53,"column":29}}]},"12":{"type":"branch","line":53,"loc":{"start":{"line":53,"column":22},"end":{"line":53,"column":60}},"locations":[{"start":{"line":53,"column":22},"end":{"line":53,"column":60}}]},"13":{"type":"branch","line":53,"loc":{"start":{"line":53,"column":58},"end":{"line":55,"column":1}},"locations":[{"start":{"line":53,"column":58},"end":{"line":55,"column":1}}]},"14":{"type":"branch","line":62,"loc":{"start":{"line":62,"column":7},"end":{"line":76,"column":1}},"locations":[{"start":{"line":62,"column":7},"end":{"line":76,"column":1}}]},"15":{"type":"branch","line":70,"loc":{"start":{"line":70,"column":13},"end":{"line":70,"column":25}},"locations":[{"start":{"line":70,"column":13},"end":{"line":70,"column":25}}]},"16":{"type":"branch","line":70,"loc":{"start":{"line":70,"column":25},"end":{"line":70,"column":34}},"locations":[{"start":{"line":70,"column":25},"end":{"line":70,"column":34}}]},"17":{"type":"branch","line":71,"loc":{"start":{"line":71,"column":13},"end":{"line":71,"column":25}},"locations":[{"start":{"line":71,"column":13},"end":{"line":71,"column":25}}]},"18":{"type":"branch","line":78,"loc":{"start":{"line":78,"column":7},"end":{"line":80,"column":1}},"locations":[{"start":{"line":78,"column":7},"end":{"line":80,"column":1}}]}},"b":{"0":[9],"1":[13],"2":[9],"3":[3],"4":[6],"5":[4],"6":[3],"7":[4],"8":[2],"9":[9],"10":[1],"11":[8],"12":[7],"13":[1],"14":[9],"15":[1],"16":[8],"17":[0],"18":[2]},"fnMap":{"0":{"name":"hashId","decl":{"start":{"line":37,"column":0},"end":{"line":41,"column":1}},"loc":{"start":{"line":37,"column":0},"end":{"line":41,"column":1}},"line":37},"1":{"name":"relationshipFromApi","decl":{"start":{"line":43,"column":0},"end":{"line":48,"column":1}},"loc":{"start":{"line":43,"column":0},"end":{"line":48,"column":1}},"line":43},"2":{"name":"initialsFromName","decl":{"start":{"line":50,"column":0},"end":{"line":55,"column":1}},"loc":{"start":{"line":50,"column":0},"end":{"line":55,"column":1}},"line":50},"3":{"name":"contactToCardModel","decl":{"start":{"line":62,"column":7},"end":{"line":76,"column":1}},"loc":{"start":{"line":62,"column":7},"end":{"line":76,"column":1}},"line":62},"4":{"name":"isFullyTrained","decl":{"start":{"line":78,"column":7},"end":{"line":80,"column":1}},"loc":{"start":{"line":78,"column":7},"end":{"line":80,"column":1}},"line":78}},"f":{"0":9,"1":9,"2":9,"3":9,"4":2}}
,"/Users/edenarielguzmanandia/Projects/SmartBiometricAuthenticator/frontend/src/features/emergency/emergencyLocationFromSearch.ts": {"path":"/Users/edenarielguzmanandia/Projects/SmartBiometricAuthenticator/frontend/src/features/emergency/emergencyLocationFromSearch.ts","all":false,"statementMap":{"15":{"start":{"line":16,"column":0},"end":{"line":16,"column":85}},"16":{"start":{"line":17,"column":0},"end":{"line":17,"column":62}},"17":{"start":{"line":18,"column":0},"end":{"line":18,"column":40}},"19":{"start":{"line":20,"column":0},"end":{"line":20,"column":35}},"20":{"start":{"line":21,"column":0},"end":{"line":21,"column":35}},"21":{"start":{"line":22,"column":0},"end":{"line":22,"column":13}},"22":{"start":{"line":23,"column":0},"end":{"line":23,"column":66}},"23":{"start":{"line":24,"column":0},"end":{"line":24,"column":13}},"24":{"start":{"line":25,"column":0},"end":{"line":25,"column":66}},"25":{"start":{"line":26,"column":0},"end":{"line":26,"column":65}},"26":{"start":{"line":27,"column":0},"end":{"line":27,"column":54}},"27":{"start":{"line":28,"column":0},"end":{"line":28,"column":50}},"29":{"start":{"line":30,"column":0},"end":{"line":30,"column":27}},"30":{"start":{"line":31,"column":0},"end":{"line":31,"column":83}},"31":{"start":{"line":32,"column":0},"end":{"line":32,"column":13}},"32":{"start":{"line":33,"column":0},"end":{"line":33,"column":83}},"33":{"start":{"line":34,"column":0},"end":{"line":34,"column":11}},"35":{"start":{"line":36,"column":0},"end":{"line":36,"column":26}},"36":{"start":{"line":37,"column":0},"end":{"line":37,"column":18}},"37":{"start":{"line":38,"column":0},"end":{"line":38,"column":16}},"38":{"start":{"line":39,"column":0},"end":{"line":39,"column":171}},"40":{"start":{"line":41,"column":0},"end":{"line":41,"column":55}},"42":{"start":{"line":43,"column":0},"end":{"line":43,"column":10}},"43":{"start":{"line":44,"column":0},"end":{"line":44,"column":8}},"44":{"start":{"line":45,"column":0},"end":{"line":45,"column":8}},"45":{"start":{"line":46,"column":0},"end":{"line":46,"column":14}},"46":{"start":{"line":47,"column":0},"end":{"line":47,"column":12}},"47":{"start":{"line":48,"column":0},"end":{"line":48,"column":10}},"48":{"start":{"line":49,"column":0},"end":{"line":49,"column":12}},"49":{"start":{"line":50,"column":0},"end":{"line":50,"column":29}},"50":{"start":{"line":51,"column":0},"end":{"line":51,"column":26}},"51":{"start":{"line":52,"column":0},"end":{"line":52,"column":4}},"52":{"start":{"line":53,"column":0},"end":{"line":53,"column":1}}},"s":{"15":1,"16":6,"17":6,"19":6,"20":6,"21":6,"22":6,"23":6,"24":6,"25":6,"26":6,"27":6,"29":6,"30":2,"31":4,"32":1,"33":3,"35":6,"36":6,"37":6,"38":2,"40":6,"42":6,"43":6,"44":6,"45":6,"46":6,"47":6,"48":6,"49":6,"50":6,"51":6,"52":6},"branchMap":{"0":{"type":"branch","line":16,"loc":{"start":{"line":16,"column":7},"end":{"line":53,"column":1}},"locations":[{"start":{"line":16,"column":7},"end":{"line":53,"column":1}}]},"1":{"type":"branch","line":17,"loc":{"start":{"line":17,"column":33},"end":{"line":17,"column":55}},"locations":[{"start":{"line":17,"column":33},"end":{"line":17,"column":55}}]},"2":{"type":"branch","line":17,"loc":{"start":{"line":17,"column":51},"end":{"line":17,"column":62}},"locations":[{"start":{"line":17,"column":51},"end":{"line":17,"column":62}}]},"3":{"type":"branch","line":23,"loc":{"start":{"line":23,"column":14},"end":{"line":23,"column":38}},"locations":[{"start":{"line":23,"column":14},"end":{"line":23,"column":38}}]},"4":{"type":"branch","line":23,"loc":{"start":{"line":23,"column":33},"end":{"line":23,"column":55}},"locations":[{"start":{"line":23,"column":33},"end":{"line":23,"column":55}}]},"5":{"type":"branch","line":23,"loc":{"start":{"line":23,"column":51},"end":{"line":23,"column":66}},"locations":[{"start":{"line":23,"column":51},"end":{"line":23,"column":66}}]},"6":{"type":"branch","line":25,"loc":{"start":{"line":25,"column":14},"end":{"line":25,"column":38}},"locations":[{"start":{"line":25,"column":14},"end":{"line":25,"column":38}}]},"7":{"type":"branch","line":25,"loc":{"start":{"line":25,"column":33},"end":{"line":25,"column":55}},"locations":[{"start":{"line":25,"column":33},"end":{"line":25,"column":55}}]},"8":{"type":"branch","line":25,"loc":{"start":{"line":25,"column":51},"end":{"line":25,"column":66}},"locations":[{"start":{"line":25,"column":51},"end":{"line":25,"column":66}}]},"9":{"type":"branch","line":26,"loc":{"start":{"line":26,"column":39},"end":{"line":26,"column":65}},"locations":[{"start":{"line":26,"column":39},"end":{"line":26,"column":65}}]},"10":{"type":"branch","line":27,"loc":{"start":{"line":27,"column":38},"end":{"line":27,"column":46}},"locations":[{"start":{"line":27,"column":38},"end":{"line":27,"column":46}}]},"11":{"type":"branch","line":27,"loc":{"start":{"line":27,"column":46},"end":{"line":27,"column":54}},"locations":[{"start":{"line":27,"column":46},"end":{"line":27,"column":54}}]},"12":{"type":"branch","line":28,"loc":{"start":{"line":28,"column":34},"end":{"line":28,"column":42}},"locations":[{"start":{"line":28,"column":34},"end":{"line":28,"column":42}}]},"13":{"type":"branch","line":28,"loc":{"start":{"line":28,"column":42},"end":{"line":28,"column":50}},"locations":[{"start":{"line":28,"column":42},"end":{"line":28,"column":50}}]},"14":{"type":"branch","line":30,"loc":{"start":{"line":30,"column":18},"end":{"line":31,"column":83}},"locations":[{"start":{"line":30,"column":18},"end":{"line":31,"column":83}}]},"15":{"type":"branch","line":31,"loc":{"start":{"line":31,"column":81},"end":{"line":34,"column":11}},"locations":[{"start":{"line":31,"column":81},"end":{"line":34,"column":11}}]},"16":{"type":"branch","line":32,"loc":{"start":{"line":32,"column":6},"end":{"line":33,"column":83}},"locations":[{"start":{"line":32,"column":6},"end":{"line":33,"column":83}}]},"17":{"type":"branch","line":33,"loc":{"start":{"line":33,"column":81},"end":{"line":34,"column":11}},"locations":[{"start":{"line":33,"column":81},"end":{"line":34,"column":11}}]},"18":{"type":"branch","line":38,"loc":{"start":{"line":38,"column":4},"end":{"line":39,"column":171}},"locations":[{"start":{"line":38,"column":4},"end":{"line":39,"column":171}}]},"19":{"type":"branch","line":41,"loc":{"start":{"line":41,"column":33},"end":{"line":41,"column":55}},"locations":[{"start":{"line":41,"column":33},"end":{"line":41,"column":55}}]},"20":{"type":"branch","line":50,"loc":{"start":{"line":50,"column":14},"end":{"line":50,"column":29}},"locations":[{"start":{"line":50,"column":14},"end":{"line":50,"column":29}}]}},"b":{"0":[6],"1":[5],"2":[1],"3":[3],"4":[3],"5":[3],"6":[3],"7":[3],"8":[3],"9":[2],"10":[2],"11":[5],"12":[1],"13":[5],"14":[2],"15":[4],"16":[1],"17":[3],"18":[2],"19":[5],"20":[4]},"fnMap":{"0":{"name":"emergencyLocationFromSearch","decl":{"start":{"line":16,"column":7},"end":{"line":53,"column":1}},"loc":{"start":{"line":16,"column":7},"end":{"line":53,"column":1}},"line":16}},"f":{"0":6}}
}
