<?xml version="1.0" encoding="UTF-8"?>
<coverage generated="1774917402508" clover="3.2.0">
  <project timestamp="1774917402508" name="All files">
    <metrics statements="440" coveredstatements="439" conditionals="382" coveredconditionals="339" methods="101" coveredmethods="99" elements="923" coveredelements="877" complexity="0" loc="440" ncloc="440" packages="13" files="16" classes="16"/>
    <package name="src">
      <metrics statements="3" coveredstatements="3" conditionals="0" coveredconditionals="0" methods="1" coveredmethods="1"/>
      <file name="app.service.ts" path="/Users/edenarielguzmanandia/Projects/SmartBiometricAuthenticator/backend/src/app.service.ts">
        <metrics statements="3" coveredstatements="3" conditionals="0" coveredconditionals="0" methods="1" coveredmethods="1"/>
        <line num="1" count="1" type="stmt"/>
        <line num="4" count="1" type="stmt"/>
        <line num="6" count="1" type="stmt"/>
      </file>
    </package>
    <package name="src.application.cameras.use-cases">
      <metrics statements="39" coveredstatements="39" conditionals="32" coveredconditionals="31" methods="6" coveredmethods="6"/>
      <file name="register-camera.usecase.ts" path="/Users/edenarielguzmanandia/Projects/SmartBiometricAuthenticator/backend/src/application/cameras/use-cases/register-camera.usecase.ts">
        <metrics statements="9" coveredstatements="9" conditionals="0" coveredconditionals="0" methods="3" coveredmethods="3"/>
        <line num="1" count="1" type="stmt"/>
        <line num="2" count="1" type="stmt"/>
        <line num="3" count="1" type="stmt"/>
        <line num="18" count="1" type="stmt"/>
        <line num="21" count="1" type="stmt"/>
        <line num="26" count="1" type="stmt"/>
        <line num="30" count="1" type="stmt"/>
        <line num="42" count="1" type="stmt"/>
        <line num="43" count="1" type="stmt"/>
      </file>
      <file name="update-camera.usecase.ts" path="/Users/edenarielguzmanandia/Projects/SmartBiometricAuthenticator/backend/src/application/cameras/use-cases/update-camera.usecase.ts">
        <metrics statements="30" coveredstatements="30" conditionals="32" coveredconditionals="31" methods="3" coveredmethods="3"/>
        <line num="1" count="1" type="stmt"/>
        <line num="7" count="1" type="stmt"/>
        <line num="10" count="4" type="stmt"/>
        <line num="14" count="1" type="stmt"/>
        <line num="18" count="5" type="stmt"/>
        <line num="19" count="5" type="cond" truecount="4" falsecount="0"/>
        <line num="20" count="2" type="stmt"/>
        <line num="23" count="3" type="stmt"/>
        <line num="25" count="3" type="cond" truecount="2" falsecount="0"/>
        <line num="26" count="2" type="stmt"/>
        <line num="27" count="2" type="cond" truecount="2" falsecount="0"/>
        <line num="29" count="3" type="cond" truecount="2" falsecount="0"/>
        <line num="30" count="1" type="stmt"/>
        <line num="32" count="3" type="cond" truecount="4" falsecount="0"/>
        <line num="33" count="1" type="stmt"/>
        <line num="35" count="3" type="cond" truecount="2" falsecount="0"/>
        <line num="36" count="2" type="stmt"/>
        <line num="37" count="2" type="cond" truecount="2" falsecount="0"/>
        <line num="39" count="3" type="cond" truecount="4" falsecount="0"/>
        <line num="40" count="1" type="stmt"/>
        <line num="42" count="3" type="cond" truecount="2" falsecount="0"/>
        <line num="43" count="1" type="stmt"/>
        <line num="44" count="1" type="cond" truecount="1" falsecount="1"/>
        <line num="46" count="3" type="cond" truecount="2" falsecount="0"/>
        <line num="47" count="2" type="cond" truecount="2" falsecount="0"/>
        <line num="50" count="3" type="stmt"/>
        <line num="52" count="3" type="cond" truecount="2" falsecount="0"/>
        <line num="53" count="2" type="stmt"/>
        <line num="56" count="3" type="stmt"/>
        <line num="57" count="3" type="stmt"/>
      </file>
    </package>
    <package name="src.application.contacts.use-cases">
      <metrics statements="8" coveredstatements="8" conditionals="0" coveredconditionals="0" methods="2" coveredmethods="2"/>
      <file name="create-contact.usecase.ts" path="/Users/edenarielguzmanandia/Projects/SmartBiometricAuthenticator/backend/src/application/contacts/use-cases/create-contact.usecase.ts">
        <metrics statements="8" coveredstatements="8" conditionals="0" coveredconditionals="0" methods="2" coveredmethods="2"/>
        <line num="1" count="1" type="stmt"/>
        <line num="2" count="1" type="stmt"/>
        <line num="3" count="1" type="stmt"/>
        <line num="15" count="1" type="stmt"/>
        <line num="18" count="1" type="stmt"/>
        <line num="22" count="1" type="stmt"/>
        <line num="31" count="1" type="stmt"/>
        <line num="33" count="1" type="stmt"/>
      </file>
    </package>
    <package name="src.application.events.use-cases">
      <metrics statements="5" coveredstatements="5" conditionals="4" coveredconditionals="4" methods="2" coveredmethods="2"/>
      <file name="list-latest-events.usecase.ts" path="/Users/edenarielguzmanandia/Projects/SmartBiometricAuthenticator/backend/src/application/events/use-cases/list-latest-events.usecase.ts">
        <metrics statements="5" coveredstatements="5" conditionals="4" coveredconditionals="4" methods="2" coveredmethods="2"/>
        <line num="1" count="1" type="stmt"/>
        <line num="11" count="1" type="stmt"/>
        <line num="14" count="1" type="stmt"/>
        <line num="18" count="3" type="cond" truecount="4" falsecount="0"/>
        <line num="19" count="3" type="stmt"/>
      </file>
    </package>
    <package name="src.domain.cameras">
      <metrics statements="53" coveredstatements="53" conditionals="24" coveredconditionals="24" methods="21" coveredmethods="21"/>
      <file name="camera.entity.ts" path="/Users/edenarielguzmanandia/Projects/SmartBiometricAuthenticator/backend/src/domain/cameras/camera.entity.ts">
        <metrics statements="53" coveredstatements="53" conditionals="24" coveredconditionals="24" methods="21" coveredmethods="21"/>
        <line num="1" count="3" type="stmt"/>
        <line num="3" count="3" type="cond" truecount="2" falsecount="0"/>
        <line num="4" count="3" type="stmt"/>
        <line num="21" count="3" type="stmt"/>
        <line num="25" count="11" type="stmt"/>
        <line num="26" count="11" type="stmt"/>
        <line num="40" count="10" type="stmt"/>
        <line num="41" count="10" type="stmt"/>
        <line num="57" count="1" type="stmt"/>
        <line num="61" count="5" type="stmt"/>
        <line num="65" count="5" type="stmt"/>
        <line num="69" count="1" type="stmt"/>
        <line num="73" count="2" type="stmt"/>
        <line num="77" count="3" type="stmt"/>
        <line num="81" count="2" type="stmt"/>
        <line num="85" count="1" type="stmt"/>
        <line num="89" count="5" type="stmt"/>
        <line num="93" count="7" type="stmt"/>
        <line num="97" count="1" type="stmt"/>
        <line num="101" count="6" type="stmt"/>
        <line num="105" count="1" type="stmt"/>
        <line num="106" count="1" type="stmt"/>
        <line num="110" count="1" type="stmt"/>
        <line num="111" count="1" type="stmt"/>
        <line num="115" count="2" type="cond" truecount="2" falsecount="0"/>
        <line num="116" count="2" type="stmt"/>
        <line num="129" count="5" type="stmt"/>
        <line num="130" count="5" type="cond" truecount="2" falsecount="0"/>
        <line num="131" count="1" type="stmt"/>
        <line num="132" count="1" type="stmt"/>
        <line num="134" count="5" type="cond" truecount="2" falsecount="0"/>
        <line num="135" count="1" type="stmt"/>
        <line num="136" count="1" type="stmt"/>
        <line num="138" count="5" type="cond" truecount="2" falsecount="0"/>
        <line num="139" count="2" type="stmt"/>
        <line num="140" count="2" type="stmt"/>
        <line num="142" count="5" type="cond" truecount="2" falsecount="0"/>
        <line num="143" count="1" type="stmt"/>
        <line num="144" count="1" type="stmt"/>
        <line num="146" count="5" type="cond" truecount="2" falsecount="0"/>
        <line num="147" count="1" type="stmt"/>
        <line num="148" count="1" type="stmt"/>
        <line num="150" count="5" type="cond" truecount="2" falsecount="0"/>
        <line num="151" count="1" type="stmt"/>
        <line num="152" count="1" type="stmt"/>
        <line num="154" count="5" type="cond" truecount="2" falsecount="0"/>
        <line num="155" count="2" type="stmt"/>
        <line num="156" count="2" type="stmt"/>
        <line num="158" count="5" type="cond" truecount="2" falsecount="0"/>
        <line num="162" count="5" type="cond" truecount="2" falsecount="0"/>
        <line num="163" count="4" type="stmt"/>
        <line num="164" count="4" type="stmt"/>
        <line num="168" count="11" type="stmt"/>
      </file>
    </package>
    <package name="src.domain.common">
      <metrics statements="2" coveredstatements="2" conditionals="0" coveredconditionals="0" methods="1" coveredmethods="1"/>
      <file name="entity.base.ts" path="/Users/edenarielguzmanandia/Projects/SmartBiometricAuthenticator/backend/src/domain/common/entity.base.ts">
        <metrics statements="2" coveredstatements="2" conditionals="0" coveredconditionals="0" methods="1" coveredmethods="1"/>
        <line num="1" count="7" type="stmt"/>
        <line num="2" count="18" type="stmt"/>
      </file>
    </package>
    <package name="src.domain.contacts">
      <metrics statements="31" coveredstatements="31" conditionals="10" coveredconditionals="10" methods="17" coveredmethods="17"/>
      <file name="contact.entity.ts" path="/Users/edenarielguzmanandia/Projects/SmartBiometricAuthenticator/backend/src/domain/contacts/contact.entity.ts">
        <metrics statements="31" coveredstatements="31" conditionals="10" coveredconditionals="10" methods="17" coveredmethods="17"/>
        <line num="1" count="3" type="stmt"/>
        <line num="3" count="3" type="cond" truecount="2" falsecount="0"/>
        <line num="4" count="3" type="stmt"/>
        <line num="5" count="3" type="stmt"/>
        <line num="6" count="3" type="stmt"/>
        <line num="7" count="3" type="stmt"/>
        <line num="8" count="3" type="stmt"/>
        <line num="22" count="3" type="stmt"/>
        <line num="26" count="4" type="stmt"/>
        <line num="27" count="4" type="stmt"/>
        <line num="38" count="3" type="stmt"/>
        <line num="40" count="3" type="stmt"/>
        <line num="53" count="1" type="stmt"/>
        <line num="57" count="1" type="stmt"/>
        <line num="61" count="2" type="stmt"/>
        <line num="65" count="2" type="stmt"/>
        <line num="69" count="2" type="stmt"/>
        <line num="73" count="2" type="stmt"/>
        <line num="77" count="2" type="stmt"/>
        <line num="81" count="1" type="stmt"/>
        <line num="85" count="1" type="stmt"/>
        <line num="89" count="1" type="stmt"/>
        <line num="90" count="1" type="stmt"/>
        <line num="94" count="1" type="stmt"/>
        <line num="95" count="1" type="stmt"/>
        <line num="99" count="1" type="stmt"/>
        <line num="100" count="1" type="stmt"/>
        <line num="104" count="2" type="cond" truecount="2" falsecount="0"/>
        <line num="105" count="2" type="cond" truecount="2" falsecount="0"/>
        <line num="106" count="2" type="stmt"/>
        <line num="110" count="5" type="stmt"/>
      </file>
    </package>
    <package name="src.domain.events">
      <metrics statements="18" coveredstatements="17" conditionals="6" coveredconditionals="6" methods="9" coveredmethods="8"/>
      <file name="event.entity.ts" path="/Users/edenarielguzmanandia/Projects/SmartBiometricAuthenticator/backend/src/domain/events/event.entity.ts">
        <metrics statements="18" coveredstatements="17" conditionals="6" coveredconditionals="6" methods="9" coveredmethods="8"/>
        <line num="1" count="1" type="stmt"/>
        <line num="3" count="1" type="cond" truecount="2" falsecount="0"/>
        <line num="4" count="1" type="stmt"/>
        <line num="5" count="1" type="stmt"/>
        <line num="6" count="1" type="stmt"/>
        <line num="8" count="1" type="stmt"/>
        <line num="10" count="1" type="stmt"/>
        <line num="21" count="1" type="stmt"/>
        <line num="25" count="3" type="stmt"/>
        <line num="26" count="3" type="stmt"/>
        <line num="36" count="2" type="stmt"/>
        <line num="37" count="2" type="stmt"/>
        <line num="47" count="1" type="stmt"/>
        <line num="51" count="0" type="stmt"/>
        <line num="55" count="3" type="stmt"/>
        <line num="59" count="1" type="stmt"/>
        <line num="63" count="2" type="stmt"/>
        <line num="67" count="3" type="stmt"/>
      </file>
    </package>
    <package name="src.infrastructure.cameras">
      <metrics statements="49" coveredstatements="49" conditionals="34" coveredconditionals="32" methods="5" coveredmethods="5"/>
      <file name="digest-auth.util.ts" path="/Users/edenarielguzmanandia/Projects/SmartBiometricAuthenticator/backend/src/infrastructure/cameras/digest-auth.util.ts">
        <metrics statements="33" coveredstatements="33" conditionals="22" coveredconditionals="20" methods="4" coveredmethods="4"/>
        <line num="1" count="1" type="stmt"/>
        <line num="4" count="9" type="stmt"/>
        <line num="7" count="1" type="stmt"/>
        <line num="8" count="6" type="stmt"/>
        <line num="9" count="6" type="stmt"/>
        <line num="10" count="6" type="stmt"/>
        <line num="12" count="6" type="stmt"/>
        <line num="13" count="15" type="stmt"/>
        <line num="14" count="15" type="cond" truecount="3" falsecount="1"/>
        <line num="15" count="15" type="stmt"/>
        <line num="17" count="6" type="stmt"/>
        <line num="23" count="1" type="stmt"/>
        <line num="30" count="5" type="cond" truecount="2" falsecount="0"/>
        <line num="31" count="4" type="stmt"/>
        <line num="32" count="4" type="cond" truecount="1" falsecount="1"/>
        <line num="33" count="4" type="cond" truecount="2" falsecount="0"/>
        <line num="34" count="4" type="cond" truecount="2" falsecount="0"/>
        <line num="36" count="3" type="cond" truecount="2" falsecount="0"/>
        <line num="37" count="3" type="stmt"/>
        <line num="38" count="3" type="cond" truecount="2" falsecount="0"/>
        <line num="40" count="3" type="stmt"/>
        <line num="41" count="3" type="stmt"/>
        <line num="42" count="3" type="stmt"/>
        <line num="43" count="3" type="stmt"/>
        <line num="46" count="3" type="cond" truecount="2" falsecount="0"/>
        <line num="47" count="1" type="stmt"/>
        <line num="49" count="2" type="stmt"/>
        <line num="52" count="13" type="stmt"/>
        <line num="53" count="3" type="stmt"/>
        <line num="60" count="3" type="cond" truecount="2" falsecount="0"/>
        <line num="61" count="1" type="stmt"/>
        <line num="63" count="3" type="cond" truecount="2" falsecount="0"/>
        <line num="64" count="3" type="stmt"/>
      </file>
      <file name="jpeg-buffer.util.ts" path="/Users/edenarielguzmanandia/Projects/SmartBiometricAuthenticator/backend/src/infrastructure/cameras/jpeg-buffer.util.ts">
        <metrics statements="16" coveredstatements="16" conditionals="12" coveredconditionals="12" methods="1" coveredmethods="1"/>
        <line num="5" count="1" type="stmt"/>
        <line num="6" count="3" type="stmt"/>
        <line num="7" count="3" type="stmt"/>
        <line num="8" count="8" type="cond" truecount="4" falsecount="0"/>
        <line num="9" count="2" type="stmt"/>
        <line num="10" count="2" type="stmt"/>
        <line num="13" count="3" type="cond" truecount="2" falsecount="0"/>
        <line num="14" count="1" type="stmt"/>
        <line num="16" count="2" type="stmt"/>
        <line num="17" count="2" type="stmt"/>
        <line num="18" count="5" type="cond" truecount="4" falsecount="0"/>
        <line num="19" count="1" type="stmt"/>
        <line num="20" count="1" type="stmt"/>
        <line num="23" count="2" type="cond" truecount="2" falsecount="0"/>
        <line num="24" count="1" type="stmt"/>
        <line num="26" count="1" type="stmt"/>
      </file>
    </package>
    <package name="src.interfaces.http.access">
      <metrics statements="63" coveredstatements="63" conditionals="80" coveredconditionals="72" methods="17" coveredmethods="17"/>
      <file name="access-attempts.service.ts" path="/Users/edenarielguzmanandia/Projects/SmartBiometricAuthenticator/backend/src/interfaces/http/access/access-attempts.service.ts">
        <metrics statements="63" coveredstatements="63" conditionals="80" coveredconditionals="72" methods="17" coveredmethods="17"/>
        <line num="1" count="1" type="stmt"/>
        <line num="2" count="1" type="stmt"/>
        <line num="3" count="1" type="stmt"/>
        <line num="4" count="1" type="stmt"/>
        <line num="5" count="1" type="stmt"/>
        <line num="6" count="1" type="stmt"/>
        <line num="10" count="4" type="stmt"/>
        <line num="11" count="4" type="cond" truecount="3" falsecount="1"/>
        <line num="12" count="4" type="stmt"/>
        <line num="13" count="4" type="cond" truecount="4" falsecount="0"/>
        <line num="17" count="1" type="stmt"/>
        <line num="20" count="16" type="cond" truecount="6" falsecount="2"/>
        <line num="22" count="16" type="cond" truecount="3" falsecount="1"/>
        <line num="24" count="16" type="stmt"/>
        <line num="28" count="4" type="stmt"/>
        <line num="39" count="4" type="stmt"/>
        <line num="41" count="4" type="cond" truecount="2" falsecount="0"/>
        <line num="42" count="3" type="cond" truecount="2" falsecount="0"/>
        <line num="43" count="3" type="stmt"/>
        <line num="51" count="3" type="stmt"/>
        <line num="53" count="3" type="stmt"/>
        <line num="61" count="3" type="stmt"/>
        <line num="63" count="3" type="stmt"/>
        <line num="70" count="1" type="stmt"/>
        <line num="88" count="4" type="stmt"/>
        <line num="89" count="4" type="stmt"/>
        <line num="90" count="4" type="stmt"/>
        <line num="92" count="4" type="stmt"/>
        <line num="94" count="4" type="cond" truecount="5" falsecount="0"/>
        <line num="98" count="4" type="stmt"/>
        <line num="111" count="4" type="stmt"/>
        <line num="113" count="4" type="stmt"/>
        <line num="114" count="4" type="stmt"/>
        <line num="115" count="4" type="stmt"/>
        <line num="123" count="4" type="stmt"/>
        <line num="127" count="2" type="stmt"/>
        <line num="131" count="2" type="stmt"/>
        <line num="135" count="2" type="stmt"/>
        <line num="139" count="2" type="stmt"/>
        <line num="143" count="3" type="stmt"/>
        <line num="147" count="3" type="stmt"/>
        <line num="148" count="3" type="stmt"/>
        <line num="149" count="3" type="stmt"/>
        <line num="150" count="3" type="stmt"/>
        <line num="151" count="3" type="cond" truecount="2" falsecount="0"/>
        <line num="152" count="2" type="stmt"/>
        <line num="153" count="2" type="stmt"/>
        <line num="155" count="3" type="stmt"/>
        <line num="156" count="3" type="cond" truecount="2" falsecount="0"/>
        <line num="158" count="3" type="cond" truecount="4" falsecount="0"/>
        <line num="162" count="3" type="cond" truecount="2" falsecount="0"/>
        <line num="163" count="3" type="cond" truecount="2" falsecount="0"/>
        <line num="168" count="3" type="stmt"/>
        <line num="178" count="2" type="stmt"/>
        <line num="179" count="2" type="cond" truecount="2" falsecount="0"/>
        <line num="180" count="1" type="stmt"/>
        <line num="182" count="1" type="stmt"/>
        <line num="183" count="1" type="cond" truecount="1" falsecount="1"/>
        <line num="184" count="1" type="stmt"/>
        <line num="185" count="1" type="stmt"/>
        <line num="189" count="5" type="stmt"/>
        <line num="202" count="5" type="stmt"/>
        <line num="215" count="7" type="stmt"/>
      </file>
    </package>
    <package name="src.interfaces.http.auth">
      <metrics statements="62" coveredstatements="62" conditionals="64" coveredconditionals="55" methods="7" coveredmethods="7"/>
      <file name="auth.service.ts" path="/Users/edenarielguzmanandia/Projects/SmartBiometricAuthenticator/backend/src/interfaces/http/auth/auth.service.ts">
        <metrics statements="38" coveredstatements="38" conditionals="40" coveredconditionals="36" methods="5" coveredmethods="5"/>
        <line num="1" count="1" type="stmt"/>
        <line num="6" count="1" type="stmt"/>
        <line num="7" count="1" type="stmt"/>
        <line num="8" count="1" type="stmt"/>
        <line num="9" count="1" type="stmt"/>
        <line num="10" count="1" type="stmt"/>
        <line num="11" count="1" type="stmt"/>
        <line num="16" count="1" type="stmt"/>
        <line num="19" count="1" type="stmt"/>
        <line num="22" count="11" type="cond" truecount="6" falsecount="2"/>
        <line num="24" count="11" type="cond" truecount="3" falsecount="1"/>
        <line num="25" count="11" type="stmt"/>
        <line num="29" count="3" type="stmt"/>
        <line num="30" count="3" type="cond" truecount="2" falsecount="0"/>
        <line num="31" count="1" type="stmt"/>
        <line num="34" count="2" type="stmt"/>
        <line num="35" count="2" type="cond" truecount="2" falsecount="0"/>
        <line num="36" count="1" type="stmt"/>
        <line num="39" count="1" type="stmt"/>
        <line num="40" count="1" type="stmt"/>
        <line num="49" count="1" type="stmt"/>
        <line num="50" count="1" type="stmt"/>
        <line num="52" count="1" type="stmt"/>
        <line num="56" count="5" type="stmt"/>
        <line num="60" count="5" type="cond" truecount="4" falsecount="0"/>
        <line num="61" count="2" type="stmt"/>
        <line num="63" count="3" type="cond" truecount="2" falsecount="0"/>
        <line num="64" count="1" type="stmt"/>
        <line num="67" count="2" type="stmt"/>
        <line num="68" count="2" type="cond" truecount="2" falsecount="0"/>
        <line num="69" count="1" type="stmt"/>
        <line num="72" count="1" type="stmt"/>
        <line num="76" count="2" type="stmt"/>
        <line num="81" count="2" type="stmt"/>
        <line num="98" count="3" type="stmt"/>
        <line num="99" count="3" type="cond" truecount="2" falsecount="0"/>
        <line num="100" count="1" type="stmt"/>
        <line num="102" count="2" type="stmt"/>
      </file>
      <file name="jwt-auth.guard.ts" path="/Users/edenarielguzmanandia/Projects/SmartBiometricAuthenticator/backend/src/interfaces/http/auth/jwt-auth.guard.ts">
        <metrics statements="24" coveredstatements="24" conditionals="24" coveredconditionals="19" methods="2" coveredmethods="2"/>
        <line num="1" count="1" type="stmt"/>
        <line num="7" count="1" type="stmt"/>
        <line num="8" count="1" type="stmt"/>
        <line num="9" count="1" type="stmt"/>
        <line num="18" count="1" type="stmt"/>
        <line num="20" count="4" type="cond" truecount="6" falsecount="2"/>
        <line num="21" count="4" type="stmt"/>
        <line num="25" count="7" type="stmt"/>
        <line num="29" count="7" type="cond" truecount="2" falsecount="0"/>
        <line num="30" count="1" type="stmt"/>
        <line num="33" count="6" type="stmt"/>
        <line num="41" count="6" type="cond" truecount="3" falsecount="2"/>
        <line num="42" count="6" type="cond" truecount="1" falsecount="1"/>
        <line num="43" count="6" type="cond" truecount="2" falsecount="0"/>
        <line num="47" count="3" type="stmt"/>
        <line num="50" count="3" type="stmt"/>
        <line num="51" count="3" type="cond" truecount="2" falsecount="0"/>
        <line num="52" count="1" type="stmt"/>
        <line num="54" count="2" type="stmt"/>
        <line num="55" count="2" type="stmt"/>
        <line num="56" count="2" type="stmt"/>
        <line num="57" count="1" type="stmt"/>
        <line num="58" count="1" type="stmt"/>
        <line num="60" count="1" type="stmt"/>
      </file>
    </package>
    <package name="src.interfaces.http.common">
      <metrics statements="3" coveredstatements="3" conditionals="0" coveredconditionals="0" methods="1" coveredmethods="1"/>
      <file name="public.decorator.ts" path="/Users/edenarielguzmanandia/Projects/SmartBiometricAuthenticator/backend/src/interfaces/http/common/public.decorator.ts">
        <metrics statements="3" coveredstatements="3" conditionals="0" coveredconditionals="0" methods="1" coveredmethods="1"/>
        <line num="1" count="2" type="stmt"/>
        <line num="3" count="2" type="stmt"/>
        <line num="4" count="2" type="stmt"/>
      </file>
    </package>
    <package name="src.interfaces.http.users">
      <metrics statements="104" coveredstatements="104" conditionals="128" coveredconditionals="105" methods="12" coveredmethods="11"/>
      <file name="users.service.ts" path="/Users/edenarielguzmanandia/Projects/SmartBiometricAuthenticator/backend/src/interfaces/http/users/users.service.ts">
        <metrics statements="104" coveredstatements="104" conditionals="128" coveredconditionals="105" methods="12" coveredmethods="11"/>
        <line num="1" count="1" type="stmt"/>
        <line num="7" count="1" type="stmt"/>
        <line num="8" count="1" type="stmt"/>
        <line num="9" count="1" type="stmt"/>
        <line num="10" count="1" type="stmt"/>
        <line num="11" count="1" type="stmt"/>
        <line num="12" count="1" type="stmt"/>
        <line num="13" count="1" type="stmt"/>
        <line num="18" count="1" type="stmt"/>
        <line num="21" count="23" type="cond" truecount="2" falsecount="0"/>
        <line num="25" count="1" type="stmt"/>
        <line num="28" count="12" type="cond" truecount="6" falsecount="2"/>
        <line num="30" count="12" type="cond" truecount="3" falsecount="1"/>
        <line num="32" count="12" type="stmt"/>
        <line num="36" count="8" type="stmt"/>
        <line num="60" count="2" type="cond" truecount="2" falsecount="0"/>
        <line num="61" count="1" type="stmt"/>
        <line num="64" count="1" type="stmt"/>
        <line num="71" count="1" type="cond" truecount="1" falsecount="1"/>
        <line num="72" count="1" type="stmt"/>
        <line num="75" count="1" type="stmt"/>
        <line num="76" count="1" type="stmt"/>
        <line num="80" count="4" type="stmt"/>
        <line num="81" count="4" type="cond" truecount="2" falsecount="0"/>
        <line num="83" count="3" type="cond" truecount="2" falsecount="0"/>
        <line num="84" count="1" type="stmt"/>
        <line num="87" count="2" type="cond" truecount="2" falsecount="0"/>
        <line num="92" count="1" type="stmt"/>
        <line num="95" count="1" type="stmt"/>
        <line num="103" count="4" type="cond" truecount="2" falsecount="0"/>
        <line num="104" count="1" type="stmt"/>
        <line num="107" count="3" type="stmt"/>
        <line num="108" count="3" type="stmt"/>
        <line num="109" count="3" type="cond" truecount="2" falsecount="0"/>
        <line num="111" count="2" type="cond" truecount="2" falsecount="0"/>
        <line num="112" count="2" type="cond" truecount="4" falsecount="0"/>
        <line num="113" count="1" type="stmt"/>
        <line num="116" count="1" type="stmt"/>
        <line num="117" count="1" type="cond" truecount="1" falsecount="1"/>
        <line num="119" count="1" type="cond" truecount="1" falsecount="1"/>
        <line num="123" count="1" type="stmt"/>
        <line num="133" count="1" type="stmt"/>
        <line num="134" count="1" type="stmt"/>
        <line num="135" count="1" type="stmt"/>
        <line num="144" count="8" type="stmt"/>
        <line num="145" count="8" type="cond" truecount="1" falsecount="1"/>
        <line num="147" count="8" type="stmt"/>
        <line num="149" count="8" type="cond" truecount="3" falsecount="0"/>
        <line num="153" count="8" type="cond" truecount="4" falsecount="0"/>
        <line num="154" count="1" type="stmt"/>
        <line num="157" count="7" type="cond" truecount="5" falsecount="0"/>
        <line num="158" count="1" type="stmt"/>
        <line num="161" count="6" type="cond" truecount="4" falsecount="0"/>
        <line num="162" count="2" type="stmt"/>
        <line num="163" count="2" type="cond" truecount="2" falsecount="0"/>
        <line num="164" count="1" type="stmt"/>
        <line num="166" count="5" type="cond" truecount="1" falsecount="1"/>
        <line num="167" count="5" type="cond" truecount="1" falsecount="1"/>
        <line num="168" count="5" type="cond" truecount="1" falsecount="1"/>
        <line num="169" count="5" type="cond" truecount="2" falsecount="0"/>
        <line num="170" count="5" type="cond" truecount="2" falsecount="0"/>
        <line num="171" count="1" type="stmt"/>
        <line num="173" count="5" type="cond" truecount="2" falsecount="0"/>
        <line num="174" count="2" type="cond" truecount="2" falsecount="0"/>
        <line num="175" count="1" type="stmt"/>
        <line num="177" count="1" type="stmt"/>
        <line num="178" count="1" type="cond" truecount="1" falsecount="1"/>
        <line num="179" count="1" type="stmt"/>
        <line num="181" count="4" type="cond" truecount="2" falsecount="0"/>
        <line num="182" count="1" type="stmt"/>
        <line num="183" count="1" type="stmt"/>
        <line num="184" count="1" type="stmt"/>
        <line num="186" count="3" type="cond" truecount="1" falsecount="1"/>
        <line num="187" count="3" type="cond" truecount="1" falsecount="1"/>
        <line num="188" count="3" type="cond" truecount="1" falsecount="1"/>
        <line num="190" count="4" type="stmt"/>
        <line num="191" count="4" type="stmt"/>
        <line num="192" count="4" type="stmt"/>
        <line num="196" count="1" type="stmt"/>
        <line num="200" count="4" type="stmt"/>
        <line num="201" count="4" type="cond" truecount="1" falsecount="1"/>
        <line num="202" count="4" type="cond" truecount="4" falsecount="0"/>
        <line num="203" count="1" type="stmt"/>
        <line num="205" count="3" type="stmt"/>
        <line num="214" count="4" type="cond" truecount="2" falsecount="0"/>
        <line num="215" count="1" type="stmt"/>
        <line num="217" count="3" type="stmt"/>
        <line num="219" count="2" type="stmt"/>
        <line num="220" count="2" type="cond" truecount="2" falsecount="0"/>
        <line num="221" count="1" type="stmt"/>
        <line num="228" count="1" type="cond" truecount="1" falsecount="1"/>
        <line num="229" count="1" type="cond" truecount="1" falsecount="1"/>
        <line num="230" count="1" type="cond" truecount="1" falsecount="1"/>
        <line num="232" count="2" type="stmt"/>
        <line num="233" count="2" type="stmt"/>
        <line num="245" count="3" type="cond" truecount="2" falsecount="0"/>
        <line num="246" count="1" type="stmt"/>
        <line num="247" count="1" type="cond" truecount="1" falsecount="1"/>
        <line num="248" count="2" type="cond" truecount="2" falsecount="0"/>
        <line num="249" count="1" type="stmt"/>
        <line num="251" count="1" type="stmt"/>
        <line num="254" count="2" type="stmt"/>
        <line num="255" count="2" type="cond" truecount="2" falsecount="0"/>
        <line num="256" count="1" type="stmt"/>
      </file>
    </package>
  </project>
</coverage>
