{"/Users/edenarielguzmanandia/Projects/SmartBiometricAuthenticator/backend/src/app.service.ts": {"path":"/Users/edenarielguzmanandia/Projects/SmartBiometricAuthenticator/backend/src/app.service.ts","statementMap":{"0":{"start":{"line":1,"column":0},"end":{"line":1,"column":44}},"1":{"start":{"line":4,"column":7},"end":{"line":8,"column":null}},"2":{"start":{"line":6,"column":4},"end":{"line":6,"column":26}},"3":{"start":{"line":4,"column":13},"end":{"line":4,"column":23}},"4":{"start":{"line":4,"column":13},"end":{"line":8,"column":null}}},"fnMap":{"0":{"name":"(anonymous_1)","decl":{"start":{"line":5,"column":2},"end":{"line":5,"column":10}},"loc":{"start":{"line":5,"column":10},"end":{"line":7,"column":3}}}},"branchMap":{},"s":{"0":1,"1":1,"2":1,"3":1,"4":1},"f":{"0":1},"b":{}}
,"/Users/edenarielguzmanandia/Projects/SmartBiometricAuthenticator/backend/src/application/cameras/use-cases/register-camera.usecase.ts": {"path":"/Users/edenarielguzmanandia/Projects/SmartBiometricAuthenticator/backend/src/application/cameras/use-cases/register-camera.usecase.ts","statementMap":{"0":{"start":{"line":1,"column":0},"end":{"line":1,"column":52}},"1":{"start":{"line":2,"column":0},"end":{"line":2,"column":36}},"2":{"start":{"line":3,"column":0},"end":{"line":3,"column":55}},"3":{"start":{"line":18,"column":7},"end":{"line":45,"column":null}},"4":{"start":{"line":21,"column":21},"end":{"line":21,"column":59}},"5":{"start":{"line":26,"column":4},"end":{"line":26,"column":57}},"6":{"start":{"line":30,"column":19},"end":{"line":40,"column":6}},"7":{"start":{"line":42,"column":4},"end":{"line":42,"column":45}},"8":{"start":{"line":43,"column":4},"end":{"line":43,"column":18}},"9":{"start":{"line":18,"column":13},"end":{"line":18,"column":34}},"10":{"start":{"line":18,"column":13},"end":{"line":45,"column":null}}},"fnMap":{"0":{"name":"(anonymous_4)","decl":{"start":{"line":19,"column":2},"end":{"line":19,"column":null}},"loc":{"start":{"line":21,"column":59},"end":{"line":22,"column":6}}},"1":{"name":"(anonymous_5)","decl":{"start":{"line":25,"column":10},"end":{"line":25,"column":25}},"loc":{"start":{"line":25,"column":39},"end":{"line":27,"column":3}}},"2":{"name":"(anonymous_6)","decl":{"start":{"line":29,"column":2},"end":{"line":29,"column":7}},"loc":{"start":{"line":29,"column":46},"end":{"line":44,"column":3}}}},"branchMap":{},"s":{"0":1,"1":1,"2":1,"3":1,"4":1,"5":1,"6":1,"7":1,"8":1,"9":1,"10":1},"f":{"0":1,"1":1,"2":1},"b":{}}
,"/Users/edenarielguzmanandia/Projects/SmartBiometricAuthenticator/backend/src/application/cameras/use-cases/update-camera.usecase.ts": {"path":"/Users/edenarielguzmanandia/Projects/SmartBiometricAuthenticator/backend/src/application/cameras/use-cases/update-camera.usecase.ts","statementMap":{"0":{"start":{"line":1,"column":0},"end":{"line":1,"column":71}},"1":{"start":{"line":7,"column":7},"end":{"line":59,"column":null}},"2":{"start":{"line":10,"column":21},"end":{"line":10,"column":59}},"3":{"start":{"line":14,"column":4},"end":{"line":14,"column":57}},"4":{"start":{"line":18,"column":19},"end":{"line":18,"column":59}},"5":{"start":{"line":19,"column":4},"end":{"line":21,"column":5}},"6":{"start":{"line":20,"column":6},"end":{"line":20,"column":58}},"7":{"start":{"line":23,"column":60},"end":{"line":23,"column":62}},"8":{"start":{"line":25,"column":4},"end":{"line":28,"column":5}},"9":{"start":{"line":26,"column":16},"end":{"line":26,"column":31}},"10":{"start":{"line":27,"column":6},"end":{"line":27,"column":39}},"11":{"start":{"line":27,"column":24},"end":{"line":27,"column":39}},"12":{"start":{"line":29,"column":4},"end":{"line":31,"column":5}},"13":{"start":{"line":30,"column":6},"end":{"line":30,"column":38}},"14":{"start":{"line":32,"column":4},"end":{"line":34,"column":5}},"15":{"start":{"line":33,"column":6},"end":{"line":33,"column":36}},"16":{"start":{"line":35,"column":4},"end":{"line":38,"column":5}},"17":{"start":{"line":36,"column":16},"end":{"line":36,"column":35}},"18":{"start":{"line":37,"column":6},"end":{"line":37,"column":43}},"19":{"start":{"line":37,"column":24},"end":{"line":37,"column":43}},"20":{"start":{"line":39,"column":4},"end":{"line":41,"column":5}},"21":{"start":{"line":40,"column":6},"end":{"line":40,"column":74}},"22":{"start":{"line":42,"column":4},"end":{"line":45,"column":5}},"23":{"start":{"line":43,"column":16},"end":{"line":43,"column":35}},"24":{"start":{"line":44,"column":6},"end":{"line":44,"column":43}},"25":{"start":{"line":44,"column":24},"end":{"line":44,"column":43}},"26":{"start":{"line":46,"column":4},"end":{"line":48,"column":5}},"27":{"start":{"line":47,"column":6},"end":{"line":47,"column":51}},"28":{"start":{"line":50,"column":4},"end":{"line":50,"column":34}},"29":{"start":{"line":52,"column":4},"end":{"line":54,"column":5}},"30":{"start":{"line":53,"column":6},"end":{"line":53,"column":37}},"31":{"start":{"line":56,"column":4},"end":{"line":56,"column":45}},"32":{"start":{"line":57,"column":4},"end":{"line":57,"column":18}},"33":{"start":{"line":7,"column":13},"end":{"line":7,"column":32}},"34":{"start":{"line":7,"column":13},"end":{"line":59,"column":null}}},"fnMap":{"0":{"name":"(anonymous_4)","decl":{"start":{"line":8,"column":2},"end":{"line":8,"column":null}},"loc":{"start":{"line":10,"column":59},"end":{"line":11,"column":6}}},"1":{"name":"(anonymous_5)","decl":{"start":{"line":13,"column":10},"end":{"line":13,"column":25}},"loc":{"start":{"line":13,"column":39},"end":{"line":15,"column":3}}},"2":{"name":"(anonymous_6)","decl":{"start":{"line":17,"column":2},"end":{"line":17,"column":7}},"loc":{"start":{"line":17,"column":65},"end":{"line":58,"column":3}}}},"branchMap":{"0":{"loc":{"start":{"line":19,"column":4},"end":{"line":21,"column":5}},"type":"if","locations":[{"start":{"line":19,"column":4},"end":{"line":21,"column":5}},{"start":{},"end":{}}]},"1":{"loc":{"start":{"line":19,"column":8},"end":{"line":19,"column":45}},"type":"binary-expr","locations":[{"start":{"line":19,"column":8},"end":{"line":19,"column":15}},{"start":{"line":19,"column":19},"end":{"line":19,"column":45}}]},"2":{"loc":{"start":{"line":25,"column":4},"end":{"line":28,"column":5}},"type":"if","locations":[{"start":{"line":25,"column":4},"end":{"line":28,"column":5}},{"start":{},"end":{}}]},"3":{"loc":{"start":{"line":27,"column":6},"end":{"line":27,"column":39}},"type":"if","locations":[{"start":{"line":27,"column":6},"end":{"line":27,"column":39}},{"start":{},"end":{}}]},"4":{"loc":{"start":{"line":29,"column":4},"end":{"line":31,"column":5}},"type":"if","locations":[{"start":{"line":29,"column":4},"end":{"line":31,"column":5}},{"start":{},"end":{}}]},"5":{"loc":{"start":{"line":32,"column":4},"end":{"line":34,"column":5}},"type":"if","locations":[{"start":{"line":32,"column":4},"end":{"line":34,"column":5}},{"start":{},"end":{}}]},"6":{"loc":{"start":{"line":32,"column":8},"end":{"line":32,"column":49}},"type":"binary-expr","locations":[{"start":{"line":32,"column":8},"end":{"line":32,"column":30}},{"start":{"line":32,"column":34},"end":{"line":32,"column":49}}]},"7":{"loc":{"start":{"line":35,"column":4},"end":{"line":38,"column":5}},"type":"if","locations":[{"start":{"line":35,"column":4},"end":{"line":38,"column":5}},{"start":{},"end":{}}]},"8":{"loc":{"start":{"line":37,"column":6},"end":{"line":37,"column":43}},"type":"if","locations":[{"start":{"line":37,"column":6},"end":{"line":37,"column":43}},{"start":{},"end":{}}]},"9":{"loc":{"start":{"line":39,"column":4},"end":{"line":41,"column":5}},"type":"if","locations":[{"start":{"line":39,"column":4},"end":{"line":41,"column":5}},{"start":{},"end":{}}]},"10":{"loc":{"start":{"line":39,"column":8},"end":{"line":39,"column":68}},"type":"binary-expr","locations":[{"start":{"line":39,"column":8},"end":{"line":39,"column":34}},{"start":{"line":39,"column":38},"end":{"line":39,"column":68}}]},"11":{"loc":{"start":{"line":42,"column":4},"end":{"line":45,"column":5}},"type":"if","locations":[{"start":{"line":42,"column":4},"end":{"line":45,"column":5}},{"start":{},"end":{}}]},"12":{"loc":{"start":{"line":44,"column":6},"end":{"line":44,"column":43}},"type":"if","locations":[{"start":{"line":44,"column":6},"end":{"line":44,"column":43}},{"start":{},"end":{}}]},"13":{"loc":{"start":{"line":46,"column":4},"end":{"line":48,"column":5}},"type":"if","locations":[{"start":{"line":46,"column":4},"end":{"line":48,"column":5}},{"start":{},"end":{}}]},"14":{"loc":{"start":{"line":47,"column":23},"end":{"line":47,"column":50}},"type":"binary-expr","locations":[{"start":{"line":47,"column":23},"end":{"line":47,"column":42}},{"start":{"line":47,"column":46},"end":{"line":47,"column":50}}]},"15":{"loc":{"start":{"line":52,"column":4},"end":{"line":54,"column":5}},"type":"if","locations":[{"start":{"line":52,"column":4},"end":{"line":54,"column":5}},{"start":{},"end":{}}]}},"s":{"0":1,"1":1,"2":4,"3":1,"4":5,"5":5,"6":2,"7":3,"8":3,"9":2,"10":2,"11":1,"12":3,"13":1,"14":3,"15":1,"16":3,"17":2,"18":2,"19":1,"20":3,"21":1,"22":3,"23":1,"24":1,"25":1,"26":3,"27":2,"28":3,"29":3,"30":2,"31":3,"32":3,"33":1,"34":1},"f":{"0":4,"1":1,"2":5},"b":{"0":[2,3],"1":[5,4],"2":[2,1],"3":[1,1],"4":[1,2],"5":[1,2],"6":[3,2],"7":[2,1],"8":[1,1],"9":[1,2],"10":[3,2],"11":[1,2],"12":[1,0],"13":[2,1],"14":[2,1],"15":[2,1]}}
,"/Users/edenarielguzmanandia/Projects/SmartBiometricAuthenticator/backend/src/application/contacts/use-cases/create-contact.usecase.ts": {"path":"/Users/edenarielguzmanandia/Projects/SmartBiometricAuthenticator/backend/src/application/contacts/use-cases/create-contact.usecase.ts","statementMap":{"0":{"start":{"line":1,"column":0},"end":{"line":1,"column":52}},"1":{"start":{"line":2,"column":0},"end":{"line":2,"column":36}},"2":{"start":{"line":3,"column":0},"end":{"line":3,"column":79}},"3":{"start":{"line":15,"column":7},"end":{"line":35,"column":null}},"4":{"start":{"line":18,"column":21},"end":{"line":18,"column":61}},"5":{"start":{"line":22,"column":20},"end":{"line":29,"column":6}},"6":{"start":{"line":31,"column":4},"end":{"line":31,"column":47}},"7":{"start":{"line":33,"column":4},"end":{"line":33,"column":19}},"8":{"start":{"line":15,"column":13},"end":{"line":15,"column":33}},"9":{"start":{"line":15,"column":13},"end":{"line":35,"column":null}}},"fnMap":{"0":{"name":"(anonymous_4)","decl":{"start":{"line":16,"column":2},"end":{"line":16,"column":null}},"loc":{"start":{"line":18,"column":61},"end":{"line":19,"column":6}}},"1":{"name":"(anonymous_5)","decl":{"start":{"line":21,"column":2},"end":{"line":21,"column":7}},"loc":{"start":{"line":21,"column":45},"end":{"line":34,"column":3}}}},"branchMap":{},"s":{"0":1,"1":1,"2":1,"3":1,"4":1,"5":1,"6":1,"7":1,"8":1,"9":1},"f":{"0":1,"1":1},"b":{}}
,"/Users/edenarielguzmanandia/Projects/SmartBiometricAuthenticator/backend/src/application/events/use-cases/list-latest-events.usecase.ts": {"path":"/Users/edenarielguzmanandia/Projects/SmartBiometricAuthenticator/backend/src/application/events/use-cases/list-latest-events.usecase.ts","statementMap":{"0":{"start":{"line":1,"column":0},"end":{"line":1,"column":52}},"1":{"start":{"line":11,"column":7},"end":{"line":21,"column":null}},"2":{"start":{"line":14,"column":21},"end":{"line":14,"column":57}},"3":{"start":{"line":18,"column":18},"end":{"line":18,"column":67}},"4":{"start":{"line":19,"column":4},"end":{"line":19,"column":72}},"5":{"start":{"line":11,"column":13},"end":{"line":11,"column":36}},"6":{"start":{"line":11,"column":13},"end":{"line":21,"column":null}}},"fnMap":{"0":{"name":"(anonymous_4)","decl":{"start":{"line":12,"column":2},"end":{"line":12,"column":null}},"loc":{"start":{"line":14,"column":57},"end":{"line":15,"column":6}}},"1":{"name":"(anonymous_5)","decl":{"start":{"line":17,"column":2},"end":{"line":17,"column":7}},"loc":{"start":{"line":17,"column":44},"end":{"line":20,"column":3}}}},"branchMap":{"0":{"loc":{"start":{"line":18,"column":18},"end":{"line":18,"column":67}},"type":"cond-expr","locations":[{"start":{"line":18,"column":51},"end":{"line":18,"column":62}},{"start":{"line":18,"column":65},"end":{"line":18,"column":67}}]},"1":{"loc":{"start":{"line":18,"column":18},"end":{"line":18,"column":48}},"type":"binary-expr","locations":[{"start":{"line":18,"column":18},"end":{"line":18,"column":29}},{"start":{"line":18,"column":33},"end":{"line":18,"column":48}}]}},"s":{"0":1,"1":1,"2":1,"3":3,"4":3,"5":1,"6":1},"f":{"0":1,"1":3},"b":{"0":[1,2],"1":[3,1]}}
,"/Users/edenarielguzmanandia/Projects/SmartBiometricAuthenticator/backend/src/domain/cameras/camera.entity.ts": {"path":"/Users/edenarielguzmanandia/Projects/SmartBiometricAuthenticator/backend/src/domain/cameras/camera.entity.ts","statementMap":{"0":{"start":{"line":1,"column":0},"end":{"line":1,"column":51}},"1":{"start":{"line":3,"column":0},"end":{"line":3,"column":null}},"2":{"start":{"line":4,"column":2},"end":{"line":4,"column":null}},"3":{"start":{"line":25,"column":4},"end":{"line":25,"column":14}},"4":{"start":{"line":26,"column":4},"end":{"line":26,"column":23}},"5":{"start":{"line":40,"column":16},"end":{"line":40,"column":26}},"6":{"start":{"line":41,"column":4},"end":{"line":53,"column":7}},"7":{"start":{"line":57,"column":4},"end":{"line":57,"column":33}},"8":{"start":{"line":61,"column":4},"end":{"line":61,"column":30}},"9":{"start":{"line":65,"column":4},"end":{"line":65,"column":27}},"10":{"start":{"line":69,"column":4},"end":{"line":69,"column":32}},"11":{"start":{"line":73,"column":4},"end":{"line":73,"column":27}},"12":{"start":{"line":77,"column":4},"end":{"line":77,"column":31}},"13":{"start":{"line":81,"column":4},"end":{"line":81,"column":40}},"14":{"start":{"line":85,"column":4},"end":{"line":85,"column":31}},"15":{"start":{"line":89,"column":4},"end":{"line":89,"column":31}},"16":{"start":{"line":93,"column":4},"end":{"line":93,"column":31}},"17":{"start":{"line":97,"column":4},"end":{"line":97,"column":32}},"18":{"start":{"line":101,"column":4},"end":{"line":101,"column":32}},"19":{"start":{"line":105,"column":4},"end":{"line":105,"column":32}},"20":{"start":{"line":106,"column":4},"end":{"line":106,"column":17}},"21":{"start":{"line":110,"column":4},"end":{"line":110,"column":27}},"22":{"start":{"line":111,"column":4},"end":{"line":111,"column":17}},"23":{"start":{"line":115,"column":4},"end":{"line":115,"column":43}},"24":{"start":{"line":116,"column":4},"end":{"line":116,"column":17}},"25":{"start":{"line":129,"column":18},"end":{"line":129,"column":23}},"26":{"start":{"line":130,"column":4},"end":{"line":133,"column":5}},"27":{"start":{"line":131,"column":6},"end":{"line":131,"column":35}},"28":{"start":{"line":132,"column":6},"end":{"line":132,"column":21}},"29":{"start":{"line":134,"column":4},"end":{"line":137,"column":5}},"30":{"start":{"line":135,"column":6},"end":{"line":135,"column":45}},"31":{"start":{"line":136,"column":6},"end":{"line":136,"column":21}},"32":{"start":{"line":138,"column":4},"end":{"line":141,"column":5}},"33":{"start":{"line":139,"column":6},"end":{"line":139,"column":35}},"34":{"start":{"line":140,"column":6},"end":{"line":140,"column":21}},"35":{"start":{"line":142,"column":4},"end":{"line":145,"column":5}},"36":{"start":{"line":143,"column":6},"end":{"line":143,"column":43}},"37":{"start":{"line":144,"column":6},"end":{"line":144,"column":21}},"38":{"start":{"line":146,"column":4},"end":{"line":149,"column":5}},"39":{"start":{"line":147,"column":6},"end":{"line":147,"column":61}},"40":{"start":{"line":148,"column":6},"end":{"line":148,"column":21}},"41":{"start":{"line":150,"column":4},"end":{"line":153,"column":5}},"42":{"start":{"line":151,"column":6},"end":{"line":151,"column":43}},"43":{"start":{"line":152,"column":6},"end":{"line":152,"column":21}},"44":{"start":{"line":154,"column":4},"end":{"line":157,"column":5}},"45":{"start":{"line":155,"column":6},"end":{"line":155,"column":43}},"46":{"start":{"line":156,"column":6},"end":{"line":156,"column":21}},"47":{"start":{"line":158,"column":4},"end":{"line":158,"column":30}},"48":{"start":{"line":158,"column":17},"end":{"line":158,"column":30}},"49":{"start":{"line":162,"column":4},"end":{"line":162,"column":47}},"50":{"start":{"line":162,"column":40},"end":{"line":162,"column":47}},"51":{"start":{"line":163,"column":4},"end":{"line":163,"column":33}},"52":{"start":{"line":164,"column":4},"end":{"line":164,"column":17}},"53":{"start":{"line":168,"column":4},"end":{"line":168,"column":38}},"54":{"start":{"line":21,"column":0},"end":{"line":21,"column":13}}},"fnMap":{"0":{"name":"(anonymous_0)","decl":{"start":{"line":3,"column":0},"end":{"line":3,"column":12}},"loc":{"start":{"line":3,"column":26},"end":{"line":5,"column":1}}},"1":{"name":"(anonymous_1)","decl":{"start":{"line":24,"column":2},"end":{"line":24,"column":22}},"loc":{"start":{"line":24,"column":52},"end":{"line":27,"column":3}}},"2":{"name":"(anonymous_2)","decl":{"start":{"line":29,"column":2},"end":{"line":29,"column":8}},"loc":{"start":{"line":39,"column":3},"end":{"line":54,"column":3}}},"3":{"name":"(anonymous_3)","decl":{"start":{"line":56,"column":2},"end":{"line":56,"column":8}},"loc":{"start":{"line":56,"column":47},"end":{"line":58,"column":3}}},"4":{"name":"(anonymous_4)","decl":{"start":{"line":60,"column":2},"end":{"line":60,"column":6}},"loc":{"start":{"line":60,"column":13},"end":{"line":62,"column":3}}},"5":{"name":"(anonymous_5)","decl":{"start":{"line":64,"column":2},"end":{"line":64,"column":6}},"loc":{"start":{"line":64,"column":10},"end":{"line":66,"column":3}}},"6":{"name":"(anonymous_6)","decl":{"start":{"line":68,"column":2},"end":{"line":68,"column":6}},"loc":{"start":{"line":68,"column":15},"end":{"line":70,"column":3}}},"7":{"name":"(anonymous_7)","decl":{"start":{"line":72,"column":2},"end":{"line":72,"column":6}},"loc":{"start":{"line":72,"column":10},"end":{"line":74,"column":3}}},"8":{"name":"(anonymous_8)","decl":{"start":{"line":76,"column":2},"end":{"line":76,"column":6}},"loc":{"start":{"line":76,"column":14},"end":{"line":78,"column":3}}},"9":{"name":"(anonymous_9)","decl":{"start":{"line":80,"column":2},"end":{"line":80,"column":6}},"loc":{"start":{"line":80,"column":23},"end":{"line":82,"column":3}}},"10":{"name":"(anonymous_10)","decl":{"start":{"line":84,"column":2},"end":{"line":84,"column":6}},"loc":{"start":{"line":84,"column":14},"end":{"line":86,"column":3}}},"11":{"name":"(anonymous_11)","decl":{"start":{"line":88,"column":2},"end":{"line":88,"column":6}},"loc":{"start":{"line":88,"column":14},"end":{"line":90,"column":3}}},"12":{"name":"(anonymous_12)","decl":{"start":{"line":92,"column":2},"end":{"line":92,"column":6}},"loc":{"start":{"line":92,"column":14},"end":{"line":94,"column":3}}},"13":{"name":"(anonymous_13)","decl":{"start":{"line":96,"column":2},"end":{"line":96,"column":6}},"loc":{"start":{"line":96,"column":15},"end":{"line":98,"column":3}}},"14":{"name":"(anonymous_14)","decl":{"start":{"line":100,"column":2},"end":{"line":100,"column":6}},"loc":{"start":{"line":100,"column":15},"end":{"line":102,"column":3}}},"15":{"name":"(anonymous_15)","decl":{"start":{"line":104,"column":2},"end":{"line":104,"column":12}},"loc":{"start":{"line":104,"column":12},"end":{"line":107,"column":3}}},"16":{"name":"(anonymous_16)","decl":{"start":{"line":109,"column":2},"end":{"line":109,"column":8}},"loc":{"start":{"line":109,"column":21},"end":{"line":112,"column":3}}},"17":{"name":"(anonymous_17)","decl":{"start":{"line":114,"column":2},"end":{"line":114,"column":6}},"loc":{"start":{"line":114,"column":31},"end":{"line":117,"column":3}}},"18":{"name":"(anonymous_18)","decl":{"start":{"line":120,"column":2},"end":{"line":120,"column":17}},"loc":{"start":{"line":128,"column":3},"end":{"line":159,"column":3}}},"19":{"name":"(anonymous_19)","decl":{"start":{"line":161,"column":2},"end":{"line":161,"column":11}},"loc":{"start":{"line":161,"column":27},"end":{"line":165,"column":3}}},"20":{"name":"(anonymous_20)","decl":{"start":{"line":167,"column":10},"end":{"line":167,"column":15}},"loc":{"start":{"line":167,"column":15},"end":{"line":169,"column":3}}}},"branchMap":{"0":{"loc":{"start":{"line":3,"column":12},"end":{"line":3,"column":null}},"type":"binary-expr","locations":[{"start":{"line":3,"column":12},"end":{"line":3,"column":26}},{"start":{"line":3,"column":26},"end":{"line":3,"column":null}}]},"1":{"loc":{"start":{"line":49,"column":16},"end":{"line":49,"column":39}},"type":"binary-expr","locations":[{"start":{"line":49,"column":16},"end":{"line":49,"column":31}},{"start":{"line":49,"column":35},"end":{"line":49,"column":39}}]},"2":{"loc":{"start":{"line":115,"column":26},"end":{"line":115,"column":42}},"type":"binary-expr","locations":[{"start":{"line":115,"column":26},"end":{"line":115,"column":34}},{"start":{"line":115,"column":38},"end":{"line":115,"column":42}}]},"3":{"loc":{"start":{"line":130,"column":4},"end":{"line":133,"column":5}},"type":"if","locations":[{"start":{"line":130,"column":4},"end":{"line":133,"column":5}},{"start":{},"end":{}}]},"4":{"loc":{"start":{"line":134,"column":4},"end":{"line":137,"column":5}},"type":"if","locations":[{"start":{"line":134,"column":4},"end":{"line":137,"column":5}},{"start":{},"end":{}}]},"5":{"loc":{"start":{"line":138,"column":4},"end":{"line":141,"column":5}},"type":"if","locations":[{"start":{"line":138,"column":4},"end":{"line":141,"column":5}},{"start":{},"end":{}}]},"6":{"loc":{"start":{"line":142,"column":4},"end":{"line":145,"column":5}},"type":"if","locations":[{"start":{"line":142,"column":4},"end":{"line":145,"column":5}},{"start":{},"end":{}}]},"7":{"loc":{"start":{"line":146,"column":4},"end":{"line":149,"column":5}},"type":"if","locations":[{"start":{"line":146,"column":4},"end":{"line":149,"column":5}},{"start":{},"end":{}}]},"8":{"loc":{"start":{"line":150,"column":4},"end":{"line":153,"column":5}},"type":"if","locations":[{"start":{"line":150,"column":4},"end":{"line":153,"column":5}},{"start":{},"end":{}}]},"9":{"loc":{"start":{"line":154,"column":4},"end":{"line":157,"column":5}},"type":"if","locations":[{"start":{"line":154,"column":4},"end":{"line":157,"column":5}},{"start":{},"end":{}}]},"10":{"loc":{"start":{"line":158,"column":4},"end":{"line":158,"column":30}},"type":"if","locations":[{"start":{"line":158,"column":4},"end":{"line":158,"column":30}},{"start":{},"end":{}}]},"11":{"loc":{"start":{"line":162,"column":4},"end":{"line":162,"column":47}},"type":"if","locations":[{"start":{"line":162,"column":4},"end":{"line":162,"column":47}},{"start":{},"end":{}}]}},"s":{"0":3,"1":3,"2":3,"3":11,"4":11,"5":10,"6":10,"7":1,"8":5,"9":5,"10":1,"11":2,"12":3,"13":2,"14":1,"15":5,"16":7,"17":1,"18":6,"19":1,"20":1,"21":1,"22":1,"23":2,"24":2,"25":5,"26":5,"27":1,"28":1,"29":5,"30":1,"31":1,"32":5,"33":2,"34":2,"35":5,"36":1,"37":1,"38":5,"39":1,"40":1,"41":5,"42":1,"43":1,"44":5,"45":2,"46":2,"47":5,"48":3,"49":5,"50":1,"51":4,"52":4,"53":11,"54":3},"f":{"0":3,"1":11,"2":10,"3":1,"4":5,"5":5,"6":1,"7":2,"8":3,"9":2,"10":1,"11":5,"12":7,"13":1,"14":6,"15":1,"16":1,"17":2,"18":5,"19":5,"20":11},"b":{"0":[3,3],"1":[10,4],"2":[2,1],"3":[1,4],"4":[1,4],"5":[2,3],"6":[1,4],"7":[1,4],"8":[1,4],"9":[2,3],"10":[3,2],"11":[1,4]}}
,"/Users/edenarielguzmanandia/Projects/SmartBiometricAuthenticator/backend/src/domain/common/entity.base.ts": {"path":"/Users/edenarielguzmanandia/Projects/SmartBiometricAuthenticator/backend/src/domain/common/entity.base.ts","statementMap":{"0":{"start":{"line":2,"column":40},"end":{"line":2,"column":47}},"1":{"start":{"line":1,"column":0},"end":{"line":1,"column":22}}},"fnMap":{"0":{"name":"(anonymous_0)","decl":{"start":{"line":2,"column":2},"end":{"line":2,"column":40}},"loc":{"start":{"line":2,"column":47},"end":{"line":2,"column":51}}}},"branchMap":{},"s":{"0":18,"1":7},"f":{"0":18},"b":{}}
,"/Users/edenarielguzmanandia/Projects/SmartBiometricAuthenticator/backend/src/domain/contacts/contact.entity.ts": {"path":"/Users/edenarielguzmanandia/Projects/SmartBiometricAuthenticator/backend/src/domain/contacts/contact.entity.ts","statementMap":{"0":{"start":{"line":1,"column":0},"end":{"line":1,"column":51}},"1":{"start":{"line":3,"column":0},"end":{"line":3,"column":null}},"2":{"start":{"line":4,"column":2},"end":{"line":4,"column":null}},"3":{"start":{"line":5,"column":2},"end":{"line":5,"column":null}},"4":{"start":{"line":6,"column":2},"end":{"line":6,"column":null}},"5":{"start":{"line":7,"column":2},"end":{"line":7,"column":null}},"6":{"start":{"line":8,"column":2},"end":{"line":8,"column":null}},"7":{"start":{"line":26,"column":4},"end":{"line":26,"column":14}},"8":{"start":{"line":27,"column":4},"end":{"line":27,"column":23}},"9":{"start":{"line":38,"column":16},"end":{"line":38,"column":26}},"10":{"start":{"line":40,"column":4},"end":{"line":49,"column":7}},"11":{"start":{"line":53,"column":4},"end":{"line":53,"column":34}},"12":{"start":{"line":57,"column":4},"end":{"line":57,"column":30}},"13":{"start":{"line":61,"column":4},"end":{"line":61,"column":27}},"14":{"start":{"line":65,"column":4},"end":{"line":65,"column":35}},"15":{"start":{"line":69,"column":4},"end":{"line":69,"column":28}},"16":{"start":{"line":73,"column":4},"end":{"line":73,"column":28}},"17":{"start":{"line":77,"column":4},"end":{"line":77,"column":31}},"18":{"start":{"line":81,"column":4},"end":{"line":81,"column":32}},"19":{"start":{"line":85,"column":4},"end":{"line":85,"column":32}},"20":{"start":{"line":89,"column":4},"end":{"line":89,"column":32}},"21":{"start":{"line":90,"column":4},"end":{"line":90,"column":17}},"22":{"start":{"line":94,"column":4},"end":{"line":94,"column":27}},"23":{"start":{"line":95,"column":4},"end":{"line":95,"column":17}},"24":{"start":{"line":99,"column":4},"end":{"line":99,"column":43}},"25":{"start":{"line":100,"column":4},"end":{"line":100,"column":17}},"26":{"start":{"line":104,"column":4},"end":{"line":104,"column":37}},"27":{"start":{"line":105,"column":4},"end":{"line":105,"column":37}},"28":{"start":{"line":106,"column":4},"end":{"line":106,"column":17}},"29":{"start":{"line":110,"column":4},"end":{"line":110,"column":38}},"30":{"start":{"line":22,"column":0},"end":{"line":22,"column":13}}},"fnMap":{"0":{"name":"(anonymous_0)","decl":{"start":{"line":3,"column":0},"end":{"line":3,"column":12}},"loc":{"start":{"line":3,"column":31},"end":{"line":9,"column":1}}},"1":{"name":"(anonymous_1)","decl":{"start":{"line":25,"column":2},"end":{"line":25,"column":22}},"loc":{"start":{"line":25,"column":53},"end":{"line":28,"column":3}}},"2":{"name":"(anonymous_2)","decl":{"start":{"line":30,"column":2},"end":{"line":30,"column":8}},"loc":{"start":{"line":37,"column":3},"end":{"line":50,"column":3}}},"3":{"name":"(anonymous_3)","decl":{"start":{"line":52,"column":2},"end":{"line":52,"column":8}},"loc":{"start":{"line":52,"column":48},"end":{"line":54,"column":3}}},"4":{"name":"(anonymous_4)","decl":{"start":{"line":56,"column":2},"end":{"line":56,"column":6}},"loc":{"start":{"line":56,"column":13},"end":{"line":58,"column":3}}},"5":{"name":"(anonymous_5)","decl":{"start":{"line":60,"column":2},"end":{"line":60,"column":6}},"loc":{"start":{"line":60,"column":10},"end":{"line":62,"column":3}}},"6":{"name":"(anonymous_6)","decl":{"start":{"line":64,"column":2},"end":{"line":64,"column":6}},"loc":{"start":{"line":64,"column":18},"end":{"line":66,"column":3}}},"7":{"name":"(anonymous_7)","decl":{"start":{"line":68,"column":2},"end":{"line":68,"column":6}},"loc":{"start":{"line":68,"column":11},"end":{"line":70,"column":3}}},"8":{"name":"(anonymous_8)","decl":{"start":{"line":72,"column":2},"end":{"line":72,"column":6}},"loc":{"start":{"line":72,"column":11},"end":{"line":74,"column":3}}},"9":{"name":"(anonymous_9)","decl":{"start":{"line":76,"column":2},"end":{"line":76,"column":6}},"loc":{"start":{"line":76,"column":14},"end":{"line":78,"column":3}}},"10":{"name":"(anonymous_10)","decl":{"start":{"line":80,"column":2},"end":{"line":80,"column":6}},"loc":{"start":{"line":80,"column":15},"end":{"line":82,"column":3}}},"11":{"name":"(anonymous_11)","decl":{"start":{"line":84,"column":2},"end":{"line":84,"column":6}},"loc":{"start":{"line":84,"column":15},"end":{"line":86,"column":3}}},"12":{"name":"(anonymous_12)","decl":{"start":{"line":88,"column":2},"end":{"line":88,"column":12}},"loc":{"start":{"line":88,"column":12},"end":{"line":91,"column":3}}},"13":{"name":"(anonymous_13)","decl":{"start":{"line":93,"column":2},"end":{"line":93,"column":8}},"loc":{"start":{"line":93,"column":21},"end":{"line":96,"column":3}}},"14":{"name":"(anonymous_14)","decl":{"start":{"line":98,"column":2},"end":{"line":98,"column":20}},"loc":{"start":{"line":98,"column":54},"end":{"line":101,"column":3}}},"15":{"name":"(anonymous_15)","decl":{"start":{"line":103,"column":2},"end":{"line":103,"column":19}},"loc":{"start":{"line":103,"column":64},"end":{"line":107,"column":3}}},"16":{"name":"(anonymous_16)","decl":{"start":{"line":109,"column":10},"end":{"line":109,"column":15}},"loc":{"start":{"line":109,"column":15},"end":{"line":111,"column":3}}}},"branchMap":{"0":{"loc":{"start":{"line":3,"column":12},"end":{"line":3,"column":null}},"type":"binary-expr","locations":[{"start":{"line":3,"column":12},"end":{"line":3,"column":31}},{"start":{"line":3,"column":31},"end":{"line":3,"column":null}}]},"1":{"loc":{"start":{"line":44,"column":13},"end":{"line":44,"column":33}},"type":"binary-expr","locations":[{"start":{"line":44,"column":13},"end":{"line":44,"column":25}},{"start":{"line":44,"column":29},"end":{"line":44,"column":33}}]},"2":{"loc":{"start":{"line":45,"column":13},"end":{"line":45,"column":33}},"type":"binary-expr","locations":[{"start":{"line":45,"column":13},"end":{"line":45,"column":25}},{"start":{"line":45,"column":29},"end":{"line":45,"column":33}}]},"3":{"loc":{"start":{"line":104,"column":23},"end":{"line":104,"column":36}},"type":"binary-expr","locations":[{"start":{"line":104,"column":23},"end":{"line":104,"column":28}},{"start":{"line":104,"column":32},"end":{"line":104,"column":36}}]},"4":{"loc":{"start":{"line":105,"column":23},"end":{"line":105,"column":36}},"type":"binary-expr","locations":[{"start":{"line":105,"column":23},"end":{"line":105,"column":28}},{"start":{"line":105,"column":32},"end":{"line":105,"column":36}}]}},"s":{"0":3,"1":3,"2":3,"3":3,"4":3,"5":3,"6":3,"7":4,"8":4,"9":3,"10":3,"11":1,"12":1,"13":2,"14":2,"15":2,"16":2,"17":2,"18":1,"19":1,"20":1,"21":1,"22":1,"23":1,"24":1,"25":1,"26":2,"27":2,"28":2,"29":5,"30":3},"f":{"0":3,"1":4,"2":3,"3":1,"4":1,"5":2,"6":2,"7":2,"8":2,"9":2,"10":1,"11":1,"12":1,"13":1,"14":1,"15":2,"16":5},"b":{"0":[3,3],"1":[3,1],"2":[3,2],"3":[2,1],"4":[2,1]}}
,"/Users/edenarielguzmanandia/Projects/SmartBiometricAuthenticator/backend/src/domain/events/event.entity.ts": {"path":"/Users/edenarielguzmanandia/Projects/SmartBiometricAuthenticator/backend/src/domain/events/event.entity.ts","statementMap":{"0":{"start":{"line":1,"column":0},"end":{"line":1,"column":51}},"1":{"start":{"line":3,"column":0},"end":{"line":3,"column":null}},"2":{"start":{"line":4,"column":2},"end":{"line":4,"column":null}},"3":{"start":{"line":5,"column":2},"end":{"line":5,"column":null}},"4":{"start":{"line":6,"column":2},"end":{"line":6,"column":null}},"5":{"start":{"line":8,"column":2},"end":{"line":8,"column":null}},"6":{"start":{"line":10,"column":2},"end":{"line":10,"column":null}},"7":{"start":{"line":25,"column":4},"end":{"line":25,"column":14}},"8":{"start":{"line":26,"column":4},"end":{"line":26,"column":23}},"9":{"start":{"line":36,"column":16},"end":{"line":36,"column":26}},"10":{"start":{"line":37,"column":4},"end":{"line":43,"column":7}},"11":{"start":{"line":47,"column":4},"end":{"line":47,"column":32}},"12":{"start":{"line":51,"column":4},"end":{"line":51,"column":31}},"13":{"start":{"line":55,"column":4},"end":{"line":55,"column":32}},"14":{"start":{"line":59,"column":4},"end":{"line":59,"column":27}},"15":{"start":{"line":63,"column":4},"end":{"line":63,"column":33}},"16":{"start":{"line":67,"column":4},"end":{"line":67,"column":35}},"17":{"start":{"line":21,"column":0},"end":{"line":21,"column":13}}},"fnMap":{"0":{"name":"(anonymous_0)","decl":{"start":{"line":3,"column":0},"end":{"line":3,"column":12}},"loc":{"start":{"line":3,"column":21},"end":{"line":11,"column":1}}},"1":{"name":"(anonymous_1)","decl":{"start":{"line":24,"column":2},"end":{"line":24,"column":22}},"loc":{"start":{"line":24,"column":51},"end":{"line":27,"column":3}}},"2":{"name":"(anonymous_2)","decl":{"start":{"line":29,"column":2},"end":{"line":29,"column":8}},"loc":{"start":{"line":35,"column":3},"end":{"line":44,"column":3}}},"3":{"name":"(anonymous_3)","decl":{"start":{"line":46,"column":2},"end":{"line":46,"column":8}},"loc":{"start":{"line":46,"column":46},"end":{"line":48,"column":3}}},"4":{"name":"(anonymous_4)","decl":{"start":{"line":50,"column":2},"end":{"line":50,"column":6}},"loc":{"start":{"line":50,"column":14},"end":{"line":52,"column":3}}},"5":{"name":"(anonymous_5)","decl":{"start":{"line":54,"column":2},"end":{"line":54,"column":6}},"loc":{"start":{"line":54,"column":15},"end":{"line":56,"column":3}}},"6":{"name":"(anonymous_6)","decl":{"start":{"line":58,"column":2},"end":{"line":58,"column":6}},"loc":{"start":{"line":58,"column":10},"end":{"line":60,"column":3}}},"7":{"name":"(anonymous_7)","decl":{"start":{"line":62,"column":2},"end":{"line":62,"column":6}},"loc":{"start":{"line":62,"column":16},"end":{"line":64,"column":3}}},"8":{"name":"(anonymous_8)","decl":{"start":{"line":66,"column":2},"end":{"line":66,"column":6}},"loc":{"start":{"line":66,"column":18},"end":{"line":68,"column":3}}}},"branchMap":{"0":{"loc":{"start":{"line":3,"column":12},"end":{"line":3,"column":null}},"type":"binary-expr","locations":[{"start":{"line":3,"column":12},"end":{"line":3,"column":21}},{"start":{"line":3,"column":21},"end":{"line":3,"column":null}}]},"1":{"loc":{"start":{"line":39,"column":17},"end":{"line":39,"column":41}},"type":"binary-expr","locations":[{"start":{"line":39,"column":17},"end":{"line":39,"column":33}},{"start":{"line":39,"column":37},"end":{"line":39,"column":41}}]},"2":{"loc":{"start":{"line":42,"column":20},"end":{"line":42,"column":47}},"type":"binary-expr","locations":[{"start":{"line":42,"column":20},"end":{"line":42,"column":39}},{"start":{"line":42,"column":43},"end":{"line":42,"column":47}}]}},"s":{"0":1,"1":1,"2":1,"3":1,"4":1,"5":1,"6":1,"7":3,"8":3,"9":2,"10":2,"11":1,"12":0,"13":3,"14":1,"15":2,"16":3,"17":1},"f":{"0":1,"1":3,"2":2,"3":1,"4":0,"5":3,"6":1,"7":2,"8":3},"b":{"0":[1,1],"1":[2,2],"2":[2,1]}}
,"/Users/edenarielguzmanandia/Projects/SmartBiometricAuthenticator/backend/src/infrastructure/cameras/digest-auth.util.ts": {"path":"/Users/edenarielguzmanandia/Projects/SmartBiometricAuthenticator/backend/src/infrastructure/cameras/digest-auth.util.ts","statementMap":{"0":{"start":{"line":7,"column":0},"end":{"line":7,"column":16}},"1":{"start":{"line":23,"column":0},"end":{"line":23,"column":16}},"2":{"start":{"line":1,"column":0},"end":{"line":1,"column":33}},"3":{"start":{"line":4,"column":2},"end":{"line":4,"column":66}},"4":{"start":{"line":8,"column":41},"end":{"line":8,"column":43}},"5":{"start":{"line":9,"column":12},"end":{"line":9,"column":57}},"6":{"start":{"line":10,"column":13},"end":{"line":10,"column":53}},"7":{"start":{"line":12,"column":2},"end":{"line":16,"column":3}},"8":{"start":{"line":13,"column":16},"end":{"line":13,"column":34}},"9":{"start":{"line":14,"column":18},"end":{"line":14,"column":52}},"10":{"start":{"line":15,"column":4},"end":{"line":15,"column":24}},"11":{"start":{"line":17,"column":2},"end":{"line":17,"column":16}},"12":{"start":{"line":30,"column":2},"end":{"line":30,"column":52}},"13":{"start":{"line":30,"column":40},"end":{"line":30,"column":52}},"14":{"start":{"line":31,"column":12},"end":{"line":31,"column":49}},"15":{"start":{"line":32,"column":16},"end":{"line":32,"column":29}},"16":{"start":{"line":33,"column":16},"end":{"line":33,"column":29}},"17":{"start":{"line":34,"column":2},"end":{"line":34,"column":26}},"18":{"start":{"line":34,"column":14},"end":{"line":34,"column":26}},"19":{"start":{"line":36,"column":17},"end":{"line":36,"column":44}},"20":{"start":{"line":37,"column":17},"end":{"line":37,"column":40}},"21":{"start":{"line":38,"column":14},"end":{"line":38,"column":34}},"22":{"start":{"line":40,"column":14},"end":{"line":40,"column":53}},"23":{"start":{"line":41,"column":14},"end":{"line":41,"column":44}},"24":{"start":{"line":42,"column":13},"end":{"line":42,"column":23}},"25":{"start":{"line":43,"column":17},"end":{"line":43,"column":54}},"26":{"start":{"line":46,"column":2},"end":{"line":50,"column":3}},"27":{"start":{"line":47,"column":4},"end":{"line":47,"column":68}},"28":{"start":{"line":49,"column":4},"end":{"line":49,"column":45}},"29":{"start":{"line":52,"column":12},"end":{"line":52,"column":72}},"30":{"start":{"line":52,"column":27},"end":{"line":52,"column":72}},"31":{"start":{"line":53,"column":26},"end":{"line":59,"column":4}},"32":{"start":{"line":60,"column":2},"end":{"line":62,"column":3}},"33":{"start":{"line":61,"column":4},"end":{"line":61,"column":63}},"34":{"start":{"line":63,"column":2},"end":{"line":63,"column":54}},"35":{"start":{"line":63,"column":16},"end":{"line":63,"column":54}},"36":{"start":{"line":64,"column":2},"end":{"line":64,"column":38}}},"fnMap":{"0":{"name":"md5","decl":{"start":{"line":3,"column":9},"end":{"line":3,"column":12}},"loc":{"start":{"line":3,"column":22},"end":{"line":5,"column":1}}},"1":{"name":"parseDigestChallenge","decl":{"start":{"line":7,"column":16},"end":{"line":7,"column":36}},"loc":{"start":{"line":7,"column":60},"end":{"line":18,"column":1}}},"2":{"name":"buildDigestAuthorizationHeader","decl":{"start":{"line":23,"column":16},"end":{"line":23,"column":46}},"loc":{"start":{"line":28,"column":25},"end":{"line":65,"column":1}}},"3":{"name":"(anonymous_12)","decl":{"start":{"line":52,"column":12},"end":{"line":52,"column":13}},"loc":{"start":{"line":52,"column":27},"end":{"line":52,"column":72}}}},"branchMap":{"0":{"loc":{"start":{"line":14,"column":18},"end":{"line":14,"column":52}},"type":"binary-expr","locations":[{"start":{"line":14,"column":18},"end":{"line":14,"column":22}},{"start":{"line":14,"column":26},"end":{"line":14,"column":30}},{"start":{"line":14,"column":34},"end":{"line":14,"column":46}},{"start":{"line":14,"column":50},"end":{"line":14,"column":52}}]},"1":{"loc":{"start":{"line":30,"column":2},"end":{"line":30,"column":52}},"type":"if","locations":[{"start":{"line":30,"column":2},"end":{"line":30,"column":52}},{"start":{},"end":{}}]},"2":{"loc":{"start":{"line":32,"column":16},"end":{"line":32,"column":29}},"type":"binary-expr","locations":[{"start":{"line":32,"column":16},"end":{"line":32,"column":23}},{"start":{"line":32,"column":27},"end":{"line":32,"column":29}}]},"3":{"loc":{"start":{"line":33,"column":16},"end":{"line":33,"column":29}},"type":"binary-expr","locations":[{"start":{"line":33,"column":16},"end":{"line":33,"column":23}},{"start":{"line":33,"column":27},"end":{"line":33,"column":29}}]},"4":{"loc":{"start":{"line":34,"column":2},"end":{"line":34,"column":26}},"type":"if","locations":[{"start":{"line":34,"column":2},"end":{"line":34,"column":26}},{"start":{},"end":{}}]},"5":{"loc":{"start":{"line":36,"column":18},"end":{"line":36,"column":29}},"type":"binary-expr","locations":[{"start":{"line":36,"column":18},"end":{"line":36,"column":23}},{"start":{"line":36,"column":27},"end":{"line":36,"column":29}}]},"6":{"loc":{"start":{"line":38,"column":14},"end":{"line":38,"column":34}},"type":"cond-expr","locations":[{"start":{"line":38,"column":23},"end":{"line":38,"column":29}},{"start":{"line":38,"column":32},"end":{"line":38,"column":34}}]},"7":{"loc":{"start":{"line":46,"column":2},"end":{"line":50,"column":3}},"type":"if","locations":[{"start":{"line":46,"column":2},"end":{"line":50,"column":3}},{"start":{"line":48,"column":9},"end":{"line":50,"column":3}}]},"8":{"loc":{"start":{"line":60,"column":2},"end":{"line":62,"column":3}},"type":"if","locations":[{"start":{"line":60,"column":2},"end":{"line":62,"column":3}},{"start":{},"end":{}}]},"9":{"loc":{"start":{"line":63,"column":2},"end":{"line":63,"column":54}},"type":"if","locations":[{"start":{"line":63,"column":2},"end":{"line":63,"column":54}},{"start":{},"end":{}}]}},"s":{"0":1,"1":1,"2":1,"3":9,"4":6,"5":6,"6":6,"7":6,"8":15,"9":15,"10":15,"11":6,"12":5,"13":1,"14":4,"15":4,"16":4,"17":4,"18":1,"19":3,"20":3,"21":3,"22":3,"23":3,"24":3,"25":3,"26":3,"27":1,"28":2,"29":3,"30":13,"31":3,"32":3,"33":1,"34":3,"35":1,"36":3},"f":{"0":9,"1":6,"2":5,"3":13},"b":{"0":[15,2,1,0],"1":[1,4],"2":[4,0],"3":[4,1],"4":[1,3],"5":[3,2],"6":[1,2],"7":[1,2],"8":[1,2],"9":[1,2]}}
,"/Users/edenarielguzmanandia/Projects/SmartBiometricAuthenticator/backend/src/infrastructure/cameras/jpeg-buffer.util.ts": {"path":"/Users/edenarielguzmanandia/Projects/SmartBiometricAuthenticator/backend/src/infrastructure/cameras/jpeg-buffer.util.ts","statementMap":{"0":{"start":{"line":5,"column":0},"end":{"line":5,"column":16}},"1":{"start":{"line":6,"column":14},"end":{"line":6,"column":16}},"2":{"start":{"line":7,"column":2},"end":{"line":12,"column":3}},"3":{"start":{"line":7,"column":15},"end":{"line":7,"column":16}},"4":{"start":{"line":8,"column":4},"end":{"line":11,"column":5}},"5":{"start":{"line":9,"column":6},"end":{"line":9,"column":16}},"6":{"start":{"line":10,"column":6},"end":{"line":10,"column":12}},"7":{"start":{"line":13,"column":2},"end":{"line":15,"column":3}},"8":{"start":{"line":14,"column":4},"end":{"line":14,"column":15}},"9":{"start":{"line":16,"column":12},"end":{"line":16,"column":14}},"10":{"start":{"line":17,"column":2},"end":{"line":22,"column":3}},"11":{"start":{"line":17,"column":15},"end":{"line":17,"column":29}},"12":{"start":{"line":18,"column":4},"end":{"line":21,"column":5}},"13":{"start":{"line":19,"column":6},"end":{"line":19,"column":18}},"14":{"start":{"line":20,"column":6},"end":{"line":20,"column":12}},"15":{"start":{"line":23,"column":2},"end":{"line":25,"column":3}},"16":{"start":{"line":24,"column":4},"end":{"line":24,"column":31}},"17":{"start":{"line":26,"column":2},"end":{"line":26,"column":34}}},"fnMap":{"0":{"name":"extractJpegBuffer","decl":{"start":{"line":5,"column":16},"end":{"line":5,"column":33}},"loc":{"start":{"line":5,"column":45},"end":{"line":27,"column":1}}}},"branchMap":{"0":{"loc":{"start":{"line":8,"column":4},"end":{"line":11,"column":5}},"type":"if","locations":[{"start":{"line":8,"column":4},"end":{"line":11,"column":5}},{"start":{},"end":{}}]},"1":{"loc":{"start":{"line":8,"column":8},"end":{"line":8,"column":46}},"type":"binary-expr","locations":[{"start":{"line":8,"column":8},"end":{"line":8,"column":23}},{"start":{"line":8,"column":27},"end":{"line":8,"column":46}}]},"2":{"loc":{"start":{"line":13,"column":2},"end":{"line":15,"column":3}},"type":"if","locations":[{"start":{"line":13,"column":2},"end":{"line":15,"column":3}},{"start":{},"end":{}}]},"3":{"loc":{"start":{"line":18,"column":4},"end":{"line":21,"column":5}},"type":"if","locations":[{"start":{"line":18,"column":4},"end":{"line":21,"column":5}},{"start":{},"end":{}}]},"4":{"loc":{"start":{"line":18,"column":8},"end":{"line":18,"column":46}},"type":"binary-expr","locations":[{"start":{"line":18,"column":8},"end":{"line":18,"column":23}},{"start":{"line":18,"column":27},"end":{"line":18,"column":46}}]},"5":{"loc":{"start":{"line":23,"column":2},"end":{"line":25,"column":3}},"type":"if","locations":[{"start":{"line":23,"column":2},"end":{"line":25,"column":3}},{"start":{},"end":{}}]}},"s":{"0":1,"1":3,"2":3,"3":3,"4":8,"5":2,"6":2,"7":3,"8":1,"9":2,"10":2,"11":2,"12":5,"13":1,"14":1,"15":2,"16":1,"17":1},"f":{"0":3},"b":{"0":[2,6],"1":[8,2],"2":[1,2],"3":[1,4],"4":[5,2],"5":[1,1]}}
,"/Users/edenarielguzmanandia/Projects/SmartBiometricAuthenticator/backend/src/interfaces/http/access/access-attempts.service.ts": {"path":"/Users/edenarielguzmanandia/Projects/SmartBiometricAuthenticator/backend/src/interfaces/http/access/access-attempts.service.ts","statementMap":{"0":{"start":{"line":1,"column":0},"end":{"line":1,"column":63}},"1":{"start":{"line":2,"column":0},"end":{"line":2,"column":51}},"2":{"start":{"line":3,"column":0},"end":{"line":3,"column":41}},"3":{"start":{"line":4,"column":0},"end":{"line":4,"column":95}},"4":{"start":{"line":5,"column":0},"end":{"line":5,"column":86}},"5":{"start":{"line":6,"column":0},"end":{"line":6,"column":103}},"6":{"start":{"line":10,"column":12},"end":{"line":10,"column":52}},"7":{"start":{"line":11,"column":2},"end":{"line":11,"column":50}},"8":{"start":{"line":11,"column":35},"end":{"line":11,"column":50}},"9":{"start":{"line":12,"column":12},"end":{"line":12,"column":21}},"10":{"start":{"line":13,"column":2},"end":{"line":13,"column":52}},"11":{"start":{"line":17,"column":7},"end":{"line":227,"column":null}},"12":{"start":{"line":20,"column":21},"end":{"line":20,"column":33}},"13":{"start":{"line":22,"column":21},"end":{"line":22,"column":37}},"14":{"start":{"line":24,"column":21},"end":{"line":24,"column":29}},"15":{"start":{"line":28,"column":16},"end":{"line":38,"column":6}},"16":{"start":{"line":39,"column":4},"end":{"line":39,"column":36}},"17":{"start":{"line":41,"column":4},"end":{"line":68,"column":5}},"18":{"start":{"line":42,"column":23},"end":{"line":42,"column":67}},"19":{"start":{"line":43,"column":18},"end":{"line":50,"column":8}},"20":{"start":{"line":51,"column":6},"end":{"line":51,"column":42}},"21":{"start":{"line":53,"column":20},"end":{"line":60,"column":8}},"22":{"start":{"line":61,"column":6},"end":{"line":61,"column":36}},"23":{"start":{"line":63,"column":6},"end":{"line":67,"column":8}},"24":{"start":{"line":70,"column":4},"end":{"line":70,"column":49}},"25":{"start":{"line":88,"column":62},"end":{"line":88,"column":68}},"26":{"start":{"line":89,"column":21},"end":{"line":89,"column":27}},"27":{"start":{"line":90,"column":20},"end":{"line":90,"column":102}},"28":{"start":{"line":92,"column":28},"end":{"line":92,"column":35}},"29":{"start":{"line":94,"column":6},"end":{"line":96,"column":19}},"30":{"start":{"line":98,"column":16},"end":{"line":110,"column":6}},"31":{"start":{"line":111,"column":4},"end":{"line":111,"column":40}},"32":{"start":{"line":113,"column":24},"end":{"line":113,"column":50}},"33":{"start":{"line":114,"column":29},"end":{"line":114,"column":63}},"34":{"start":{"line":115,"column":18},"end":{"line":122,"column":6}},"35":{"start":{"line":123,"column":4},"end":{"line":123,"column":34}},"36":{"start":{"line":127,"column":17},"end":{"line":130,"column":6}},"37":{"start":{"line":131,"column":4},"end":{"line":131,"column":49}},"38":{"start":{"line":131,"column":27},"end":{"line":131,"column":47}},"39":{"start":{"line":135,"column":17},"end":{"line":138,"column":6}},"40":{"start":{"line":139,"column":4},"end":{"line":139,"column":51}},"41":{"start":{"line":139,"column":27},"end":{"line":139,"column":49}},"42":{"start":{"line":143,"column":17},"end":{"line":146,"column":6}},"43":{"start":{"line":147,"column":19},"end":{"line":149,"column":48}},"44":{"start":{"line":148,"column":18},"end":{"line":148,"column":35}},"45":{"start":{"line":149,"column":36},"end":{"line":149,"column":47}},"46":{"start":{"line":150,"column":18},"end":{"line":150,"column":59}},"47":{"start":{"line":151,"column":4},"end":{"line":154,"column":5}},"48":{"start":{"line":152,"column":19},"end":{"line":152,"column":71}},"49":{"start":{"line":153,"column":6},"end":{"line":153,"column":46}},"50":{"start":{"line":153,"column":26},"end":{"line":153,"column":44}},"51":{"start":{"line":155,"column":4},"end":{"line":174,"column":7}},"52":{"start":{"line":156,"column":18},"end":{"line":156,"column":78}},"53":{"start":{"line":158,"column":8},"end":{"line":160,"column":16}},"54":{"start":{"line":162,"column":8},"end":{"line":162,"column":85}},"55":{"start":{"line":163,"column":30},"end":{"line":167,"column":14}},"56":{"start":{"line":168,"column":6},"end":{"line":173,"column":8}},"57":{"start":{"line":178,"column":18},"end":{"line":178,"column":62}},"58":{"start":{"line":179,"column":4},"end":{"line":181,"column":5}},"59":{"start":{"line":180,"column":6},"end":{"line":180,"column":58}},"60":{"start":{"line":182,"column":4},"end":{"line":182,"column":26}},"61":{"start":{"line":183,"column":4},"end":{"line":183,"column":55}},"62":{"start":{"line":183,"column":31},"end":{"line":183,"column":55}},"63":{"start":{"line":184,"column":4},"end":{"line":184,"column":34}},"64":{"start":{"line":185,"column":4},"end":{"line":185,"column":38}},"65":{"start":{"line":189,"column":4},"end":{"line":198,"column":6}},"66":{"start":{"line":202,"column":4},"end":{"line":211,"column":6}},"67":{"start":{"line":215,"column":4},"end":{"line":225,"column":6}},"68":{"start":{"line":17,"column":13},"end":{"line":17,"column":34}},"69":{"start":{"line":17,"column":13},"end":{"line":227,"column":null}}},"fnMap":{"0":{"name":"alertContactEmailDelayMs","decl":{"start":{"line":9,"column":9},"end":{"line":9,"column":33}},"loc":{"start":{"line":9,"column":33},"end":{"line":14,"column":1}}},"1":{"name":"(anonymous_5)","decl":{"start":{"line":18,"column":2},"end":{"line":18,"column":null}},"loc":{"start":{"line":24,"column":55},"end":{"line":25,"column":6}}},"2":{"name":"(anonymous_6)","decl":{"start":{"line":27,"column":2},"end":{"line":27,"column":7}},"loc":{"start":{"line":27,"column":49},"end":{"line":71,"column":3}}},"3":{"name":"(anonymous_7)","decl":{"start":{"line":77,"column":2},"end":{"line":77,"column":7}},"loc":{"start":{"line":87,"column":3},"end":{"line":124,"column":3}}},"4":{"name":"(anonymous_8)","decl":{"start":{"line":126,"column":2},"end":{"line":126,"column":7}},"loc":{"start":{"line":126,"column":34},"end":{"line":132,"column":3}}},"5":{"name":"(anonymous_9)","decl":{"start":{"line":131,"column":20},"end":{"line":131,"column":21}},"loc":{"start":{"line":131,"column":27},"end":{"line":131,"column":47}}},"6":{"name":"(anonymous_10)","decl":{"start":{"line":134,"column":2},"end":{"line":134,"column":7}},"loc":{"start":{"line":134,"column":38},"end":{"line":140,"column":3}}},"7":{"name":"(anonymous_11)","decl":{"start":{"line":139,"column":20},"end":{"line":139,"column":21}},"loc":{"start":{"line":139,"column":27},"end":{"line":139,"column":49}}},"8":{"name":"(anonymous_12)","decl":{"start":{"line":142,"column":2},"end":{"line":142,"column":7}},"loc":{"start":{"line":142,"column":30},"end":{"line":175,"column":3}}},"9":{"name":"(anonymous_13)","decl":{"start":{"line":148,"column":11},"end":{"line":148,"column":12}},"loc":{"start":{"line":148,"column":18},"end":{"line":148,"column":35}}},"10":{"name":"(anonymous_14)","decl":{"start":{"line":149,"column":14},"end":{"line":149,"column":15}},"loc":{"start":{"line":149,"column":36},"end":{"line":149,"column":47}}},"11":{"name":"(anonymous_15)","decl":{"start":{"line":153,"column":19},"end":{"line":153,"column":20}},"loc":{"start":{"line":153,"column":26},"end":{"line":153,"column":44}}},"12":{"name":"(anonymous_16)","decl":{"start":{"line":155,"column":20},"end":{"line":155,"column":21}},"loc":{"start":{"line":155,"column":26},"end":{"line":174,"column":5}}},"13":{"name":"(anonymous_17)","decl":{"start":{"line":177,"column":2},"end":{"line":177,"column":7}},"loc":{"start":{"line":177,"column":64},"end":{"line":186,"column":3}}},"14":{"name":"(anonymous_18)","decl":{"start":{"line":188,"column":10},"end":{"line":188,"column":22}},"loc":{"start":{"line":188,"column":46},"end":{"line":199,"column":3}}},"15":{"name":"(anonymous_19)","decl":{"start":{"line":201,"column":10},"end":{"line":201,"column":24}},"loc":{"start":{"line":201,"column":52},"end":{"line":212,"column":3}}},"16":{"name":"(anonymous_20)","decl":{"start":{"line":214,"column":10},"end":{"line":214,"column":24}},"loc":{"start":{"line":214,"column":42},"end":{"line":226,"column":3}}}},"branchMap":{"0":{"loc":{"start":{"line":11,"column":2},"end":{"line":11,"column":50}},"type":"if","locations":[{"start":{"line":11,"column":2},"end":{"line":11,"column":50}},{"start":{},"end":{}}]},"1":{"loc":{"start":{"line":11,"column":6},"end":{"line":11,"column":33}},"type":"binary-expr","locations":[{"start":{"line":11,"column":6},"end":{"line":11,"column":21}},{"start":{"line":11,"column":25},"end":{"line":11,"column":33}}]},"2":{"loc":{"start":{"line":13,"column":9},"end":{"line":13,"column":51}},"type":"cond-expr","locations":[{"start":{"line":13,"column":40},"end":{"line":13,"column":41}},{"start":{"line":13,"column":44},"end":{"line":13,"column":51}}]},"3":{"loc":{"start":{"line":13,"column":9},"end":{"line":13,"column":37}},"type":"binary-expr","locations":[{"start":{"line":13,"column":9},"end":{"line":13,"column":27}},{"start":{"line":13,"column":31},"end":{"line":13,"column":37}}]},"4":{"loc":{"start":{"line":29,"column":14},"end":{"line":29,"column":32}},"type":"binary-expr","locations":[{"start":{"line":29,"column":14},"end":{"line":29,"column":24}},{"start":{"line":29,"column":28},"end":{"line":29,"column":32}}]},"5":{"loc":{"start":{"line":30,"column":16},"end":{"line":30,"column":36}},"type":"binary-expr","locations":[{"start":{"line":30,"column":16},"end":{"line":30,"column":28}},{"start":{"line":30,"column":32},"end":{"line":30,"column":36}}]},"6":{"loc":{"start":{"line":34,"column":8},"end":{"line":36,"column":16}},"type":"cond-expr","locations":[{"start":{"line":35,"column":12},"end":{"line":35,"column":34}},{"start":{"line":36,"column":12},"end":{"line":36,"column":16}}]},"7":{"loc":{"start":{"line":34,"column":8},"end":{"line":34,"column":63}},"type":"binary-expr","locations":[{"start":{"line":34,"column":8},"end":{"line":34,"column":36}},{"start":{"line":34,"column":40},"end":{"line":34,"column":63}}]},"8":{"loc":{"start":{"line":37,"column":20},"end":{"line":37,"column":70}},"type":"cond-expr","locations":[{"start":{"line":37,"column":35},"end":{"line":37,"column":63}},{"start":{"line":37,"column":66},"end":{"line":37,"column":70}}]},"9":{"loc":{"start":{"line":41,"column":4},"end":{"line":68,"column":5}},"type":"if","locations":[{"start":{"line":41,"column":4},"end":{"line":68,"column":5}},{"start":{},"end":{}}]},"10":{"loc":{"start":{"line":42,"column":23},"end":{"line":42,"column":67}},"type":"cond-expr","locations":[{"start":{"line":42,"column":50},"end":{"line":42,"column":56}},{"start":{"line":42,"column":59},"end":{"line":42,"column":67}}]},"11":{"loc":{"start":{"line":46,"column":18},"end":{"line":46,"column":38}},"type":"binary-expr","locations":[{"start":{"line":46,"column":18},"end":{"line":46,"column":30}},{"start":{"line":46,"column":34},"end":{"line":46,"column":38}}]},"12":{"loc":{"start":{"line":47,"column":16},"end":{"line":47,"column":34}},"type":"binary-expr","locations":[{"start":{"line":47,"column":16},"end":{"line":47,"column":26}},{"start":{"line":47,"column":30},"end":{"line":47,"column":34}}]},"13":{"loc":{"start":{"line":58,"column":10},"end":{"line":58,"column":null}},"type":"cond-expr","locations":[{"start":{"line":58,"column":35},"end":{"line":58,"column":68}},{"start":{"line":58,"column":71},"end":{"line":58,"column":null}}]},"14":{"loc":{"start":{"line":94,"column":6},"end":{"line":96,"column":19}},"type":"cond-expr","locations":[{"start":{"line":95,"column":10},"end":{"line":95,"column":42}},{"start":{"line":96,"column":10},"end":{"line":96,"column":19}}]},"15":{"loc":{"start":{"line":94,"column":6},"end":{"line":94,"column":90}},"type":"binary-expr","locations":[{"start":{"line":94,"column":6},"end":{"line":94,"column":19}},{"start":{"line":94,"column":23},"end":{"line":94,"column":47}},{"start":{"line":94,"column":51},"end":{"line":94,"column":90}}]},"16":{"loc":{"start":{"line":108,"column":12},"end":{"line":108,"column":91}},"type":"cond-expr","locations":[{"start":{"line":108,"column":33},"end":{"line":108,"column":86}},{"start":{"line":108,"column":89},"end":{"line":108,"column":91}}]},"17":{"loc":{"start":{"line":126,"column":23},"end":{"line":126,"column":34}},"type":"default-arg","locations":[{"start":{"line":126,"column":31},"end":{"line":126,"column":34}}]},"18":{"loc":{"start":{"line":134,"column":27},"end":{"line":134,"column":38}},"type":"default-arg","locations":[{"start":{"line":134,"column":35},"end":{"line":134,"column":38}}]},"19":{"loc":{"start":{"line":142,"column":19},"end":{"line":142,"column":30}},"type":"default-arg","locations":[{"start":{"line":142,"column":27},"end":{"line":142,"column":30}}]},"20":{"loc":{"start":{"line":151,"column":4},"end":{"line":154,"column":5}},"type":"if","locations":[{"start":{"line":151,"column":4},"end":{"line":154,"column":5}},{"start":{},"end":{}}]},"21":{"loc":{"start":{"line":156,"column":18},"end":{"line":156,"column":78}},"type":"cond-expr","locations":[{"start":{"line":156,"column":38},"end":{"line":156,"column":66}},{"start":{"line":156,"column":69},"end":{"line":156,"column":78}}]},"22":{"loc":{"start":{"line":158,"column":8},"end":{"line":160,"column":16}},"type":"cond-expr","locations":[{"start":{"line":159,"column":13},"end":{"line":159,"column":69}},{"start":{"line":160,"column":12},"end":{"line":160,"column":16}}]},"23":{"loc":{"start":{"line":158,"column":8},"end":{"line":158,"column":60}},"type":"binary-expr","locations":[{"start":{"line":158,"column":8},"end":{"line":158,"column":33}},{"start":{"line":158,"column":37},"end":{"line":158,"column":60}}]},"24":{"loc":{"start":{"line":162,"column":8},"end":{"line":162,"column":85}},"type":"cond-expr","locations":[{"start":{"line":162,"column":55},"end":{"line":162,"column":78}},{"start":{"line":162,"column":81},"end":{"line":162,"column":85}}]},"25":{"loc":{"start":{"line":163,"column":30},"end":{"line":167,"column":14}},"type":"cond-expr","locations":[{"start":{"line":164,"column":10},"end":{"line":166,"column":24}},{"start":{"line":167,"column":10},"end":{"line":167,"column":14}}]},"26":{"loc":{"start":{"line":164,"column":10},"end":{"line":166,"column":24}},"type":"cond-expr","locations":[{"start":{"line":165,"column":12},"end":{"line":165,"column":32}},{"start":{"line":166,"column":12},"end":{"line":166,"column":24}}]},"27":{"loc":{"start":{"line":170,"column":18},"end":{"line":170,"column":39}},"type":"binary-expr","locations":[{"start":{"line":170,"column":18},"end":{"line":170,"column":31}},{"start":{"line":170,"column":35},"end":{"line":170,"column":39}}]},"28":{"loc":{"start":{"line":179,"column":4},"end":{"line":181,"column":5}},"type":"if","locations":[{"start":{"line":179,"column":4},"end":{"line":181,"column":5}},{"start":{},"end":{}}]},"29":{"loc":{"start":{"line":183,"column":4},"end":{"line":183,"column":55}},"type":"if","locations":[{"start":{"line":183,"column":4},"end":{"line":183,"column":55}},{"start":{},"end":{}}]},"30":{"loc":{"start":{"line":195,"column":18},"end":{"line":195,"column":72}},"type":"cond-expr","locations":[{"start":{"line":195,"column":43},"end":{"line":195,"column":65}},{"start":{"line":195,"column":68},"end":{"line":195,"column":72}}]},"31":{"loc":{"start":{"line":196,"column":16},"end":{"line":196,"column":70}},"type":"cond-expr","locations":[{"start":{"line":196,"column":35},"end":{"line":196,"column":63}},{"start":{"line":196,"column":66},"end":{"line":196,"column":70}}]},"32":{"loc":{"start":{"line":209,"column":16},"end":{"line":209,"column":70}},"type":"cond-expr","locations":[{"start":{"line":209,"column":35},"end":{"line":209,"column":63}},{"start":{"line":209,"column":66},"end":{"line":209,"column":70}}]},"33":{"loc":{"start":{"line":223,"column":24},"end":{"line":223,"column":65}},"type":"binary-expr","locations":[{"start":{"line":223,"column":24},"end":{"line":223,"column":57}},{"start":{"line":223,"column":61},"end":{"line":223,"column":65}}]},"34":{"loc":{"start":{"line":224,"column":26},"end":{"line":224,"column":69}},"type":"binary-expr","locations":[{"start":{"line":224,"column":26},"end":{"line":224,"column":61}},{"start":{"line":224,"column":65},"end":{"line":224,"column":69}}]},"35":{"loc":{"start":{"line":20,"column":33},"end":{"line":20,"column":63}},"type":"cond-expr","locations":[{"start":{"line":20,"column":43},"end":{"line":20,"column":63}},{"start":{"line":20,"column":43},"end":{"line":20,"column":63}}]},"36":{"loc":{"start":{"line":20,"column":33},"end":{"line":20,"column":43}},"type":"binary-expr","locations":[{"start":{"line":20,"column":33},"end":{"line":20,"column":63}},{"start":{"line":20,"column":33},"end":{"line":20,"column":43}}]},"37":{"loc":{"start":{"line":20,"column":43},"end":{"line":22,"column":71}},"type":"cond-expr","locations":[{"start":{"line":22,"column":47},"end":{"line":22,"column":71}},{"start":{"line":22,"column":47},"end":{"line":22,"column":71}}]},"38":{"loc":{"start":{"line":20,"column":43},"end":{"line":22,"column":47}},"type":"binary-expr","locations":[{"start":{"line":20,"column":43},"end":{"line":22,"column":71}},{"start":{"line":22,"column":37},"end":{"line":22,"column":47}}]},"39":{"loc":{"start":{"line":22,"column":47},"end":{"line":24,"column":55}},"type":"cond-expr","locations":[{"start":{"line":24,"column":39},"end":{"line":24,"column":55}},{"start":{"line":24,"column":39},"end":{"line":24,"column":55}}]},"40":{"loc":{"start":{"line":22,"column":47},"end":{"line":24,"column":39}},"type":"binary-expr","locations":[{"start":{"line":22,"column":47},"end":{"line":24,"column":55}},{"start":{"line":24,"column":29},"end":{"line":24,"column":39}}]}},"s":{"0":1,"1":1,"2":1,"3":1,"4":1,"5":1,"6":4,"7":4,"8":0,"9":4,"10":4,"11":1,"12":16,"13":16,"14":16,"15":4,"16":4,"17":4,"18":3,"19":3,"20":3,"21":3,"22":3,"23":3,"24":1,"25":4,"26":4,"27":4,"28":4,"29":4,"30":4,"31":4,"32":4,"33":4,"34":4,"35":4,"36":2,"37":2,"38":1,"39":2,"40":2,"41":2,"42":3,"43":3,"44":3,"45":3,"46":3,"47":3,"48":2,"49":2,"50":2,"51":3,"52":3,"53":3,"54":3,"55":3,"56":3,"57":2,"58":2,"59":1,"60":1,"61":1,"62":1,"63":1,"64":1,"65":5,"66":5,"67":7,"68":1,"69":1},"f":{"0":4,"1":16,"2":4,"3":4,"4":2,"5":1,"6":2,"7":2,"8":3,"9":3,"10":3,"11":2,"12":3,"13":2,"14":5,"15":5,"16":7},"b":{"0":[0,4],"1":[4,4],"2":[1,3],"3":[4,1],"4":[4,3],"5":[4,2],"6":[1,3],"7":[4,1],"8":[1,3],"9":[3,1],"10":[2,1],"11":[3,1],"12":[3,3],"13":[1,2],"14":[1,3],"15":[4,3,2],"16":[1,3],"17":[0],"18":[0],"19":[0],"20":[2,1],"21":[2,1],"22":[2,1],"23":[3,2],"24":[2,1],"25":[2,1],"26":[1,1],"27":[3,1],"28":[1,1],"29":[1,0],"30":[1,4],"31":[1,4],"32":[2,3],"33":[7,7],"34":[7,7],"35":[1,0],"36":[1,1],"37":[1,0],"38":[1,1],"39":[1,0],"40":[1,1]}}
,"/Users/edenarielguzmanandia/Projects/SmartBiometricAuthenticator/backend/src/interfaces/http/auth/auth.service.ts": {"path":"/Users/edenarielguzmanandia/Projects/SmartBiometricAuthenticator/backend/src/interfaces/http/auth/auth.service.ts","statementMap":{"0":{"start":{"line":1,"column":0},"end":{"line":1,"column":null}},"1":{"start":{"line":6,"column":0},"end":{"line":6,"column":41}},"2":{"start":{"line":7,"column":0},"end":{"line":7,"column":51}},"3":{"start":{"line":8,"column":0},"end":{"line":8,"column":33}},"4":{"start":{"line":9,"column":0},"end":{"line":9,"column":37}},"5":{"start":{"line":10,"column":0},"end":{"line":10,"column":84}},"6":{"start":{"line":11,"column":0},"end":{"line":11,"column":84}},"7":{"start":{"line":16,"column":20},"end":{"line":16,"column":22}},"8":{"start":{"line":19,"column":7},"end":{"line":114,"column":null}},"9":{"start":{"line":22,"column":21},"end":{"line":22,"column":28}},"10":{"start":{"line":24,"column":21},"end":{"line":24,"column":28}},"11":{"start":{"line":25,"column":21},"end":{"line":25,"column":33}},"12":{"start":{"line":29,"column":21},"end":{"line":29,"column":92}},"13":{"start":{"line":30,"column":4},"end":{"line":32,"column":5}},"14":{"start":{"line":31,"column":6},"end":{"line":31,"column":65}},"15":{"start":{"line":34,"column":17},"end":{"line":34,"column":76}},"16":{"start":{"line":35,"column":4},"end":{"line":37,"column":5}},"17":{"start":{"line":36,"column":6},"end":{"line":36,"column":85}},"18":{"start":{"line":39,"column":25},"end":{"line":39,"column":69}},"19":{"start":{"line":40,"column":17},"end":{"line":48,"column":6}},"20":{"start":{"line":49,"column":4},"end":{"line":49,"column":21}},"21":{"start":{"line":50,"column":4},"end":{"line":50,"column":32}},"22":{"start":{"line":52,"column":4},"end":{"line":52,"column":40}},"23":{"start":{"line":56,"column":17},"end":{"line":59,"column":6}},"24":{"start":{"line":60,"column":4},"end":{"line":62,"column":5}},"25":{"start":{"line":61,"column":6},"end":{"line":61,"column":66}},"26":{"start":{"line":63,"column":4},"end":{"line":65,"column":5}},"27":{"start":{"line":64,"column":6},"end":{"line":64,"column":61}},"28":{"start":{"line":67,"column":15},"end":{"line":67,"column":68}},"29":{"start":{"line":68,"column":4},"end":{"line":70,"column":5}},"30":{"start":{"line":69,"column":6},"end":{"line":69,"column":66}},"31":{"start":{"line":72,"column":4},"end":{"line":72,"column":40}},"32":{"start":{"line":76,"column":32},"end":{"line":80,"column":6}},"33":{"start":{"line":81,"column":4},"end":{"line":94,"column":6}},"34":{"start":{"line":98,"column":17},"end":{"line":98,"column":89}},"35":{"start":{"line":99,"column":4},"end":{"line":101,"column":5}},"36":{"start":{"line":100,"column":6},"end":{"line":100,"column":63}},"37":{"start":{"line":102,"column":4},"end":{"line":112,"column":6}},"38":{"start":{"line":19,"column":13},"end":{"line":19,"column":24}},"39":{"start":{"line":19,"column":13},"end":{"line":114,"column":null}}},"fnMap":{"0":{"name":"(anonymous_13)","decl":{"start":{"line":20,"column":2},"end":{"line":20,"column":null}},"loc":{"start":{"line":25,"column":43},"end":{"line":26,"column":6}}},"1":{"name":"(anonymous_14)","decl":{"start":{"line":28,"column":2},"end":{"line":28,"column":7}},"loc":{"start":{"line":28,"column":33},"end":{"line":53,"column":3}}},"2":{"name":"(anonymous_15)","decl":{"start":{"line":55,"column":2},"end":{"line":55,"column":7}},"loc":{"start":{"line":55,"column":27},"end":{"line":73,"column":3}}},"3":{"name":"(anonymous_16)","decl":{"start":{"line":75,"column":10},"end":{"line":75,"column":27}},"loc":{"start":{"line":75,"column":47},"end":{"line":95,"column":3}}},"4":{"name":"(anonymous_17)","decl":{"start":{"line":97,"column":2},"end":{"line":97,"column":7}},"loc":{"start":{"line":97,"column":33},"end":{"line":113,"column":3}}}},"branchMap":{"0":{"loc":{"start":{"line":30,"column":4},"end":{"line":32,"column":5}},"type":"if","locations":[{"start":{"line":30,"column":4},"end":{"line":32,"column":5}},{"start":{},"end":{}}]},"1":{"loc":{"start":{"line":35,"column":4},"end":{"line":37,"column":5}},"type":"if","locations":[{"start":{"line":35,"column":4},"end":{"line":37,"column":5}},{"start":{},"end":{}}]},"2":{"loc":{"start":{"line":44,"column":13},"end":{"line":44,"column":30}},"type":"binary-expr","locations":[{"start":{"line":44,"column":13},"end":{"line":44,"column":22}},{"start":{"line":44,"column":26},"end":{"line":44,"column":30}}]},"3":{"loc":{"start":{"line":60,"column":4},"end":{"line":62,"column":5}},"type":"if","locations":[{"start":{"line":60,"column":4},"end":{"line":62,"column":5}},{"start":{},"end":{}}]},"4":{"loc":{"start":{"line":60,"column":8},"end":{"line":60,"column":35}},"type":"binary-expr","locations":[{"start":{"line":60,"column":8},"end":{"line":60,"column":13}},{"start":{"line":60,"column":17},"end":{"line":60,"column":35}}]},"5":{"loc":{"start":{"line":63,"column":4},"end":{"line":65,"column":5}},"type":"if","locations":[{"start":{"line":63,"column":4},"end":{"line":65,"column":5}},{"start":{},"end":{}}]},"6":{"loc":{"start":{"line":68,"column":4},"end":{"line":70,"column":5}},"type":"if","locations":[{"start":{"line":68,"column":4},"end":{"line":70,"column":5}},{"start":{},"end":{}}]},"7":{"loc":{"start":{"line":90,"column":21},"end":{"line":90,"column":45}},"type":"binary-expr","locations":[{"start":{"line":90,"column":21},"end":{"line":90,"column":37}},{"start":{"line":90,"column":41},"end":{"line":90,"column":45}}]},"8":{"loc":{"start":{"line":91,"column":21},"end":{"line":91,"column":45}},"type":"binary-expr","locations":[{"start":{"line":91,"column":21},"end":{"line":91,"column":37}},{"start":{"line":91,"column":41},"end":{"line":91,"column":45}}]},"9":{"loc":{"start":{"line":92,"column":25},"end":{"line":92,"column":53}},"type":"binary-expr","locations":[{"start":{"line":92,"column":25},"end":{"line":92,"column":45}},{"start":{"line":92,"column":49},"end":{"line":92,"column":53}}]},"10":{"loc":{"start":{"line":99,"column":4},"end":{"line":101,"column":5}},"type":"if","locations":[{"start":{"line":99,"column":4},"end":{"line":101,"column":5}},{"start":{},"end":{}}]},"11":{"loc":{"start":{"line":109,"column":19},"end":{"line":109,"column":43}},"type":"binary-expr","locations":[{"start":{"line":109,"column":19},"end":{"line":109,"column":35}},{"start":{"line":109,"column":39},"end":{"line":109,"column":43}}]},"12":{"loc":{"start":{"line":110,"column":19},"end":{"line":110,"column":43}},"type":"binary-expr","locations":[{"start":{"line":110,"column":19},"end":{"line":110,"column":35}},{"start":{"line":110,"column":39},"end":{"line":110,"column":43}}]},"13":{"loc":{"start":{"line":111,"column":23},"end":{"line":111,"column":51}},"type":"binary-expr","locations":[{"start":{"line":111,"column":23},"end":{"line":111,"column":43}},{"start":{"line":111,"column":47},"end":{"line":111,"column":51}}]},"14":{"loc":{"start":{"line":22,"column":28},"end":{"line":22,"column":53}},"type":"cond-expr","locations":[{"start":{"line":22,"column":38},"end":{"line":22,"column":53}},{"start":{"line":22,"column":38},"end":{"line":22,"column":53}}]},"15":{"loc":{"start":{"line":22,"column":28},"end":{"line":22,"column":38}},"type":"binary-expr","locations":[{"start":{"line":22,"column":28},"end":{"line":22,"column":53}},{"start":{"line":22,"column":28},"end":{"line":22,"column":38}}]},"16":{"loc":{"start":{"line":22,"column":38},"end":{"line":24,"column":53}},"type":"cond-expr","locations":[{"start":{"line":24,"column":38},"end":{"line":24,"column":53}},{"start":{"line":24,"column":38},"end":{"line":24,"column":53}}]},"17":{"loc":{"start":{"line":22,"column":38},"end":{"line":24,"column":38}},"type":"binary-expr","locations":[{"start":{"line":22,"column":38},"end":{"line":24,"column":53}},{"start":{"line":24,"column":28},"end":{"line":24,"column":38}}]},"18":{"loc":{"start":{"line":24,"column":38},"end":{"line":25,"column":null}},"type":"cond-expr","locations":[{"start":{"line":25,"column":43},"end":{"line":25,"column":null}},{"start":{"line":25,"column":43},"end":{"line":25,"column":null}}]},"19":{"loc":{"start":{"line":24,"column":38},"end":{"line":25,"column":43}},"type":"binary-expr","locations":[{"start":{"line":24,"column":38},"end":{"line":25,"column":null}},{"start":{"line":25,"column":33},"end":{"line":25,"column":43}}]}},"s":{"0":1,"1":1,"2":1,"3":1,"4":1,"5":1,"6":1,"7":1,"8":1,"9":11,"10":11,"11":11,"12":3,"13":3,"14":1,"15":2,"16":2,"17":1,"18":1,"19":1,"20":1,"21":1,"22":1,"23":5,"24":5,"25":2,"26":3,"27":1,"28":2,"29":2,"30":1,"31":1,"32":2,"33":2,"34":3,"35":3,"36":1,"37":2,"38":1,"39":1},"f":{"0":11,"1":3,"2":5,"3":2,"4":3},"b":{"0":[1,2],"1":[1,1],"2":[1,0],"3":[2,3],"4":[5,4],"5":[1,2],"6":[1,1],"7":[2,2],"8":[2,2],"9":[2,2],"10":[1,2],"11":[2,1],"12":[2,1],"13":[2,1],"14":[1,0],"15":[1,1],"16":[1,0],"17":[1,1],"18":[1,0],"19":[1,1]}}
,"/Users/edenarielguzmanandia/Projects/SmartBiometricAuthenticator/backend/src/interfaces/http/auth/jwt-auth.guard.ts": {"path":"/Users/edenarielguzmanandia/Projects/SmartBiometricAuthenticator/backend/src/interfaces/http/auth/jwt-auth.guard.ts","statementMap":{"0":{"start":{"line":1,"column":0},"end":{"line":1,"column":null}},"1":{"start":{"line":7,"column":0},"end":{"line":7,"column":41}},"2":{"start":{"line":8,"column":0},"end":{"line":8,"column":41}},"3":{"start":{"line":9,"column":0},"end":{"line":9,"column":59}},"4":{"start":{"line":18,"column":7},"end":{"line":63,"column":null}},"5":{"start":{"line":20,"column":21},"end":{"line":20,"column":33}},"6":{"start":{"line":21,"column":21},"end":{"line":21,"column":32}},"7":{"start":{"line":25,"column":21},"end":{"line":28,"column":6}},"8":{"start":{"line":29,"column":4},"end":{"line":31,"column":5}},"9":{"start":{"line":30,"column":6},"end":{"line":30,"column":18}},"10":{"start":{"line":33,"column":20},"end":{"line":33,"column":null}},"11":{"start":{"line":41,"column":17},"end":{"line":41,"column":94}},"12":{"start":{"line":42,"column":19},"end":{"line":42,"column":58}},"13":{"start":{"line":43,"column":4},"end":{"line":48,"column":5}},"14":{"start":{"line":47,"column":6},"end":{"line":47,"column":18}},"15":{"start":{"line":50,"column":17},"end":{"line":50,"column":46}},"16":{"start":{"line":51,"column":4},"end":{"line":53,"column":5}},"17":{"start":{"line":52,"column":6},"end":{"line":52,"column":57}},"18":{"start":{"line":54,"column":18},"end":{"line":54,"column":31}},"19":{"start":{"line":55,"column":4},"end":{"line":61,"column":5}},"20":{"start":{"line":56,"column":22},"end":{"line":56,"column":63}},"21":{"start":{"line":57,"column":6},"end":{"line":57,"column":29}},"22":{"start":{"line":58,"column":6},"end":{"line":58,"column":18}},"23":{"start":{"line":60,"column":6},"end":{"line":60,"column":67}},"24":{"start":{"line":18,"column":13},"end":{"line":18,"column":25}},"25":{"start":{"line":18,"column":13},"end":{"line":63,"column":null}}},"fnMap":{"0":{"name":"(anonymous_2)","decl":{"start":{"line":19,"column":2},"end":{"line":19,"column":null}},"loc":{"start":{"line":21,"column":41},"end":{"line":22,"column":6}}},"1":{"name":"(anonymous_3)","decl":{"start":{"line":24,"column":2},"end":{"line":24,"column":13}},"loc":{"start":{"line":24,"column":39},"end":{"line":62,"column":3}}}},"branchMap":{"0":{"loc":{"start":{"line":29,"column":4},"end":{"line":31,"column":5}},"type":"if","locations":[{"start":{"line":29,"column":4},"end":{"line":31,"column":5}},{"start":{},"end":{}}]},"1":{"loc":{"start":{"line":41,"column":17},"end":{"line":41,"column":94}},"type":"binary-expr","locations":[{"start":{"line":41,"column":17},"end":{"line":41,"column":87}},{"start":{"line":41,"column":91},"end":{"line":41,"column":94}}]},"2":{"loc":{"start":{"line":41,"column":18},"end":{"line":41,"column":66}},"type":"binary-expr","locations":[{"start":{"line":41,"column":18},"end":{"line":41,"column":30}},{"start":{"line":41,"column":34},"end":{"line":41,"column":60}},{"start":{"line":41,"column":64},"end":{"line":41,"column":66}}]},"3":{"loc":{"start":{"line":42,"column":20},"end":{"line":42,"column":43}},"type":"binary-expr","locations":[{"start":{"line":42,"column":20},"end":{"line":42,"column":34}},{"start":{"line":42,"column":38},"end":{"line":42,"column":43}}]},"4":{"loc":{"start":{"line":43,"column":4},"end":{"line":48,"column":5}},"type":"if","locations":[{"start":{"line":43,"column":4},"end":{"line":48,"column":5}},{"start":{},"end":{}}]},"5":{"loc":{"start":{"line":44,"column":6},"end":{"line":45,"column":71}},"type":"binary-expr","locations":[{"start":{"line":44,"column":6},"end":{"line":44,"column":23}},{"start":{"line":45,"column":7},"end":{"line":45,"column":35}},{"start":{"line":45,"column":39},"end":{"line":45,"column":70}}]},"6":{"loc":{"start":{"line":51,"column":4},"end":{"line":53,"column":5}},"type":"if","locations":[{"start":{"line":51,"column":4},"end":{"line":53,"column":5}},{"start":{},"end":{}}]},"7":{"loc":{"start":{"line":20,"column":33},"end":{"line":20,"column":null}},"type":"cond-expr","locations":[{"start":{"line":20,"column":43},"end":{"line":20,"column":null}},{"start":{"line":20,"column":43},"end":{"line":20,"column":null}}]},"8":{"loc":{"start":{"line":20,"column":33},"end":{"line":20,"column":43}},"type":"binary-expr","locations":[{"start":{"line":20,"column":33},"end":{"line":20,"column":null}},{"start":{"line":20,"column":33},"end":{"line":20,"column":43}}]},"9":{"loc":{"start":{"line":20,"column":43},"end":{"line":21,"column":null}},"type":"cond-expr","locations":[{"start":{"line":21,"column":41},"end":{"line":21,"column":null}},{"start":{"line":21,"column":41},"end":{"line":21,"column":null}}]},"10":{"loc":{"start":{"line":20,"column":43},"end":{"line":21,"column":41}},"type":"binary-expr","locations":[{"start":{"line":20,"column":43},"end":{"line":21,"column":null}},{"start":{"line":21,"column":32},"end":{"line":21,"column":41}}]}},"s":{"0":1,"1":1,"2":1,"3":1,"4":1,"5":4,"6":4,"7":7,"8":7,"9":1,"10":6,"11":6,"12":6,"13":6,"14":3,"15":3,"16":3,"17":1,"18":2,"19":2,"20":2,"21":1,"22":1,"23":1,"24":1,"25":1},"f":{"0":4,"1":7},"b":{"0":[1,6],"1":[6,0],"2":[6,2,0],"3":[6,0],"4":[3,3],"5":[6,3,2],"6":[1,2],"7":[1,0],"8":[1,1],"9":[1,0],"10":[1,1]}}
,"/Users/edenarielguzmanandia/Projects/SmartBiometricAuthenticator/backend/src/interfaces/http/common/public.decorator.ts": {"path":"/Users/edenarielguzmanandia/Projects/SmartBiometricAuthenticator/backend/src/interfaces/http/common/public.decorator.ts","statementMap":{"0":{"start":{"line":1,"column":0},"end":{"line":1,"column":45}},"1":{"start":{"line":3,"column":13},"end":{"line":3,"column":40}},"2":{"start":{"line":4,"column":22},"end":{"line":4,"column":60}},"3":{"start":{"line":4,"column":28},"end":{"line":4,"column":60}},"4":{"start":{"line":4,"column":13},"end":{"line":4,"column":22}}},"fnMap":{"0":{"name":"(anonymous_0)","decl":{"start":{"line":4,"column":22},"end":{"line":4,"column":25}},"loc":{"start":{"line":4,"column":28},"end":{"line":4,"column":60}}}},"branchMap":{},"s":{"0":2,"1":2,"2":2,"3":1,"4":2},"f":{"0":1},"b":{}}
,"/Users/edenarielguzmanandia/Projects/SmartBiometricAuthenticator/backend/src/interfaces/http/users/users.service.ts": {"path":"/Users/edenarielguzmanandia/Projects/SmartBiometricAuthenticator/backend/src/interfaces/http/users/users.service.ts","statementMap":{"0":{"start":{"line":1,"column":0},"end":{"line":1,"column":null}},"1":{"start":{"line":7,"column":0},"end":{"line":7,"column":51}},"2":{"start":{"line":8,"column":0},"end":{"line":8,"column":33}},"3":{"start":{"line":9,"column":0},"end":{"line":9,"column":37}},"4":{"start":{"line":10,"column":0},"end":{"line":10,"column":70}},"5":{"start":{"line":11,"column":0},"end":{"line":11,"column":109}},"6":{"start":{"line":12,"column":0},"end":{"line":12,"column":84}},"7":{"start":{"line":13,"column":0},"end":{"line":13,"column":84}},"8":{"start":{"line":18,"column":20},"end":{"line":18,"column":22}},"9":{"start":{"line":21,"column":2},"end":{"line":21,"column":49}},"10":{"start":{"line":25,"column":7},"end":{"line":266,"column":null}},"11":{"start":{"line":28,"column":21},"end":{"line":28,"column":28}},"12":{"start":{"line":30,"column":21},"end":{"line":30,"column":28}},"13":{"start":{"line":32,"column":21},"end":{"line":32,"column":33}},"14":{"start":{"line":36,"column":4},"end":{"line":49,"column":6}},"15":{"start":{"line":60,"column":4},"end":{"line":62,"column":5}},"16":{"start":{"line":61,"column":6},"end":{"line":61,"column":16}},"17":{"start":{"line":64,"column":15},"end":{"line":69,"column":38}},"18":{"start":{"line":71,"column":4},"end":{"line":73,"column":5}},"19":{"start":{"line":72,"column":6},"end":{"line":72,"column":51}},"20":{"start":{"line":75,"column":17},"end":{"line":75,"column":35}},"21":{"start":{"line":76,"column":4},"end":{"line":76,"column":45}},"22":{"start":{"line":76,"column":27},"end":{"line":76,"column":43}},"23":{"start":{"line":80,"column":17},"end":{"line":80,"column":81}},"24":{"start":{"line":81,"column":4},"end":{"line":81,"column":68}},"25":{"start":{"line":81,"column":15},"end":{"line":81,"column":68}},"26":{"start":{"line":83,"column":4},"end":{"line":85,"column":5}},"27":{"start":{"line":84,"column":6},"end":{"line":84,"column":33}},"28":{"start":{"line":87,"column":4},"end":{"line":93,"column":5}},"29":{"start":{"line":92,"column":6},"end":{"line":92,"column":33}},"30":{"start":{"line":95,"column":4},"end":{"line":95,"column":57}},"31":{"start":{"line":103,"column":4},"end":{"line":105,"column":5}},"32":{"start":{"line":104,"column":6},"end":{"line":104,"column":75}},"33":{"start":{"line":107,"column":18},"end":{"line":107,"column":41}},"34":{"start":{"line":108,"column":16},"end":{"line":108,"column":62}},
[...]
,"column":88}},"89":{"start":{"line":190,"column":4},"end":{"line":190,"column":32}},"90":{"start":{"line":191,"column":18},"end":{"line":191,"column":82}},"91":{"start":{"line":192,"column":4},"end":{"line":192,"column":33}},"92":{"start":{"line":196,"column":4},"end":{"line":196,"column":76}},"93":{"start":{"line":200,"column":17},"end":{"line":200,"column":89}},"94":{"start":{"line":201,"column":4},"end":{"line":201,"column":68}},"95":{"start":{"line":201,"column":15},"end":{"line":201,"column":68}},"96":{"start":{"line":202,"column":4},"end":{"line":204,"column":5}},"97":{"start":{"line":203,"column":6},"end":{"line":203,"column":59}},"98":{"start":{"line":205,"column":4},"end":{"line":205,"column":16}},"99":{"start":{"line":214,"column":4},"end":{"line":216,"column":5}},"100":{"start":{"line":215,"column":6},"end":{"line":215,"column":50}},"101":{"start":{"line":217,"column":4},"end":{"line":217,"column":66}},"102":{"start":{"line":219,"column":18},"end":{"line":219,"column":70}},"103":{"start":{"line":220,"column":4},"end":{"line":231,"column":5}},"104":{"start":{"line":221,"column":6},"end":{"line":226,"column":9}},"105":{"start":{"line":228,"column":6},"end":{"line":228,"column":91}},"106":{"start":{"line":228,"column":45},"end":{"line":228,"column":91}},"107":{"start":{"line":229,"column":6},"end":{"line":229,"column":94}},"108":{"start":{"line":229,"column":46},"end":{"line":229,"column":94}},"109":{"start":{"line":230,"column":6},"end":{"line":230,"column":64}},"110":{"start":{"line":230,"column":36},"end":{"line":230,"column":64}},"111":{"start":{"line":232,"column":4},"end":{"line":232,"column":40}},"112":{"start":{"line":233,"column":4},"end":{"line":241,"column":6}},"113":{"start":{"line":245,"column":4},"end":{"line":252,"column":5}},"114":{"start":{"line":246,"column":19},"end":{"line":246,"column":70}},"115":{"start":{"line":247,"column":6},"end":{"line":247,"column":70}},"116":{"start":{"line":247,"column":17},"end":{"line":247,"column":70}},"117":{"start":{"line":248,"column":11},"end":{"line":252,"column":5}},"118":{"start":{"line":249,"column":6},"end":{"line":249,"column":68}},"119":{"start":{"line":251,"column":6},"end":{"line":251,"column":59}},"120":{"start":{"line":254,"column":20},"end":{"line":254,"column":72}},"121":{"start":{"line":255,"column":4},"end":{"line":255,"column":30}},"122":{"start":{"line":255,"column":18},"end":{"line":255,"column":30}},"123":{"start":{"line":256,"column":4},"end":{"line":264,"column":6}},"124":{"start":{"line":25,"column":13},"end":{"line":25,"column":25}},"125":{"start":{"line":25,"column":13},"end":{"line":266,"column":null}}},"fnMap":{"0":{"name":"canManageContacts","decl":{"start":{"line":20,"column":9},"end":{"line":20,"column":26}},"loc":{"start":{"line":20,"column":39},"end":{"line":22,"column":1}}},"1":{"name":"(anonymous_14)","decl":{"start":{"line":26,"column":2},"end":{"line":26,"column":null}},"loc":{"start":{"line":32,"column":70},"end":{"line":33,"column":6}}},"2":{"name":"(anonymous_15)","decl":{"start":{"line":35,"column":2},"end":{"line":35,"column":10}},"loc":{"start":{"line":35,"column":30},"end":{"line":50,"column":3}}},"3":{"name":"(anonymous_16)","decl":{"start":{"line":55,"column":2},"end":{"line":55,"column":7}},"loc":{"start":{"line":58,"column":22},"end":{"line":77,"column":3}}},"4":{"name":"(anonymous_17)","decl":{"start":{"line":76,"column":20},"end":{"line":76,"column":21}},"loc":{"start":{"line":76,"column":27},"end":{"line":76,"column":43}}},"5":{"name":"(anonymous_18)","decl":{"start":{"line":79,"column":2},"end":{"line":79,"column":7}},"loc":{"start":{"line":79,"column":70},"end":{"line":96,"column":3}}},"6":{"name":"(anonymous_19)","decl":{"start":{"line":98,"column":2},"end":{"line":98,"column":7}},"loc":{"start":{"line":101,"column":23},"end":{"line":136,"column":3}}},"7":{"name":"(anonymous_20)","decl":{"start":{"line":138,"column":2},"end":{"line":138,"column":7}},"loc":{"start":{"line":142,"column":23},"end":{"line":193,"column":3}}},"8":{"name":"(anonymous_21)","decl":{"start":{"line":195,"column":2},"end":{"line":195,"column":7}},"loc":{"start":{"line":195,"column":73},"end":{"line":197,"column":3}}},"9":{"name":"(anonymous_22)","decl":{"start":{"line":199,"column":10},"end":{"line":199,"column":15}},"loc":{"start":{"line":199,"column":81},"end":{"line":206,"column":3}}},"10":{"name":"(anonymous_23)","decl":{"start":{"line":208,"column":2},"end":{"line":208,"column":7}},"loc":{"start":{"line":212,"column":23},"end":{"line":242,"column":3}}},"11":{"name":"(anonymous_24)","decl":{"start":{"line":244,"column":2},"end":{"line":244,"column":7}},"loc":{"start":{"line":244,"column":79},"end":{"line":265,"column":3}}}},"branchMap":{"0":{"loc":{"start":{"line":21,"column":9},"end":{"line":21,"column":48}},"type":"binary-expr","locations":[{"start":{"line":21,"column":9},"end":{"line":21,"column":25}},{"start":{"line":21,"column":29},"end":{"line":21,"column":48}}]},"1":{"loc":{"start":{"line":44,"column":19},"end":{"line":44,"column":43}},"type":"binary-expr","locations":[{"start":{"line":44,"column":19},"end":{"line":44,"column":35}},{"start":{"line":44,"column":39},"end":{"line":44,"column":43}}]},"2":{"loc":{"start":{"line":45,"column":19},"end":{"line":45,"column":43}},"type":"binary-expr","locations":[{"start":{"line":45,"column":19},"end":{"line":45,"column":35}},{"start":{"line":45,"column":39},"end":{"line":45,"column":43}}]},"3":{"loc":{"start":{"line":46,"column":23},"end":{"line":46,"column":51}},"type":"binary-expr","locations":[{"start":{"line":46,"column":23},"end":{"line":46,"column":43}},{"start":{"line":46,"column":47},"end":{"line":46,"column":51}}]},"4":{"loc":{"start":{"line":58,"column":4},"end":{"line":58,"column":22}},"type":"default-arg","locations":[{"start":{"line":58,"column":17},"end":{"line":58,"column":22}}]},"5":{"loc":{"start":{"line":60,"column":4},"end":{"line":62,"column":5}},"type":"if","locations":[{"start":{"line":60,"column":4},"end":{"line":62,"column":5}},{"start":{},"end":{}}]},"6":{"loc":{"start":{"line":71,"column":4},"end":{"line":73,"column":5}},"type":"if","locations":[{"start":{"line":71,"column":4},"end":{"line":73,"column":5}},{"start":{},"end":{}}]},"7":{"loc":{"start":{"line":81,"column":4},"end":{"line":81,"column":68}},"type":"if","locations":[{"start":{"line":81,"column":4},"end":{"line":81,"column":68}},{"start":{},"end":{}}]},"8":{"loc":{"start":{"line":83,"column":4},"end":{"line":85,"column":5}},"type":"if","locations":[{"start":{"line":83,"column":4},"end":{"line":85,"column":5}},{"start":{},"end":{}}]},"9":{"loc":{"start":{"line":87,"column":4},"end":{"line":93,"column":5}},"type":"if","locations":[{"start":{"line":87,"column":4},"end":{"line":93,"column":5}},{"start":{},"end":{}}]},"10":{"loc":{"start":{"line":88,"column":6},"end":{"line":90,"column":40}},"type":"binary-expr","locations":[{"start":{"line":88,"column":6},"end":{"line":88,"column":36}},{"start":{"line":89,"column":6},"end":{"line":89,"column":37}},{"start":{"line":90,"column":6},"end":{"line":90,"column":40}}]},"11":{"loc":{"start":{"line":103,"column":4},"end":{"line":105,"column":5}},"type":"if","locations":[{"start":{"line":103,"column":4},"end":{"line":105,"column":5}},{"start":{},"end":{}}]},"12":{"loc":{"start":{"line":109,"column":4},"end":{"line":109,"column":63}},"type":"if","locations":[{"start":{"line":109,"column":4},"end":{"line":109,"column":63}},{"start":{},"end":{}}]},"13":{"loc":{"start":{"line":111,"column":21},"end":{"line":111,"column":49}},"type":"binary-expr","locations":[{"start":{"line":111,"column":21},"end":{"line":111,"column":33}},{"start":{"line":111,"column":37},"end":{"line":111,"column":49}}]},"14":{"loc":{"start":{"line":112,"column":4},"end":{"line":114,"column":5}},"type":"if","locations":[{"start":{"line":112,"column":4},"end":{"line":114,"column":5}},{"start":{},"end":{}}]},"15":{"loc":{"start":{"line":112,"column":8},"end":{"line":112,"column":60}},"type":"binary-expr","locations":[{"start":{"line":112,"column":8},"end":{"line":112,"column":33}},{"start":{"line":112,"column":37},"end":{"line":112,"column":60}}]},"16":{"loc":{"start":{"line":117,"column":4},"end":{"line":117,"column":72}},"type":"if","locations":[{"start":{"line":117,"column":4},"end":{"line":117,"column":72}},{"start":{},"end":{}}]},"17":{"loc":{"start":{"line":119,"column":25},"end":{"line":121,"column":12}},"type":"cond-expr","locations":[{"start":{"line":120,"column":8},"end":{"line":120,"column":52}},{"start":{"line":121,"column":8},"end":{"line":121,"column":12}}]},"18":{"loc":{"start":{"line":127,"column":13},"end":{"line":127,"column":30}},"type":"binary-expr","locations":[{"start":{"line":127,"column":13},"end":{"line":127,"column":22}},{"start":{"line":127,"column":26},"end":{"line":127,"column":30}}]},"19":{"loc":{"start":{"line":128,"column":20},"end":{"line":128,"column":65}},"type":"binary-expr","locations":[{"start":{"line":128,"column":20},"end":{"line":128,"column":36}},{"start":{"line":128,"column":40},"end":{"line":128,"column":65}}]},"20":{"loc":{"start":{"line":131,"column":19},"end":{"line":131,"column":67}},"type":"cond-expr","locations":[{"start":{"line":131,"column":47},"end":{"line":131,"column":60}},{"start":{"line":131,"column":63},"end":{"line":131,"column":67}}]},"21":{"loc":{"start":{"line":145,"column":4},"end":{"line":145,"column":68}},"type":"if","locations":[{"start":{"line":145,"column":4},"end":{"line":145,"column":68}},{"start":{},"end":{}}]},"22":{"loc":{"start":{"line":149,"column":6},"end":{"line":151,"column":40}},"type":"binary-expr","locations":[{"start":{"line":149,"column":6},"end":{"line":149,"column":36}},{"start":{"line":150,"column":6},"end":{"line":150,"column":37}},{"start":{"line":151,"column":6},"end":{"line":151,"column":40}}]},"23":{"loc":{"start":{"line":153,"column":4},"end":{"line":155,"column":5}},"type":"if","locations":[{"start":{"line":153,"column":4},"end":{"line":155,"column":5}},{"start":{},"end":{}}]},"24":{"loc":{"start":{"line":153,"column":8},"end":{"line":153,"column":34}},"type":"binary-expr","locations":[{"start":{"line":153,"column":8},"end":{"line":153,"column":15}},{"start":{"line":153,"column":19},"end":{"line":153,"column":34}}]},"25":{"loc":{"start":{"line":157,"column":4},"end":{"line":159,"column":5}},"type":"if","locations":[{"start":{"line":157,"column":4},"end":{"line":159,"column":5}},{"start":{},"end":{}}]},"26":{"loc":{"start":{"line":157,"column":8},"end":{"line":157,"column":75}},"type":"binary-expr","locations":[{"start":{"line":157,"column":8},"end":{"line":157,"column":14}},{"start":{"line":157,"column":18},"end":{"line":157,"column":40}},{"start":{"line":157,"column":44},"end":{"line":157,"column":75}}]},"27":{"loc":{"start":{"line":161,"column":4},"end":{"line":165,"column":5}},"type":"if","locations":[{"start":{"line":161,"column":4},"end":{"line":165,"column":5}},{"start":{},"end":{}}]},"28":{"loc":{"start":{"line":161,"column":8},"end":{"line":161,"column":59}},"type":"binary-expr","locations":[{"start":{"line":161,"column":8},"end":{"line":161,"column":17}},{"start":{"line":161,"column":21},"end":{"line":161,"column":59}}]},"29":{"loc":{"start":{"line":163,"column":6},"end":{"line":163,"column":65}},"type":"if","locations":[{"start":{"line":163,"column":6},"end":{"line":163,"column":65}},{"start":{},"end":{}}]},"30":{"loc":{"start":{"line":166,"column":4},"end":{"line":166,"column":65}},"type":"if","locations":[{"start":{"line":166,"column":4},"end":{"line":166,"column":65}},{"start":{},"end":{}}]},"31":{"loc":{"start":{"line":167,"column":4},"end":{"line":167,"column":56}},"type":"if","locations":[{"start":{"line":167,"column":4},"end":{"line":167,"column":56}},{"start":{},"end":{}}]},"32":{"loc":{"start":{"line":168,"column":4},"end":{"line":168,"column":77}},"type":"if","locations":[{"start":{"line":168,"column":4},"end":{"line":168,"column":77}},{"start":{},"end":{}}]},"33":{"loc":{"start":{"line":169,"column":4},"end":{"line":169,"column":65}},"type":"if","locations":[{"start":{"line":169,"column":4},"end":{"line":169,"column":65}},{"start":{},"end":{}}]},"34":{"loc":{"start":{"line":170,"column":4},"end":{"line":172,"column":5}},"type":"if","locations":[{"start":{"line":170,"column":4},"end":{"line":172,"column":5}},{"start":{},"end":{}}]},"35":{"loc":{"start":{"line":173,"column":4},"end":{"line":180,"column":5}},"type":"if","locations":[{"start":{"line":173,"column":4},"end":{"line":180,"column":5}},{"start":{},"end":{}}]},"36":{"loc":{"start":{"line":174,"column":6},"end":{"line":176,"column":7}},"type":"if","locations":[{"start":{"line":174,"column":6},"end":{"line":176,"column":7}},{"start":{},"end":{}}]},"37":{"loc":{"start":{"line":178,"column":6},"end":{"line":178,"column":78}},"type":"if","locations":[{"start":{"line":178,"column":6},"end":{"line":178,"column":78}},{"start":{},"end":{}}]},"38":{"loc":{"start":{"line":181,"column":4},"end":{"line":189,"column":5}},"type":"if","locations":[{"start":{"line":181,"column":4},"end":{"line":189,"column":5}},{"start":{"line":185,"column":11},"end":{"line":189,"column":5}}]},"39":{"loc":{"start":{"line":186,"column":6},"end":{"line":186,"column":76}},"type":"if","locations":[{"start":{"line":186,"column":6},"end":{"line":186,"column":76}},{"start":{},"end":{}}]},"40":{"loc":{"start":{"line":187,"column":6},"end":{"line":187,"column":76}},"type":"if","locations":[{"start":{"line":187,"column":6},"end":{"line":187,"column":76}},{"start":{},"end":{}}]},"41":{"loc":{"start":{"line":188,"column":6},"end":{"line":188,"column":88}},"type":"if","locations":[{"start":{"line":188,"column":6},"end":{"line":188,"column":88}},{"start":{},"end":{}}]},"42":{"loc":{"start":{"line":201,"column":4},"end":{"line":201,"column":68}},"type":"if","locations":[{"start":{"line":201,"column":4},"end":{"line":201,"column":68}},{"start":{},"end":{}}]},"43":{"loc":{"start":{"line":202,"column":4},"end":{"line":204,"column":5}},"type":"if","locations":[{"start":{"line":202,"column":4},"end":{"line":204,"column":5}},{"start":{},"end":{}}]},"44":{"loc":{"start":{"line":202,"column":8},"end":{"line":202,"column":77}},"type":"binary-expr","locations":[{"start":{"line":202,"column":8},"end":{"line":202,"column":39}},{"start":{"line":202,"column":43},"end":{"line":202,"column":77}}]},"45":{"loc":{"start":{"line":214,"column":4},"end":{"line":216,"column":5}},"type":"if","locations":[{"start":{"line":214,"column":4},"end":{"line":216,"column":5}},{"start":{},"end":{}}]},"46":{"loc":{"start":{"line":220,"column":4},"end":{"line":231,"column":5}},"type":"if","locations":[{"start":{"line":220,"column":4},"end":{"line":231,"column":5}},{"start":{"line":227,"column":11},"end":{"line":231,"column":5}}]},"47":{"loc":{"start":{"line":223,"column":25},"end":{"line":223,"column":52}},"type":"binary-expr","locations":[{"start":{"line":223,"column":25},"end":{"line":223,"column":44}},{"start":{"line":223,"column":48},"end":{"line":223,"column":52}}]},"48":{"loc":{"start":{"line":224,"column":26},"end":{"line":224,"column":54}},"type":"binary-expr","locations":[{"start":{"line":224,"column":26},"end":{"line":224,"column":46}},{"start":{"line":224,"column":50},"end":{"line":224,"column":54}}]},"49":{"loc":{"start":{"line":225,"column":16},"end":{"line":225,"column":39}},"type":"binary-expr","locations":[{"start":{"line":225,"column":16},"end":{"line":225,"column":26}},{"start":{"line":225,"column":30},"end":{"line":225,"column":39}}]},"50":{"loc":{"start":{"line":228,"column":6},"end":{"line":228,"column":91}},"type":"if","locations":[{"start":{"line":228,"column":6},"end":{"line":228,"column":91}},{"start":{},"end":{}}]},"51":{"loc":{"start":{"line":229,"column":6},"end":{"line":229,"column":94}},"type":"if","locations":[{"start":{"line":229,"column":6},"end":{"line":229,"column":94}},{"start":{},"end":{}}]},"52":{"loc":{"start":{"line":230,"column":6},"end":{"line":230,"column":64}},"type":"if","locations":[{"start":{"line":230,"column":6},"end":{"line":230,"column":64}},{"start":{},"end":{}}]},"53":{"loc":{"start":{"line":245,"column":4},"end":{"line":252,"column":5}},"type":"if","locations":[{"start":{"line":245,"column":4},"end":{"line":252,"column":5}},{"start":{"line":248,"column":11},"end":{"line":252,"column":5}}]},"54":{"loc":{"start":{"line":247,"column":6},"end":{"line":247,"column":70}},"type":"if","locations":[{"start":{"line":247,"column":6},"end":{"line":247,"column":70}},{"start":{},"end":{}}]},"55":{"loc":{"start":{"line":248,"column":11},"end":{"line":252,"column":5}},"type":"if","locations":[{"start":{"line":248,"column":11},"end":{"line":252,"column":5}},{"start":{"line":250,"column":11},"end":{"line":252,"column":5}}]},"56":{"loc":{"start":{"line":255,"column":4},"end":{"line":255,"column":30}},"type":"if","locations":[{"start":{"line":255,"column":4},"end":{"line":255,"column":30}},{"start":{},"end":{}}]},"57":{"loc":{"start":{"line":28,"column":28},"end":{"line":28,"column":53}},"type":"cond-expr","locations":[{"start":{"line":28,"column":38},"end":{"line":28,"column":53}},{"start":{"line":28,"column":38},"end":{"line":28,"column":53}}]},"58":{"loc":{"start":{"line":28,"column":28},"end":{"line":28,"column":38}},"type":"binary-expr","locations":[{"start":{"line":28,"column":28},"end":{"line":28,"column":53}},{"start":{"line":28,"column":28},"end":{"line":28,"column":38}}]},"59":{"loc":{"start":{"line":28,"column":38},"end":{"line":30,"column":53}},"type":"cond-expr","locations":[{"start":{"line":30,"column":38},"end":{"line":30,"column":53}},{"start":{"line":30,"column":38},"end":{"line":30,"column":53}}]},"60":{"loc":{"start":{"line":28,"column":38},"end":{"line":30,"column":38}},"type":"binary-expr","locations":[{"start":{"line":28,"column":38},"end":{"line":30,"column":53}},{"start":{"line":30,"column":28},"end":{"line":30,"column":38}}]},"61":{"loc":{"start":{"line":30,"column":38},"end":{"line":32,"column":70}},"type":"cond-expr","locations":[{"start":{"line":32,"column":43},"end":{"line":32,"column":70}},{"start":{"line":32,"column":43},"end":{"line":32,"column":70}}]},"62":{"loc":{"start":{"line":30,"column":38},"end":{"line":32,"column":43}},"type":"binary-expr","locations":[{"start":{"line":30,"column":38},"end":{"line":32,"column":70}},{"start":{"line":32,"column":33},"end":{"line":32,"column":43}}]}},"s":{"0":1,"1":1,"2":1,"3":1,"4":1,"5":1,"6":1,"7":1,"8":1,"9":23,"10":1,"11":12,"12":12,"13":12,"14":8,"15":2,"16":1,"17":1,"18":1,"19":1,"20":1,"21":1,"22":0,"23":4,"24":4,"25":1,"26":3,"27":1,"28":2,"29":1,"30":1,"31":4,"32":1,"33":3,"34":3,"35":3,"36":1,"37":2,"38":2,"39":1,"40":1,"41":1,"42":0,"43":1,"44":1,"45":1,"46":1,"47":1,"48":8,"49":8,"50":0,"51":8,"52":8,"53":8,"54":1,"55":7,"56":1,"57":6,"58":2,"59":2,"60":1,"61":1,"62":5,"63":0,"64":5,"65":0,"66":5,"67":0,"68":5,"69":1,"70":5,"71":1,"72":5,"73":2,"74":1,"75":1,"76":1,"77":0,"78":1,"79":4,"80":1,"81":1,"82":1,"83":3,"84":0,"85":3,"86":0,"87":3,"88":0,"89":4,"90":4,"91":4,"92":1,"93":4,"94":4,"95":0,"96":4,"97":1,"98":3,"99":4,"100":1,"101":3,"102":2,"103":2,"104":1,"105":1,"106":1,"107":1,"108":1,"109":1,"110":1,"111":2,"112":2,"113":3,"114":1,"115":1,"116":0,"117":2,"118":1,"119":1,"120":2,"121":2,"122":1,"123":1,"124":1,"125":1},"f":{"0":23,"1":12,"2":8,"3":2,"4":0,"5":4,"6":4,"7":8,"8":1,"9":4,"10":4,"11":3},"b":{"0":[23,10],"1":[8,2],"2":[8,2],"3":[8,2],"4":[1],"5":[1,1],"6":[1,0],"7":[1,3],"8":[1,2],"9":[1,1],"10":[2,2,2],"11":[1,3],"12":[1,2],"13":[2,1],"14":[1,1],"15":[2,1],"16":[0,1],"17":[1,0],"18":[1,1],"19":[1,0],"20":[1,0],"21":[0,8],"22":[8,7,4],"23":[1,7],"24":[8,5],"25":[1,6],"26":[7,3,1],"27":[2,4],"28":[6,2],"29":[1,1],"30":[0,5],"31":[0,5],"32":[0,5],"33":[1,4],"34":[1,4],"35":[2,3],"36":[1,1],"37":[0,1],"38":[1,3],"39":[0,3],"40":[0,3],"41":[0,3],"42":[0,4],"43":[1,3],"44":[4,4],"45":[1,3],"46":[1,1],"47":[1,0],"48":[1,1],"49":[1,0],"50":[1,0],"51":[1,0],"52":[1,0],"53":[1,2],"54":[0,1],"55":[1,1],"56":[1,1],"57":[1,0],"58":[1,1],"59":[1,0],"60":[1,1],"61":[1,0],"62":[1,1]}}
}
