TN:
SF:src/app.service.ts
FN:5,(anonymous_1)
FNF:1
FNH:1
FNDA:1,(anonymous_1)
DA:1,1
DA:4,1
DA:6,1
LF:3
LH:3
BRF:0
BRH:0
end_of_record
TN:
SF:src/application/cameras/use-cases/register-camera.usecase.ts
FN:19,(anonymous_4)
FN:25,(anonymous_5)
FN:29,(anonymous_6)
FNF:3
FNH:3
FNDA:1,(anonymous_4)
FNDA:1,(anonymous_5)
FNDA:1,(anonymous_6)
DA:1,1
DA:2,1
DA:3,1
DA:18,1
DA:21,1
DA:26,1
DA:30,1
DA:42,1
DA:43,1
LF:9
LH:9
BRF:0
BRH:0
end_of_record
TN:
SF:src/application/cameras/use-cases/update-camera.usecase.ts
FN:8,(anonymous_4)
FN:13,(anonymous_5)
FN:17,(anonymous_6)
FNF:3
FNH:3
FNDA:4,(anonymous_4)
FNDA:1,(anonymous_5)
FNDA:5,(anonymous_6)
DA:1,1
DA:7,1
DA:10,4
DA:14,1
DA:18,5
DA:19,5
DA:20,2
DA:23,3
DA:25,3
DA:26,2
DA:27,2
DA:29,3
DA:30,1
DA:32,3
DA:33,1
DA:35,3
DA:36,2
DA:37,2
DA:39,3
DA:40,1
DA:42,3
DA:43,1
DA:44,1
DA:46,3
DA:47,2
DA:50,3
DA:52,3
DA:53,2
DA:56,3
DA:57,3
LF:30
LH:30
BRDA:19,0,0,2
BRDA:19,0,1,3
BRDA:19,1,0,5
BRDA:19,1,1,4
BRDA:25,2,0,2
BRDA:25,2,1,1
BRDA:27,3,0,1
BRDA:27,3,1,1
BRDA:29,4,0,1
BRDA:29,4,1,2
BRDA:32,5,0,1
BRDA:32,5,1,2
BRDA:32,6,0,3
BRDA:32,6,1,2
BRDA:35,7,0,2
BRDA:35,7,1,1
BRDA:37,8,0,1
BRDA:37,8,1,1
BRDA:39,9,0,1
BRDA:39,9,1,2
BRDA:39,10,0,3
BRDA:39,10,1,2
BRDA:42,11,0,1
BRDA:42,11,1,2
BRDA:44,12,0,1
BRDA:44,12,1,0
BRDA:46,13,0,2
BRDA:46,13,1,1
BRDA:47,14,0,2
BRDA:47,14,1,1
BRDA:52,15,0,2
BRDA:52,15,1,1
BRF:32
BRH:31
end_of_record
TN:
SF:src/application/contacts/use-cases/create-contact.usecase.ts
FN:16,(anonymous_4)
FN:21,(anonymous_5)
FNF:2
FNH:2
FNDA:1,(anonymous_4)
FNDA:1,(anonymous_5)
DA:1,1
DA:2,1
DA:3,1
DA:15,1
DA:18,1
DA:22,1
DA:31,1
DA:33,1
LF:8
LH:8
BRF:0
BRH:0
end_of_record
TN:
SF:src/application/events/use-cases/list-latest-events.usecase.ts
FN:12,(anonymous_4)
FN:17,(anonymous_5)
FNF:2
FNH:2
FNDA:1,(anonymous_4)
FNDA:3,(anonymous_5)
DA:1,1
DA:11,1
DA:14,1
DA:18,3
DA:19,3
LF:5
LH:5
BRDA:18,0,0,1
BRDA:18,0,1,2
BRDA:18,1,0,3
BRDA:18,1,1,1
BRF:4
BRH:4
end_of_record
TN:
SF:src/domain/cameras/camera.entity.ts
FN:3,(anonymous_0)
FN:24,(anonymous_1)
FN:29,(anonymous_2)
FN:56,(anonymous_3)
FN:60,(anonymous_4)
FN:64,(anonymous_5)
FN:68,(anonymous_6)
FN:72,(anonymous_7)
FN:76,(anonymous_8)
FN:80,(anonymous_9)
FN:84,(anonymous_10)
FN:88,(anonymous_11)
FN:92,(anonymous_12)
FN:96,(anonymous_13)
FN:100,(anonymous_14)
FN:104,(anonymous_15)
FN:109,(anonymous_16)
FN:114,(anonymous_17)
FN:120,(anonymous_18)
FN:161,(anonymous_19)
FN:167,(anonymous_20)
FNF:21
FNH:21
FNDA:3,(anonymous_0)
FNDA:11,(anonymous_1)
FNDA:10,(anonymous_2)
FNDA:1,(anonymous_3)
FNDA:5,(anonymous_4)
FNDA:5,(anonymous_5)
FNDA:1,(anonymous_6)
FNDA:2,(anonymous_7)
FNDA:3,(anonymous_8)
FNDA:2,(anonymous_9)
FNDA:1,(anonymous_10)
FNDA:5,(anonymous_11)
FNDA:7,(anonymous_12)
FNDA:1,(anonymous_13)
FNDA:6,(anonymous_14)
FNDA:1,(anonymous_15)
FNDA:1,(anonymous_16)
FNDA:2,(anonymous_17)
FNDA:5,(anonymous_18)
FNDA:5,(anonymous_19)
FNDA:11,(anonymous_20)
DA:1,3
DA:3,3
DA:4,3
DA:21,3
DA:25,11
DA:26,11
DA:40,10
DA:41,10
DA:57,1
DA:61,5
DA:65,5
DA:69,1
DA:73,2
DA:77,3
DA:81,2
DA:85,1
DA:89,5
DA:93,7
DA:97,1
DA:101,6
DA:105,1
DA:106,1
DA:110,1
DA:111,1
DA:115,2
DA:116,2
DA:129,5
DA:130,5
DA:131,1
DA:132,1
DA:134,5
DA:135,1
DA:136,1
DA:138,5
DA:139,2
DA:140,2
DA:142,5
DA:143,1
DA:144,1
DA:146,5
DA:147,1
DA:148,1
DA:150,5
DA:151,1
DA:152,1
DA:154,5
DA:155,2
DA:156,2
DA:158,5
DA:162,5
DA:163,4
DA:164,4
DA:168,11
LF:53
LH:53
BRDA:3,0,0,3
BRDA:3,0,1,3
BRDA:49,1,0,10
BRDA:49,1,1,4
BRDA:115,2,0,2
BRDA:115,2,1,1
BRDA:130,3,0,1
BRDA:130,3,1,4
BRDA:134,4,0,1
BRDA:134,4,1,4
BRDA:138,5,0,2
BRDA:138,5,1,3
BRDA:142,6,0,1
BRDA:142,6,1,4
BRDA:146,7,0,1
BRDA:146,7,1,4
BRDA:150,8,0,1
BRDA:150,8,1,4
BRDA:154,9,0,2
BRDA:154,9,1,3
BRDA:158,10,0,3
BRDA:158,10,1,2
BRDA:162,11,0,1
BRDA:162,11,1,4
BRF:24
BRH:24
end_of_record
TN:
SF:src/domain/common/entity.base.ts
FN:2,(anonymous_0)
FNF:1
FNH:1
FNDA:18,(anonymous_0)
DA:1,7
DA:2,18
LF:2
LH:2
BRF:0
BRH:0
end_of_record
TN:
SF:src/domain/contacts/contact.entity.ts
FN:3,(anonymous_0)
FN:25,(anonymous_1)
FN:30,(anonymous_2)
FN:52,(anonymous_3)
FN:56,(anonymous_4)
FN:60,(anonymous_5)
FN:64,(anonymous_6)
FN:68,(anonymous_7)
FN:72,(anonymous_8)
FN:76,(anonymous_9)
FN:80,(anonymous_10)
FN:84,(anonymous_11)
FN:88,(anonymous_12)
FN:93,(anonymous_13)
FN:98,(anonymous_14)
FN:103,(anonymous_15)
FN:109,(anonymous_16)
FNF:17
FNH:17
FNDA:3,(anonymous_0)
FNDA:4,(anonymous_1)
FNDA:3,(anonymous_2)
FNDA:1,(anonymous_3)
FNDA:1,(anonymous_4)
FNDA:2,(anonymous_5)
FNDA:2,(anonymous_6)
FNDA:2,(anonymous_7)
FNDA:2,(anonymous_8)
FNDA:2,(anonymous_9)
FNDA:1,(anonymous_10)
FNDA:1,(anonymous_11)
FNDA:1,(anonymous_12)
FNDA:1,(anonymous_13)
FNDA:1,(anonymous_14)
FNDA:2,(anonymous_15)
FNDA:5,(anonymous_16)
DA:1,3
DA:3,3
DA:4,3
DA:5,3
DA:6,3
DA:7,3
DA:8,3
DA:22,3
DA:26,4
DA:27,4
DA:38,3
DA:40,3
DA:53,1
DA:57,1
DA:61,2
DA:65,2
DA:69,2
DA:73,2
DA:77,2
DA:81,1
DA:85,1
DA:89,1
DA:90,1
DA:94,1
DA:95,1
DA:99,1
DA:100,1
DA:104,2
DA:105,2
DA:106,2
DA:110,5
LF:31
LH:31
BRDA:3,0,0,3
BRDA:3,0,1,3
BRDA:44,1,0,3
BRDA:44,1,1,1
BRDA:45,2,0,3
BRDA:45,2,1,2
BRDA:104,3,0,2
BRDA:104,3,1,1
BRDA:105,4,0,2
BRDA:105,4,1,1
BRF:10
BRH:10
end_of_record
TN:
SF:src/domain/events/event.entity.ts
FN:3,(anonymous_0)
FN:24,(anonymous_1)
FN:29,(anonymous_2)
FN:46,(anonymous_3)
FN:50,(anonymous_4)
FN:54,(anonymous_5)
FN:58,(anonymous_6)
FN:62,(anonymous_7)
FN:66,(anonymous_8)
FNF:9
FNH:8
FNDA:1,(anonymous_0)
FNDA:3,(anonymous_1)
FNDA:2,(anonymous_2)
FNDA:1,(anonymous_3)
FNDA:0,(anonymous_4)
FNDA:3,(anonymous_5)
FNDA:1,(anonymous_6)
FNDA:2,(anonymous_7)
FNDA:3,(anonymous_8)
DA:1,1
DA:3,1
DA:4,1
DA:5,1
DA:6,1
DA:8,1
DA:10,1
DA:21,1
DA:25,3
DA:26,3
DA:36,2
DA:37,2
DA:47,1
DA:51,0
DA:55,3
DA:59,1
DA:63,2
DA:67,3
LF:18
LH:17
BRDA:3,0,0,1
BRDA:3,0,1,1
BRDA:39,1,0,2
BRDA:39,1,1,2
BRDA:42,2,0,2
BRDA:42,2,1,1
BRF:6
BRH:6
end_of_record
TN:
SF:src/infrastructure/cameras/digest-auth.util.ts
FN:3,md5
FN:7,parseDigestChallenge
FN:23,buildDigestAuthorizationHeader
FN:52,(anonymous_12)
FNF:4
FNH:4
FNDA:9,md5
FNDA:6,parseDigestChallenge
FNDA:5,buildDigestAuthorizationHeader
FNDA:13,(anonymous_12)
DA:1,1
DA:4,9
DA:7,1
DA:8,6
DA:9,6
DA:10,6
DA:12,6
DA:13,15
DA:14,15
DA:15,15
DA:17,6
DA:23,1
DA:30,5
DA:31,4
DA:32,4
DA:33,4
DA:34,4
DA:36,3
DA:37,3
DA:38,3
DA:40,3
DA:41,3
DA:42,3
DA:43,3
DA:46,3
DA:47,1
DA:49,2
DA:52,13
DA:53,3
DA:60,3
DA:61,1
DA:63,3
DA:64,3
LF:33
LH:33
BRDA:14,0,0,15
BRDA:14,0,1,2
BRDA:14,0,2,1
BRDA:14,0,3,0
BRDA:30,1,0,1
BRDA:30,1,1,4
BRDA:32,2,0,4
BRDA:32,2,1,0
BRDA:33,3,0,4
BRDA:33,3,1,1
BRDA:34,4,0,1
BRDA:34,4,1,3
BRDA:36,5,0,3
BRDA:36,5,1,2
BRDA:38,6,0,1
BRDA:38,6,1,2
BRDA:46,7,0,1
BRDA:46,7,1,2
BRDA:60,8,0,1
BRDA:60,8,1,2
BRDA:63,9,0,1
BRDA:63,9,1,2
BRF:22
BRH:20
end_of_record
TN:
SF:src/infrastructure/cameras/jpeg-buffer.util.ts
FN:5,extractJpegBuffer
FNF:1
FNH:1
FNDA:3,extractJpegBuffer
DA:5,1
DA:6,3
DA:7,3
DA:8,8
DA:9,2
DA:10,2
DA:13,3
DA:14,1
DA:16,2
DA:17,2
DA:18,5
DA:19,1
DA:20,1
DA:23,2
DA:24,1
DA:26,1
LF:16
LH:16
BRDA:8,0,0,2
BRDA:8,0,1,6
BRDA:8,1,0,8
BRDA:8,1,1,2
BRDA:13,2,0,1
BRDA:13,2,1,2
BRDA:18,3,0,1
BRDA:18,3,1,4
BRDA:18,4,0,5
BRDA:18,4,1,2
BRDA:23,5,0,1
BRDA:23,5,1,1
BRF:12
BRH:12
end_of_record
TN:
SF:src/interfaces/http/access/access-attempts.service.ts
FN:9,alertContactEmailDelayMs
FN:18,(anonymous_5)
FN:27,(anonymous_6)
FN:77,(anonymous_7)
FN:126,(anonymous_8)
FN:131,(anonymous_9)
FN:134,(anonymous_10)
FN:139,(anonymous_11)
FN:142,(anonymous_12)
FN:148,(anonymous_13)
FN:149,(anonymous_14)
FN:153,(anonymous_15)
FN:155,(anonymous_16)
FN:177,(anonymous_17)
FN:188,(anonymous_18)
FN:201,(anonymous_19)
FN:214,(anonymous_20)
FNF:17
FNH:17
FNDA:4,alertContactEmailDelayMs
FNDA:16,(anonymous_5)
FNDA:4,(anonymous_6)
FNDA:4,(anonymous_7)
FNDA:2,(anonymous_8)
FNDA:1,(anonymous_9)
FNDA:2,(anonymous_10)
FNDA:2,(anonymous_11)
FNDA:3,(anonymous_12)
FNDA:3,(anonymous_13)
FNDA:3,(anonymous_14)
FNDA:2,(anonymous_15)
FNDA:3,(anonymous_16)
FNDA:2,(anonymous_17)
FNDA:5,(anonymous_18)
FNDA:5,(anonymous_19)
FNDA:7,(anonymous_20)
DA:1,1
DA:2,1
DA:3,1
DA:4,1
DA:5,1
DA:6,1
DA:10,4
DA:11,4
DA:12,4
DA:13,4
DA:17,1
DA:20,16
DA:22,16
DA:24,16
DA:28,4
DA:39,4
DA:41,4
DA:42,3
DA:43,3
DA:51,3
DA:53,3
DA:61,3
DA:63,3
DA:70,1
DA:88,4
DA:89,4
DA:90,4
DA:92,4
DA:94,4
DA:98,4
DA:111,4
DA:113,4
DA:114,4
DA:115,4
DA:123,4
DA:127,2
DA:131,2
DA:135,2
DA:139,2
DA:143,3
DA:147,3
DA:148,3
DA:149,3
DA:150,3
DA:151,3
DA:152,2
DA:153,2
DA:155,3
DA:156,3
DA:158,3
DA:162,3
DA:163,3
DA:168,3
DA:178,2
DA:179,2
DA:180,1
DA:182,1
DA:183,1
DA:184,1
DA:185,1
DA:189,5
DA:202,5
DA:215,7
LF:63
LH:63
BRDA:11,0,0,0
BRDA:11,0,1,4
BRDA:11,1,0,4
BRDA:11,1,1,4
BRDA:13,2,0,1
BRDA:13,2,1,3
BRDA:13,3,0,4
BRDA:13,3,1,1
BRDA:29,4,0,4
BRDA:29,4,1,3
BRDA:30,5,0,4
BRDA:30,5,1,2
BRDA:34,6,0,1
BRDA:34,6,1,3
BRDA:34,7,0,4
BRDA:34,7,1,1
BRDA:37,8,0,1
BRDA:37,8,1,3
BRDA:41,9,0,3
BRDA:41,9,1,1
BRDA:42,10,0,2
BRDA:42,10,1,1
BRDA:46,11,0,3
BRDA:46,11,1,1
BRDA:47,12,0,3
BRDA:47,12,1,3
BRDA:58,13,0,1
BRDA:58,13,1,2
BRDA:94,14,0,1
BRDA:94,14,1,3
BRDA:94,15,0,4
BRDA:94,15,1,3
BRDA:94,15,2,2
BRDA:108,16,0,1
BRDA:108,16,1,3
BRDA:126,17,0,0
BRDA:134,18,0,0
BRDA:142,19,0,0
BRDA:151,20,0,2
BRDA:151,20,1,1
BRDA:156,21,0,2
BRDA:156,21,1,1
BRDA:158,22,0,2
BRDA:158,22,1,1
BRDA:158,23,0,3
BRDA:158,23,1,2
BRDA:162,24,0,2
BRDA:162,24,1,1
BRDA:163,25,0,2
BRDA:163,25,1,1
BRDA:164,26,0,1
BRDA:164,26,1,1
BRDA:170,27,0,3
BRDA:170,27,1,1
BRDA:179,28,0,1
BRDA:179,28,1,1
BRDA:183,29,0,1
BRDA:183,29,1,0
BRDA:195,30,0,1
BRDA:195,30,1,4
BRDA:196,31,0,1
BRDA:196,31,1,4
BRDA:209,32,0,2
BRDA:209,32,1,3
BRDA:223,33,0,7
BRDA:223,33,1,7
BRDA:224,34,0,7
BRDA:224,34,1,7
BRDA:20,35,0,1
BRDA:20,35,1,0
BRDA:20,36,0,1
BRDA:20,36,1,1
BRDA:20,37,0,1
BRDA:20,37,1,0
BRDA:20,38,0,1
BRDA:20,38,1,1
BRDA:22,39,0,1
BRDA:22,39,1,0
BRDA:22,40,0,1
BRDA:22,40,1,1
BRF:80
BRH:72
end_of_record
TN:
SF:src/interfaces/http/auth/auth.service.ts
FN:20,(anonymous_13)
FN:28,(anonymous_14)
FN:55,(anonymous_15)
FN:75,(anonymous_16)
FN:97,(anonymous_17)
FNF:5
FNH:5
FNDA:11,(anonymous_13)
FNDA:3,(anonymous_14)
FNDA:5,(anonymous_15)
FNDA:2,(anonymous_16)
FNDA:3,(anonymous_17)
DA:1,1
DA:6,1
DA:7,1
DA:8,1
DA:9,1
DA:10,1
DA:11,1
DA:16,1
DA:19,1
DA:22,11
DA:24,11
DA:25,11
DA:29,3
DA:30,3
DA:31,1
DA:34,2
DA:35,2
DA:36,1
DA:39,1
DA:40,1
DA:49,1
DA:50,1
DA:52,1
DA:56,5
DA:60,5
DA:61,2
DA:63,3
DA:64,1
DA:67,2
DA:68,2
DA:69,1
DA:72,1
DA:76,2
DA:81,2
DA:98,3
DA:99,3
DA:100,1
DA:102,2
LF:38
LH:38
BRDA:30,0,0,1
BRDA:30,0,1,2
BRDA:35,1,0,1
BRDA:35,1,1,1
BRDA:44,2,0,1
BRDA:44,2,1,0
BRDA:60,3,0,2
BRDA:60,3,1,3
BRDA:60,4,0,5
BRDA:60,4,1,4
BRDA:63,5,0,1
BRDA:63,5,1,2
BRDA:68,6,0,1
BRDA:68,6,1,1
BRDA:90,7,0,2
BRDA:90,7,1,2
BRDA:91,8,0,2
BRDA:91,8,1,2
BRDA:92,9,0,2
BRDA:92,9,1,2
BRDA:99,10,0,1
BRDA:99,10,1,2
BRDA:109,11,0,2
BRDA:109,11,1,1
BRDA:110,12,0,2
BRDA:110,12,1,1
BRDA:111,13,0,2
BRDA:111,13,1,1
BRDA:22,14,0,1
BRDA:22,14,1,0
BRDA:22,15,0,1
BRDA:22,15,1,1
BRDA:22,16,0,1
BRDA:22,16,1,0
BRDA:22,17,0,1
BRDA:22,17,1,1
BRDA:24,18,0,1
BRDA:24,18,1,0
BRDA:24,19,0,1
BRDA:24,19,1,1
BRF:40
BRH:36
end_of_record
TN:
SF:src/interfaces/http/auth/jwt-auth.guard.ts
FN:19,(anonymous_2)
FN:24,(anonymous_3)
FNF:2
FNH:2
FNDA:4,(anonymous_2)
FNDA:7,(anonymous_3)
DA:1,1
DA:7,1
DA:8,1
DA:9,1
DA:18,1
DA:20,4
DA:21,4
DA:25,7
DA:29,7
DA:30,1
DA:33,6
DA:41,6
DA:42,6
DA:43,6
DA:47,3
DA:50,3
DA:51,3
DA:52,1
DA:54,2
DA:55,2
DA:56,2
DA:57,1
DA:58,1
DA:60,1
LF:24
LH:24
BRDA:29,0,0,1
BRDA:29,0,1,6
BRDA:41,1,0,6
BRDA:41,1,1,0
BRDA:41,2,0,6
BRDA:41,2,1,2
BRDA:41,2,2,0
BRDA:42,3,0,6
BRDA:42,3,1,0
BRDA:43,4,0,3
BRDA:43,4,1,3
BRDA:44,5,0,6
BRDA:44,5,1,3
BRDA:44,5,2,2
BRDA:51,6,0,1
BRDA:51,6,1,2
BRDA:20,7,0,1
BRDA:20,7,1,0
BRDA:20,8,0,1
BRDA:20,8,1,1
BRDA:20,9,0,1
BRDA:20,9,1,0
BRDA:20,10,0,1
BRDA:20,10,1,1
BRF:24
BRH:19
end_of_record
TN:
SF:src/interfaces/http/common/public.decorator.ts
FN:4,(anonymous_0)
FNF:1
FNH:1
FNDA:1,(anonymous_0)
DA:1,2
DA:3,2
DA:4,2
LF:3
LH:3
BRF:0
BRH:0
end_of_record
TN:
SF:src/interfaces/http/users/users.service.ts
FN:20,canManageContacts
FN:26,(anonymous_14)
FN:35,(anonymous_15)
FN:55,(anonymous_16)
FN:76,(anonymous_17)
FN:79,(anonymous_18)
FN:98,(anonymous_19)
FN:138,(anonymous_20)
FN:195,(anonymous_21)
FN:199,(anonymous_22)
FN:208,(anonymous_23)
FN:244,(anonymous_24)
FNF:12
FNH:11
FNDA:23,canManageContacts
FNDA:12,(anonymous_14)
FNDA:8,(anonymous_15)
FNDA:2,(anonymous_16)
FNDA:0,(anonymous_17)
FNDA:4,(anonymous_18)
FNDA:4,(anonymous_19)
FNDA:8,(anonymous_20)
FNDA:1,(anonymous_21)
FNDA:4,(anonymous_22)
FNDA:4,(anonymous_23)
FNDA:3,(anonymous_24)
DA:1,1
DA:7,1
DA:8,1
DA:9,1
DA:10,1
DA:11,1
DA:12,1
DA:13,1
DA:18,1
DA:21,23
DA:25,1
DA:28,12
DA:30,12
DA:32,12
DA:36,8
DA:60,2
DA:61,1
DA:64,1
DA:71,1
DA:72,1
DA:75,1
DA:76,1
DA:80,4
DA:81,4
DA:83,3
DA:84,1
DA:87,2
DA:92,1
DA:95,1
DA:103,4
DA:104,1
DA:107,3
DA:108,3
DA:109,3
DA:111,2
DA:112,2
DA:113,1
DA:116,1
DA:117,1
DA:119,1
DA:123,1
DA:133,1
DA:134,1
DA:135,1
DA:144,8
DA:145,8
DA:147,8
DA:149,8
DA:153,8
DA:154,1
DA:157,7
DA:158,1
DA:161,6
DA:162,2
DA:163,2
DA:164,1
DA:166,5
DA:167,5
DA:168,5
DA:169,5
DA:170,5
DA:171,1
DA:173,5
DA:174,2
DA:175,1
DA:177,1
DA:178,1
DA:179,1
DA:181,4
DA:182,1
DA:183,1
DA:184,1
DA:186,3
DA:187,3
DA:188,3
DA:190,4
DA:191,4
DA:192,4
DA:196,1
DA:200,4
DA:201,4
DA:202,4
DA:203,1
DA:205,3
DA:214,4
DA:215,1
DA:217,3
DA:219,2
DA:220,2
DA:221,1
DA:228,1
DA:229,1
DA:230,1
DA:232,2
DA:233,2
DA:245,3
DA:246,1
DA:247,1
DA:248,2
DA:249,1
DA:251,1
DA:254,2
DA:255,2
DA:256,1
LF:104
LH:104
BRDA:21,0,0,23
BRDA:21,0,1,10
BRDA:44,1,0,8
BRDA:44,1,1,2
BRDA:45,2,0,8
BRDA:45,2,1,2
BRDA:46,3,0,8
BRDA:46,3,1,2
BRDA:58,4,0,1
BRDA:60,5,0,1
BRDA:60,5,1,1
BRDA:71,6,0,1
BRDA:71,6,1,0
BRDA:81,7,0,1
BRDA:81,7,1,3
BRDA:83,8,0,1
BRDA:83,8,1,2
BRDA:87,9,0,1
BRDA:87,9,1,1
BRDA:88,10,0,2
BRDA:88,10,1,2
BRDA:88,10,2,2
BRDA:103,11,0,1
BRDA:103,11,1,3
BRDA:109,12,0,1
BRDA:109,12,1,2
BRDA:111,13,0,2
BRDA:111,13,1,1
BRDA:112,14,0,1
BRDA:112,14,1,1
BRDA:112,15,0,2
BRDA:112,15,1,1
BRDA:117,16,0,0
BRDA:117,16,1,1
BRDA:119,17,0,1
BRDA:119,17,1,0
BRDA:127,18,0,1
BRDA:127,18,1,1
BRDA:128,19,0,1
BRDA:128,19,1,0
BRDA:131,20,0,1
BRDA:131,20,1,0
BRDA:145,21,0,0
BRDA:145,21,1,8
BRDA:149,22,0,8
BRDA:149,22,1,7
BRDA:149,22,2,4
BRDA:153,23,0,1
BRDA:153,23,1,7
BRDA:153,24,0,8
BRDA:153,24,1,5
BRDA:157,25,0,1
BRDA:157,25,1,6
BRDA:157,26,0,7
BRDA:157,26,1,3
BRDA:157,26,2,1
BRDA:161,27,0,2
BRDA:161,27,1,4
BRDA:161,28,0,6
BRDA:161,28,1,2
BRDA:163,29,0,1
BRDA:163,29,1,1
BRDA:166,30,0,0
BRDA:166,30,1,5
BRDA:167,31,0,0
BRDA:167,31,1,5
BRDA:168,32,0,0
BRDA:168,32,1,5
BRDA:169,33,0,1
BRDA:169,33,1,4
BRDA:170,34,0,1
BRDA:170,34,1,4
BRDA:173,35,0,2
BRDA:173,35,1,3
BRDA:174,36,0,1
BRDA:174,36,1,1
BRDA:178,37,0,0
BRDA:178,37,1,1
BRDA:181,38,0,1
BRDA:181,38,1,3
BRDA:186,39,0,0
BRDA:186,39,1,3
BRDA:187,40,0,0
BRDA:187,40,1,3
BRDA:188,41,0,0
BRDA:188,41,1,3
BRDA:201,42,0,0
BRDA:201,42,1,4
BRDA:202,43,0,1
BRDA:202,43,1,3
BRDA:202,44,0,4
BRDA:202,44,1,4
BRDA:214,45,0,1
BRDA:214,45,1,3
BRDA:220,46,0,1
BRDA:220,46,1,1
BRDA:223,47,0,1
BRDA:223,47,1,0
BRDA:224,48,0,1
BRDA:224,48,1,1
BRDA:225,49,0,1
BRDA:225,49,1,0
BRDA:228,50,0,1
BRDA:228,50,1,0
BRDA:229,51,0,1
BRDA:229,51,1,0
BRDA:230,52,0,1
BRDA:230,52,1,0
BRDA:245,53,0,1
BRDA:245,53,1,2
BRDA:247,54,0,0
BRDA:247,54,1,1
BRDA:248,55,0,1
BRDA:248,55,1,1
BRDA:255,56,0,1
BRDA:255,56,1,1
BRDA:28,57,0,1
BRDA:28,57,1,0
BRDA:28,58,0,1
BRDA:28,58,1,1
BRDA:28,59,0,1
BRDA:28,59,1,0
BRDA:28,60,0,1
BRDA:28,60,1,1
BRDA:30,61,0,1
BRDA:30,61,1,0
BRDA:30,62,0,1
BRDA:30,62,1,1
BRF:128
BRH:105
end_of_record
